2026-04-06 21:24:28,425 [DEBUG] verification.logtest_request | {"attempted": 5, "sample_log": {"agent": {"ip": "192.168.211.22", "name": "win10_test", "id": "004"}, "manager": {"name": "kid"}, "data": {"win": {"eventdata": {"sourceThreadId": "3956", "grantedAccess": "0x1000", "targetProcessGUID": "{81af8987-68d6-69d3-0c00-000000001100}", "targetProcessId": "668", "utcTime": "2026-04-06 13:05:23.640", "sourceUser": "NT AUTHORITY\\\\SYSTEM", "sourceProcessId": "2732", "sourceImage": "C:\\\\Program Files (x86)\\\\ossec-agent\\\\wazuh-agent.exe", "targetImage": "C:\\\\Windows\\\\system32\\\\lsass.exe", "sourceProcessGUID": "{81af8987-68d9-69d3-3100-000000001100}", "callTrace": "C:\\\\Windows\\\\SYSTEM32\\\\ntdll.dll+9dad4|C:\\\\Windows\\\\System32\\\\wow64.dll+10a15|C:\\\\Windows\\\\System32\\\\wow64.dll+90da|C:\\\\Windows\\\\System32\\\\wow64cpu.dll+17c3|C:\\\\Windows\\\\System32\\\\wow64cpu.dll+11b9|C:\\\\Windows\\\\System32\\\\wow64.dll+3989|C:\\\\Windows\\\\System32\\\\wow64.dll+337d|C:\\\\Windows\\\\SYSTEM32\\\\ntdll.dll+760b9|C:\\\\Windows\\\\SYSTEM32\\\\ntdll.dll+75ca3|C:\\\\Windows\\\\SYSTEM32\\\\ntdll.dll+75c4e|C:\\\\Windows\\\\SYSTEM32\\\\ntdll.dll+7353c(wow64)|C:\\\\Windows\\\\System32\\\\KERNELBASE.dll+173877(wow64)|C:\\\\Program Files (x86)\\\\ossec-agent\\\\sysinfo.dll+132fe(wow64)|C:\\\\Program Files (x86)\\\\ossec-agent\\\\sysinfo.dll+136b1(wow64)|C:\\\\Program Files (x86)\\\\ossec-agent\\\\sysinfo.dll+f085(wow64)|C:\\\\Program Files (x86)\\\\ossec-agent\\\\syscollector.dll+10e8d(wow64)|C:\\\\Program Files (x86)\\\\ossec-agent\\\\syscollector.dll+11129(wow64)|C:\\\\Program Files (x86)\\\\ossec-agent\\\\syscollector.dll+112de(wow64)", "targetUser": "NT AUTHORITY\\\\SYSTEM"}, "system": {"eventID": "10", "keywords": "0x8000000000000000", "providerGuid": "{5770385f-c22a-43e0-bf4c-06f5698ffbd9}", "level": "4", "channel": "Microsoft-Windows-Sysmon/Operational", "opcode": "0", "message": "\"Process accessed:\r\nRuleName: -\r\nUtcTime: 2026-04-06 13:05:23.640\r\nSourceProcessGUID: {81af8987-68d9-69d3-3100-000000001100}\r\nSourceProcessId: 2732\r\nSourceThreadId: 3956\r\nSourceImage: C:\\Program Files (x86)\\ossec-agent\\wazuh-agent.exe\r\nTargetProcessGUID: {81af8987-68d6-69d3-0c00-000000001100}\r\nTargetProcessId: 668\r\nTargetImage: C:\\Windows\\system32\\lsass.exe\r\nGrantedAccess: 0x1000\r\nCallTrace: C:\\Windows\\SYSTEM32\\ntdll.dll+9dad4|C:\\Windows\\System32\\wow64.dll+10a15|C:\\Windows\\System32\\wow64.dll+90da|C:\\Windows\\System32\\wow64cpu.dll+17c3|C:\\Windows\\System32\\wow64cpu.dll+11b9|C:\\Windows\\System32\\wow64.dll+3989|C:\\Windows\\System32\\wow64.dll+337d|C:\\Windows\\SYSTEM32\\ntdll.dll+760b9|C:\\Windows\\SYSTEM32\\ntdll.dll+75ca3|C:\\Windows\\SYSTEM32\\ntdll.dll+75c4e|C:\\Windows\\SYSTEM32\\ntdll.dll+7353c(wow64)|C:\\Windows\\System32\\KERNELBASE.dll+173877(wow64)|C:\\Program Files (x86)\\ossec-agent\\sysinfo.dll+132fe(wow64)|C:\\Program Files (x86)\\ossec-agent\\sysinfo.dll+136b1(wow64)|C:\\Program Files (x86)\\ossec-agent\\sysinfo.dll+f085(wow64)|C:\\Program Files (x86)\\ossec-agent\\syscollector.dll+10e8d(wow64)|C:\\Program Files (x86)\\ossec-agent\\syscollector.dll+11129(wow64)|C:\\Program Files (x86)\\ossec-agent\\syscollector.dll+112de(wow64)\r\nSourceUser: NT AUTHORITY\\SYSTEM\r\nTargetUser: NT AUTHORITY\\SYSTEM\"", "version": "3", "systemTime": "2026-04-06T13:05:23.6413641Z", "eventRecordID": "19085", "threadID": "4004", "computer": "DESKTOP-B8DA6QM", "task": "10", "processID": "2724", "severityValue": "INFORMATION", "providerName": "Microsoft-Windows-Sysmon"}}}, "decoder": {"name": "windows_eventchannel"}, "full_log": "{\"win\":{\"system\":{\"providerName\":\"Microsoft-Windows-Sysmon\",\"providerGuid\":\"{5770385f-c22a-43e0-bf4c-06f5698ffbd9}\",\"eventID\":\"10\",\"version\":\"3\",\"level\":\"4\",\"task\":\"10\",\"opcode\":\"0\",\"keywords\":\"0x8000000000000000\",\"systemTime\":\"2026-04-06T13:05:23.6413641Z\",\"eventRecordID\":\"19085\",\"processID\":\"2724\",\"threadID\":\"4004\",\"channel\":\"Microsoft-Windows-Sysmon/Operational\",\"computer\":\"DESKTOP-B8DA6QM\",\"severityValue\":\"INFORMATION\",\"message\":\"\\\"Process accessed:\\r\\nRuleName: -\\r\\nUtcTime: 2026-04-06 13:05:23.640\\r\\nSourceProcessGUID: {81af8987-68d9-69d3-3100-000000001100}\\r\\nSourceProcessId: 2732\\r\\nSourceThreadId: 3956\\r\\nSourceImage: C:\\\\Program Files (x86)\\\\ossec-agent\\\\wazuh-agent.exe\\r\\nTargetProcessGUID: {81af8987-68d6-69d3-0c00-000000001100}\\r\\nTargetProcessId: 668\\r\\nTargetImage: C:\\\\Windows\\\\system32\\\\lsass.exe\\r\\nGrantedAccess: 0x1000\\r\\nCallTrace: C:\\\\Windows\\\\SYSTEM32\\\\ntdll.dll+9dad4|C:\\\\Windows\\\\System32\\\\wow64.dll+10a15|C:\\\\Windows\\\\System32\\\\wow64.dll+90da|C:\\\\Windows\\\\System32\\\\wow64cpu.dll+17c3|C:\\\\Windows\\\\System32\\\\wow64cpu.dll+11b9|C:\\\\Windows\\\\System32\\\\wow64.dll+3989|C:\\\\Windows\\\\System32\\\\wow64.dll+337d|C:\\\\Windows\\\\SYSTEM32\\\\ntdll.dll+760b9|C:\\\\Windows\\\\SYSTEM32\\\\ntdll.dll+75ca3|C:\\\\Windows\\\\SYSTEM32\\\\ntdll.dll+75c4e|C:\\\\Windows\\\\SYSTEM32\\\\ntdll.dll+7353c(wow64)|C:\\\\Windows\\\\System32\\\\KERNELBASE.dll+173877(wow64)|C:\\\\Program Files (x86)\\\\ossec-agent\\\\sysinfo.dll+132fe(wow64)|C:\\\\Program Files (x86)\\\\ossec-agent\\\\sysinfo.dll+136b1(wow64)|C:\\\\Program Files (x86)\\\\ossec-agent\\\\sysinfo.dll+f085(wow64)|C:\\\\Program Files (x86)\\\\ossec-agent\\\\syscollector.dll+10e8d(wow64)|C:\\\\Program Files (x86)\\\\ossec-agent\\\\syscollector.dll+11129(wow64)|C:\\\\Program Files (x86)\\\\ossec-agent\\\\syscollector.dll+112de(wow64)\\r\\nSourceUser: NT AUTHORITY\\\\SYSTEM\\r\\nTargetUser: NT AUTHORITY\\\\SYSTEM\\\"\"},\"eventdata\":{\"utcTime\":\"2026-04-06 13:05:23.640\",\"sourceProcessGUID\":\"{81af8987-68d9-69d3-3100-000000001100}\",\"sourceProcessId\":\"2732\",\"sourceThreadId\":\"3956\",\"sourceImage\":\"C:\\\\\\\\Program Files (x86)\\\\\\\\ossec-agent\\\\\\\\wazuh-agent.exe\",\"targetProcessGUID\":\"{81af8987-68d6-69d3-0c00-000000001100}\",\"targetProcessId\":\"668\",\"targetImage\":\"C:\\\\\\\\Windows\\\\\\\\system32\\\\\\\\lsass.exe\",\"grantedAccess\":\"0x1000\",\"callTrace\":\"C:\\\\\\\\Windows\\\\\\\\SYSTEM32\\\\\\\\ntdll.dll+9dad4|C:\\\\\\\\Windows\\\\\\\\System32\\\\\\\\wow64.dll+10a15|C:\\\\\\\\Windows\\\\\\\\System32\\\\\\\\wow64.dll+90da|C:\\\\\\\\Windows\\\\\\\\System32\\\\\\\\wow64cpu.dll+17c3|C:\\\\\\\\Windows\\\\\\\\System32\\\\\\\\wow64cpu.dll+11b9|C:\\\\\\\\Windows\\\\\\\\System32\\\\\\\\wow64.dll+3989|C:\\\\\\\\Windows\\\\\\\\System32\\\\\\\\wow64.dll+337d|C:\\\\\\\\Windows\\\\\\\\SYSTEM32\\\\\\\\ntdll.dll+760b9|C:\\\\\\\\Windows\\\\\\\\SYSTEM32\\\\\\\\ntdll.dll+75ca3|C:\\\\\\\\Windows\\\\\\\\SYSTEM32\\\\\\\\ntdll.dll+75c4e|C:\\\\\\\\Windows\\\\\\\\SYSTEM32\\\\\\\\ntdll.dll+7353c(wow64)|C:\\\\\\\\Windows\\\\\\\\System32\\\\\\\\KERNELBASE.dll+173877(wow64)|C:\\\\\\\\Program Files (x86)\\\\\\\\ossec-agent\\\\\\\\sysinfo.dll+132fe(wow64)|C:\\\\\\\\Program Files (x86)\\\\\\\\ossec-agent\\\\\\\\sysinfo.dll+136b1(wow64)|C:\\\\\\\\Program Files (x86)\\\\\\\\ossec-agent\\\\\\\\sysinfo.dll+f085(wow64)|C:\\\\\\\\Program Files (x86)\\\\\\\\ossec-agent\\\\\\\\syscollector.dll+10e8d(wow64)|C:\\\\\\\\Program Files (x86)\\\\\\\\ossec-agent\\\\\\\\syscollector.dll+11129(wow64)|C:\\\\\\\\Program Files (x86)\\\\\\\\ossec-agent\\\\\\\\syscollector.dll+112de(wow64)\",\"sourceUser\":\"NT AUTHORITY\\\\\\\\SYSTEM\",\"targetUser\":\"NT AUTHORITY\\\\\\\\SYSTEM\"}}}", "input": {"type": "log"}, "@timestamp": "2026-04-06T13:05:21.464Z", "location": "EventChannel", "id": "1775480721.2978175", "timestamp": "2026-04-06T13:05:21.464+0000"}, "location": "EventChannel", "log_line": "{\"win\":{\"system\":{\"providerName\":\"Microsoft-Windows-Sysmon\",\"providerGuid\":\"{5770385f-c22a-43e0-bf4c-06f5698ffbd9}\",\"eventID\":\"10\",\"version\":\"3\",\"level\":\"4\",\"task\":\"10\",\"opcode\":\"0\",\"keywords\":\"0x8000000000000000\",\"systemTime\":\"2026-04-06T13:05:23.6413641Z\",\"eventRecordID\":\"19085\",\"processID\":\"2724\",\"threadID\":\"4004\",\"channel\":\"Microsoft-Windows-Sysmon/Operational\",\"computer\":\"DESKTOP-B8DA6QM\",\"severityValue\":\"INFORMATION\",\"message\":\"\\\"Process accessed:\\r\\nRuleName: -\\r\\nUtcTime: 2026-04-06 13:05:23.640\\r\\nSourceProcessGUID: {81af8987-68d9-69d3-3100-000000001100}\\r\\nSourceProcessId: 2732\\r\\nSourceThreadId: 3956\\r\\nSourceImage: C:\\\\Program Files (x86)\\\\ossec-agent\\\\wazuh-agent.exe\\r\\nTargetProcessGUID: {81af8987-68d6-69d3-0c00-000000001100}\\r\\nTargetProcessId: 668\\r\\nTargetImage: C:\\\\Windows\\\\system32\\\\lsass.exe\\r\\nGrantedAccess: 0x1000\\r\\nCallTrace: C:\\\\Windows\\\\SYSTEM32\\\\ntdll.dll+9dad4|C:\\\\Windows\\\\System32\\\\wow64.dll+10a15|C:\\\\Windows\\\\System32\\\\wow64.dll+90da|C:\\\\Windows\\\\System32\\\\wow64cpu.dll+17c3|C:\\\\Windows\\\\System32\\\\wow64cpu.dll+11b9|C:\\\\Windows\\\\System32\\\\wow64.dll+3989|C:\\\\Windows\\\\System32\\\\wow64.dll+337d|C:\\\\Windows\\\\SYSTEM32\\\\ntdll.dll+760b9|C:\\\\Windows\\\\SYSTEM32\\\\ntdll.dll+75ca3|C:\\\\Windows\\\\SYSTEM32\\\\ntdll.dll+75c4e|C:\\\\Windows\\\\SYSTEM32\\\\ntdll.dll+7353c(wow64)|C:\\\\Windows\\\\System32\\\\KERNELBASE.dll+173877(wow64)|C:\\\\Program Files (x86)\\\\ossec-agent\\\\sysinfo.dll+132fe(wow64)|C:\\\\Program Files (x86)\\\\ossec-agent\\\\sysinfo.dll+136b1(wow64)|C:\\\\Program Files (x86)\\\\ossec-agent\\\\sysinfo.dll+f085(wow64)|C:\\\\Program Files (x86)\\\\ossec-agent\\\\syscollector.dll+10e8d(wow64)|C:\\\\Program Files (x86)\\\\ossec-agent\\\\syscollector.dll+11129(wow64)|C:\\\\Program Files (x86)\\\\ossec-agent\\\\syscollector.dll+112de(wow64)\\r\\nSourceUser: NT AUTHORITY\\\\SYSTEM\\r\\nTargetUser: NT AUTHORITY\\\\SYSTEM\\\"\"},\"eventdata\":{\"utcTime\":\"2026-04-06 13:05:23.640\",\"sourceProcessGUID\":\"{81af8987-68d9-69d3-3100-000000001100}\",\"sourceProcessId\":\"2732\",\"sourceThreadId\":\"3956\",\"sourceImage\":\"C:\\\\\\\\Program Files (x86)\\\\\\\\ossec-agent\\\\\\\\wazuh-agent.exe\",\"targetProcessGUID\":\"{81af8987-68d6-69d3-0c00-000000001100}\",\"targetProcessId\":\"668\",\"targetImage\":\"C:\\\\\\\\Windows\\\\\\\\system32\\\\\\\\lsass.exe\",\"grantedAccess\":\"0x1000\",\"callTrace\":\"C:\\\\\\\\Windows\\\\\\\\SYSTEM32\\\\\\\\ntdll.dll+9dad4|C:\\\\\\\\Windows\\\\\\\\System32\\\\\\\\wow64.dll+10a15|C:\\\\\\\\Windows\\\\\\\\System32\\\\\\\\wow64.dll+90da|C:\\\\\\\\Windows\\\\\\\\System32\\\\\\\\wow64cpu.dll+17c3|C:\\\\\\\\Windows\\\\\\\\System32\\\\\\\\wow64cpu.dll+11b9|C:\\\\\\\\Windows\\\\\\\\System32\\\\\\\\wow64.dll+3989|C:\\\\\\\\Windows\\\\\\\\System32\\\\\\\\wow64.dll+337d|C:\\\\\\\\Windows\\\\\\\\SYSTEM32\\\\\\\\ntdll.dll+760b9|C:\\\\\\\\Windows\\\\\\\\SYSTEM32\\\\\\\\ntdll.dll+75ca3|C:\\\\\\\\Windows\\\\\\\\SYSTEM32\\\\\\\\ntdll.dll+75c4e|C:\\\\\\\\Windows\\\\\\\\SYSTEM32\\\\\\\\ntdll.dll+7353c(wow64)|C:\\\\\\\\Windows\\\\\\\\System32\\\\\\\\KERNELBASE.dll+173877(wow64)|C:\\\\\\\\Program Files (x86)\\\\\\\\ossec-agent\\\\\\\\sysinfo.dll+132fe(wow64)|C:\\\\\\\\Program Files (x86)\\\\\\\\ossec-agent\\\\\\\\sysinfo.dll+136b1(wow64)|C:\\\\\\\\Program Files (x86)\\\\\\\\ossec-agent\\\\\\\\sysinfo.dll+f085(wow64)|C:\\\\\\\\Program Files (x86)\\\\\\\\ossec-agent\\\\\\\\syscollector.dll+10e8d(wow64)|C:\\\\\\\\Program Files (x86)\\\\\\\\ossec-agent\\\\\\\\syscollector.dll+11129(wow64)|C:\\\\\\\\Program Files (x86)\\\\\\\\ossec-agent\\\\\\\\syscollector.dll+112de(wow64)\",\"sourceUser\":\"NT AUTHORITY\\\\\\\\SYSTEM\",\"targetUser\":\"NT AUTHORITY\\\\\\\\SYSTEM\"}}}"}
2026-04-06 21:24:28,519 [DEBUG] verification.logtest_response | {"attempted": 5, "response": {"title": "Bad Request", "detail": "'log_format' is a required property"}}
2026-04-06 21:24:28,519 [DEBUG] verification.logtest_request | {"attempted": 6, "sample_log": {"agent": {"ip": "192.168.211.22", "name": "win10_test", "id": "004"}, "manager": {"name": "kid"}, "data": {"win": {"eventdata": {"sourceThreadId": "6612", "grantedAccess": "0x1000", "targetProcessGUID": "{81af8987-68d6-69d3-0c00-000000001100}", "targetProcessId": "668", "utcTime": "2026-04-06 13:05:22.582", "sourceUser": "NT AUTHORITY\\\\SYSTEM", "sourceProcessId": "780", "sourceImage": "C:\\\\Windows\\\\system32\\\\svchost.exe", "targetImage": "C:\\\\Windows\\\\system32\\\\lsass.exe", "sourceProcessGUID": "{81af8987-68d7-69d3-0d00-000000001100}", "callTrace": "C:\\\\Windows\\\\SYSTEM32\\\\ntdll.dll+9dad4|C:\\\\Windows\\\\System32\\\\KERNELBASE.dll+6b226|c:\\\\windows\\\\system32\\\\lsm.dll+ed18|c:\\\\windows\\\\system32\\\\lsm.dll+e18b|c:\\\\windows\\\\system32\\\\lsm.dll+11f3e|C:\\\\Windows\\\\System32\\\\RPCRT4.dll+7d7d3|C:\\\\Windows\\\\System32\\\\RPCRT4.dll+ddeeb|C:\\\\Windows\\\\System32\\\\RPCRT4.dll+5de3c|C:\\\\Windows\\\\System32\\\\RPCRT4.dll+5a8a8|C:\\\\Windows\\\\System32\\\\RPCRT4.dll+35106|C:\\\\Windows\\\\System32\\\\RPCRT4.dll+34a58|C:\\\\Windows\\\\System32\\\\RPCRT4.dll+41c7f|C:\\\\Windows\\\\System32\\\\RPCRT4.dll+41088|C:\\\\Windows\\\\System32\\\\RPCRT4.dll+40671|C:\\\\Windows\\\\System32\\\\RPCRT4.dll+400de|C:\\\\Windows\\\\System32\\\\RPCRT4.dll+44732|C:\\\\Windows\\\\SYSTEM32\\\\ntdll.dll+20330|C:\\\\Windows\\\\SYSTEM32\\\\ntdll.dll+4d566|C:\\\\Windows\\\\System32\\\\KERNEL32.DLL+17374|C:\\\\Windows\\\\SYSTEM32\\\\ntdll.dll+4cc91", "targetUser": "NT AUTHORITY\\\\SYSTEM"}, "system": {"eventID": "10", "keywords": "0x8000000000000000", "providerGuid": "{5770385f-c22a-43e0-bf4c-06f5698ffbd9}", "level": "4", "channel": "Microsoft-Windows-Sysmon/Operational", "opcode": "0", "message": "\"Process accessed:\r\nRuleName: -\r\nUtcTime: 2026-04-06 13:05:22.582\r\nSourceProcessGUID: {81af8987-68d7-69d3-0d00-000000001100}\r\nSourceProcessId: 780\r\nSourceThreadId: 6612\r\nSourceImage: C:\\Windows\\system32\\svchost.exe\r\nTargetProcessGUID: {81af8987-68d6-69d3-0c00-000000001100}\r\nTargetProcessId: 668\r\nTargetImage: C:\\Windows\\system32\\lsass.exe\r\nGrantedAccess: 0x1000\r\nCallTrace: C:\\Windows\\SYSTEM32\\ntdll.dll+9dad4|C:\\Windows\\System32\\KERNELBASE.dll+6b226|c:\\windows\\system32\\lsm.dll+ed18|c:\\windows\\system32\\lsm.dll+e18b|c:\\windows\\system32\\lsm.dll+11f3e|C:\\Windows\\System32\\RPCRT4.dll+7d7d3|C:\\Windows\\System32\\RPCRT4.dll+ddeeb|C:\\Windows\\System32\\RPCRT4.dll+5de3c|C:\\Windows\\System32\\RPCRT4.dll+5a8a8|C:\\Windows\\System32\\RPCRT4.dll+35106|C:\\Windows\\System32\\RPCRT4.dll+34a58|C:\\Windows\\System32\\RPCRT4.dll+41c7f|C:\\Windows\\System32\\RPCRT4.dll+41088|C:\\Windows\\System32\\RPCRT4.dll+40671|C:\\Windows\\System32\\RPCRT4.dll+400de|C:\\Windows\\System32\\RPCRT4.dll+44732|C:\\Windows\\SYSTEM32\\ntdll.dll+20330|C:\\Windows\\SYSTEM32\\ntdll.dll+4d566|C:\\Windows\\System32\\KERNEL32.DLL+17374|C:\\Windows\\SYSTEM32\\ntdll.dll+4cc91\r\nSourceUser: NT AUTHORITY\\SYSTEM\r\nTargetUser: NT AUTHORITY\\SYSTEM\"", "version": "3", "systemTime": "2026-04-06T13:05:22.5975193Z", "eventRecordID": "19083", "threadID": "4004", "computer": "DESKTOP-B8DA6QM", "task": "10", "processID": "2724", "severityValue": "INFORMATION", "providerName": "Microsoft-Windows-Sysmon"}}}, "decoder": {"name": "windows_eventchannel"}, "full_log": "{\"win\":{\"system\":{\"providerName\":\"Microsoft-Windows-Sysmon\",\"providerGuid\":\"{5770385f-c22a-43e0-bf4c-06f5698ffbd9}\",\"eventID\":\"10\",\"version\":\"3\",\"level\":\"4\",\"task\":\"10\",\"opcode\":\"0\",\"keywords\":\"0x8000000000000000\",\"systemTime\":\"2026-04-06T13:05:22.5975193Z\",\"eventRecordID\":\"19083\",\"processID\":\"2724\",\"threadID\":\"4004\",\"channel\":\"Microsoft-Windows-Sysmon/Operational\",\"computer\":\"DESKTOP-B8DA6QM\",\"severityValue\":\"INFORMATION\",\"message\":\"\\\"Process accessed:\\r\\nRuleName: -\\r\\nUtcTime: 2026-04-06 13:05:22.582\\r\\nSourceProcessGUID: {81af8987-68d7-69d3-0d00-000000001100}\\r\\nSourceProcessId: 780\\r\\nSourceThreadId: 6612\\r\\nSourceImage: C:\\\\Windows\\\\system32\\\\svchost.exe\\r\\nTargetProcessGUID: {81af8987-68d6-69d3-0c00-000000001100}\\r\\nTargetProcessId: 668\\r\\nTargetImage: C:\\\\Windows\\\\system32\\\\lsass.exe\\r\\nGrantedAccess: 0x1000\\r\\nCallTrace: C:\\\\Windows\\\\SYSTEM32\\\\ntdll.dll+9dad4|C:\\\\Windows\\\\System32\\\\KERNELBASE.dll+6b226|c:\\\\windows\\\\system32\\\\lsm.dll+ed18|c:\\\\windows\\\\system32\\\\lsm.dll+e18b|c:\\\\windows\\\\system32\\\\lsm.dll+11f3e|C:\\\\Windows\\\\System32\\\\RPCRT4.dll+7d7d3|C:\\\\Windows\\\\System32\\\\RPCRT4.dll+ddeeb|C:\\\\Windows\\\\System32\\\\RPCRT4.dll+5de3c|C:\\\\Windows\\\\System32\\\\RPCRT4.dll+5a8a8|C:\\\\Windows\\\\System32\\\\RPCRT4.dll+35106|C:\\\\Windows\\\\System32\\\\RPCRT4.dll+34a58|C:\\\\Windows\\\\System32\\\\RPCRT4.dll+41c7f|C:\\\\Windows\\\\System32\\\\RPCRT4.dll+41088|C:\\\\Windows\\\\System32\\\\RPCRT4.dll+40671|C:\\\\Windows\\\\System32\\\\RPCRT4.dll+400de|C:\\\\Windows\\\\System32\\\\RPCRT4.dll+44732|C:\\\\Windows\\\\SYSTEM32\\\\ntdll.dll+20330|C:\\\\Windows\\\\SYSTEM32\\\\ntdll.dll+4d566|C:\\\\Windows\\\\System32\\\\KERNEL32.DLL+17374|C:\\\\Windows\\\\SYSTEM32\\\\ntdll.dll+4cc91\\r\\nSourceUser: NT AUTHORITY\\\\SYSTEM\\r\\nTargetUser: NT AUTHORITY\\\\SYSTEM\\\"\"},\"eventdata\":{\"utcTime\":\"2026-04-06 13:05:22.582\",\"sourceProcessGUID\":\"{81af8987-68d7-69d3-0d00-000000001100}\",\"sourceProcessId\":\"780\",\"sourceThreadId\":\"6612\",\"sourceImage\":\"C:\\\\\\\\Windows\\\\\\\\system32\\\\\\\\svchost.exe\",\"targetProcessGUID\":\"{81af8987-68d6-69d3-0c00-000000001100}\",\"targetProcessId\":\"668\",\"targetImage\":\"C:\\\\\\\\Windows\\\\\\\\system32\\\\\\\\lsass.exe\",\"grantedAccess\":\"0x1000\",\"callTrace\":\"C:\\\\\\\\Windows\\\\\\\\SYSTEM32\\\\\\\\ntdll.dll+9dad4|C:\\\\\\\\Windows\\\\\\\\System32\\\\\\\\KERNELBASE.dll+6b226|c:\\\\\\\\windows\\\\\\\\system32\\\\\\\\lsm.dll+ed18|c:\\\\\\\\windows\\\\\\\\system32\\\\\\\\lsm.dll+e18b|c:\\\\\\\\windows\\\\\\\\system32\\\\\\\\lsm.dll+11f3e|C:\\\\\\\\Windows\\\\\\\\System32\\\\\\\\RPCRT4.dll+7d7d3|C:\\\\\\\\Windows\\\\\\\\System32\\\\\\\\RPCRT4.dll+ddeeb|C:\\\\\\\\Windows\\\\\\\\System32\\\\\\\\RPCRT4.dll+5de3c|C:\\\\\\\\Windows\\\\\\\\System32\\\\\\\\RPCRT4.dll+5a8a8|C:\\\\\\\\Windows\\\\\\\\System32\\\\\\\\RPCRT4.dll+35106|C:\\\\\\\\Windows\\\\\\\\System32\\\\\\\\RPCRT4.dll+34a58|C:\\\\\\\\Windows\\\\\\\\System32\\\\\\\\RPCRT4.dll+41c7f|C:\\\\\\\\Windows\\\\\\\\System32\\\\\\\\RPCRT4.dll+41088|C:\\\\\\\\Windows\\\\\\\\System32\\\\\\\\RPCRT4.dll+40671|C:\\\\\\\\Windows\\\\\\\\System32\\\\\\\\RPCRT4.dll+400de|C:\\\\\\\\Windows\\\\\\\\System32\\\\\\\\RPCRT4.dll+44732|C:\\\\\\\\Windows\\\\\\\\SYSTEM32\\\\\\\\ntdll.dll+20330|C:\\\\\\\\Windows\\\\\\\\SYSTEM32\\\\\\\\ntdll.dll+4d566|C:\\\\\\\\Windows\\\\\\\\System32\\\\\\\\KERNEL32.DLL+17374|C:\\\\\\\\Windows\\\\\\\\SYSTEM32\\\\\\\\ntdll.dll+4cc91\",\"sourceUser\":\"NT AUTHORITY\\\\\\\\SYSTEM\",\"targetUser\":\"NT AUTHORITY\\\\\\\\SYSTEM\"}}}", "input": {"type": "log"}, "@timestamp": "2026-04-06T13:05:19.976Z", "location": "EventChannel", "id": "1775480719.2978175", "timestamp": "2026-04-06T13:05:19.976+0000"}, "location": "EventChannel", "log_line": "{\"win\":{\"system\":{\"providerName\":\"Microsoft-Windows-Sysmon\",\"providerGuid\":\"{5770385f-c22a-43e0-bf4c-06f5698ffbd9}\",\"eventID\":\"10\",\"version\":\"3\",\"level\":\"4\",\"task\":\"10\",\"opcode\":\"0\",\"keywords\":\"0x8000000000000000\",\"systemTime\":\"2026-04-06T13:05:22.5975193Z\",\"eventRecordID\":\"19083\",\"processID\":\"2724\",\"threadID\":\"4004\",\"channel\":\"Microsoft-Windows-Sysmon/Operational\",\"computer\":\"DESKTOP-B8DA6QM\",\"severityValue\":\"INFORMATION\",\"message\":\"\\\"Process accessed:\\r\\nRuleName: -\\r\\nUtcTime: 2026-04-06 13:05:22.582\\r\\nSourceProcessGUID: {81af8987-68d7-69d3-0d00-000000001100}\\r\\nSourceProcessId: 780\\r\\nSourceThreadId: 6612\\r\\nSourceImage: C:\\\\Windows\\\\system32\\\\svchost.exe\\r\\nTargetProcessGUID: {81af8987-68d6-69d3-0c00-000000001100}\\r\\nTargetProcessId: 668\\r\\nTargetImage: C:\\\\Windows\\\\system32\\\\lsass.exe\\r\\nGrantedAccess: 0x1000\\r\\nCallTrace: C:\\\\Windows\\\\SYSTEM32\\\\ntdll.dll+9dad4|C:\\\\Windows\\\\System32\\\\KERNELBASE.dll+6b226|c:\\\\windows\\\\system32\\\\lsm.dll+ed18|c:\\\\windows\\\\system32\\\\lsm.dll+e18b|c:\\\\windows\\\\system32\\\\lsm.dll+11f3e|C:\\\\Windows\\\\System32\\\\RPCRT4.dll+7d7d3|C:\\\\Windows\\\\System32\\\\RPCRT4.dll+ddeeb|C:\\\\Windows\\\\System32\\\\RPCRT4.dll+5de3c|C:\\\\Windows\\\\System32\\\\RPCRT4.dll+5a8a8|C:\\\\Windows\\\\System32\\\\RPCRT4.dll+35106|C:\\\\Windows\\\\System32\\\\RPCRT4.dll+34a58|C:\\\\Windows\\\\System32\\\\RPCRT4.dll+41c7f|C:\\\\Windows\\\\System32\\\\RPCRT4.dll+41088|C:\\\\Windows\\\\System32\\\\RPCRT4.dll+40671|C:\\\\Windows\\\\System32\\\\RPCRT4.dll+400de|C:\\\\Windows\\\\System32\\\\RPCRT4.dll+44732|C:\\\\Windows\\\\SYSTEM32\\\\ntdll.dll+20330|C:\\\\Windows\\\\SYSTEM32\\\\ntdll.dll+4d566|C:\\\\Windows\\\\System32\\\\KERNEL32.DLL+17374|C:\\\\Windows\\\\SYSTEM32\\\\ntdll.dll+4cc91\\r\\nSourceUser: NT AUTHORITY\\\\SYSTEM\\r\\nTargetUser: NT AUTHORITY\\\\SYSTEM\\\"\"},\"eventdata\":{\"utcTime\":\"2026-04-06 13:05:22.582\",\"sourceProcessGUID\":\"{81af8987-68d7-69d3-0d00-000000001100}\",\"sourceProcessId\":\"780\",\"sourceThreadId\":\"6612\",\"sourceImage\":\"C:\\\\\\\\Windows\\\\\\\\system32\\\\\\\\svchost.exe\",\"targetProcessGUID\":\"{81af8987-68d6-69d3-0c00-000000001100}\",\"targetProcessId\":\"668\",\"targetImage\":\"C:\\\\\\\\Windows\\\\\\\\system32\\\\\\\\lsass.exe\",\"grantedAccess\":\"0x1000\",\"callTrace\":\"C:\\\\\\\\Windows\\\\\\\\SYSTEM32\\\\\\\\ntdll.dll+9dad4|C:\\\\\\\\Windows\\\\\\\\System32\\\\\\\\KERNELBASE.dll+6b226|c:\\\\\\\\windows\\\\\\\\system32\\\\\\\\lsm.dll+ed18|c:\\\\\\\\windows\\\\\\\\system32\\\\\\\\lsm.dll+e18b|c:\\\\\\\\windows\\\\\\\\system32\\\\\\\\lsm.dll+11f3e|C:\\\\\\\\Windows\\\\\\\\System32\\\\\\\\RPCRT4.dll+7d7d3|C:\\\\\\\\Windows\\\\\\\\System32\\\\\\\\RPCRT4.dll+ddeeb|C:\\\\\\\\Windows\\\\\\\\System32\\\\\\\\RPCRT4.dll+5de3c|C:\\\\\\\\Windows\\\\\\\\System32\\\\\\\\RPCRT4.dll+5a8a8|C:\\\\\\\\Windows\\\\\\\\System32\\\\\\\\RPCRT4.dll+35106|C:\\\\\\\\Windows\\\\\\\\System32\\\\\\\\RPCRT4.dll+34a58|C:\\\\\\\\Windows\\\\\\\\System32\\\\\\\\RPCRT4.dll+41c7f|C:\\\\\\\\Windows\\\\\\\\System32\\\\\\\\RPCRT4.dll+41088|C:\\\\\\\\Windows\\\\\\\\System32\\\\\\\\RPCRT4.dll+40671|C:\\\\\\\\Windows\\\\\\\\System32\\\\\\\\RPCRT4.dll+400de|C:\\\\\\\\Windows\\\\\\\\System32\\\\\\\\RPCRT4.dll+44732|C:\\\\\\\\Windows\\\\\\\\SYSTEM32\\\\\\\\ntdll.dll+20330|C:\\\\\\\\Windows\\\\\\\\SYSTEM32\\\\\\\\ntdll.dll+4d566|C:\\\\\\\\Windows\\\\\\\\System32\\\\\\\\KERNEL32.DLL+17374|C:\\\\\\\\Windows\\\\\\\\SYSTEM32\\\\\\\\ntdll.dll+4cc91\",\"sourceUser\":\"NT AUTHORITY\\\\\\\\SYSTEM\",\"targetUser\":\"NT AUTHORITY\\\\\\\\SYSTEM\"}}}"}
2026-04-06 21:24:28,598 [DEBUG] verification.logtest_response | {"attempted": 6, "response": {"title": "Bad Request", "detail": "'log_format' is a required property"}}
2026-04-06 21:24:28,598 [DEBUG] verification.logtest_request | {"attempted": 7, "sample_log": {"agent": {"ip": "192.168.211.22", "name": "win10_test", "id": "004"}, "manager": {"name": "kid"}, "data": {"win": {"eventdata": {"sourceThreadId": "6612", "grantedAccess": "0x1000", "targetProcessGUID": "{81af8987-68d6-69d3-0c00-000000001100}", "targetProcessId": "668", "utcTime": "2026-04-06 13:05:22.582", "sourceUser": "NT AUTHORITY\\\\SYSTEM", "sourceProcessId": "780", "sourceImage": "C:\\\\Windows\\\\system32\\\\svchost.exe", "targetImage": "C:\\\\Windows\\\\system32\\\\lsass.exe", "sourceProcessGUID": "{81af8987-68d7-69d3-0d00-000000001100}", "callTrace": "C:\\\\Windows\\\\SYSTEM32\\\\ntdll.dll+9dad4|C:\\\\Windows\\\\System32\\\\KERNELBASE.dll+6b226|c:\\\\windows\\\\system32\\\\lsm.dll+ed18|c:\\\\windows\\\\system32\\\\lsm.dll+11e38|C:\\\\Windows\\\\System32\\\\RPCRT4.dll+7d7d3|C:\\\\Windows\\\\System32\\\\RPCRT4.dll+ddeeb|C:\\\\Windows\\\\System32\\\\RPCRT4.dll+5de3c|C:\\\\Windows\\\\System32\\\\RPCRT4.dll+5a8a8|C:\\\\Windows\\\\System32\\\\RPCRT4.dll+35106|C:\\\\Windows\\\\System32\\\\RPCRT4.dll+34a58|C:\\\\Windows\\\\System32\\\\RPCRT4.dll+41c7f|C:\\\\Windows\\\\System32\\\\RPCRT4.dll+41088|C:\\\\Windows\\\\System32\\\\RPCRT4.dll+40671|C:\\\\Windows\\\\System32\\\\RPCRT4.dll+400de|C:\\\\Windows\\\\System32\\\\RPCRT4.dll+44732|C:\\\\Windows\\\\SYSTEM32\\\\ntdll.dll+20330|C:\\\\Windows\\\\SYSTEM32\\\\ntdll.dll+4d566|C:\\\\Windows\\\\System32\\\\KERNEL32.DLL+17374|C:\\\\Windows\\\\SYSTEM32\\\\ntdll.dll+4cc91", "targetUser": "NT AUTHORITY\\\\SYSTEM"}, "system": {"eventID": "10", "keywords": "0x8000000000000000", "providerGuid": "{5770385f-c22a-43e0-bf4c-06f5698ffbd9}", "level": "4", "channel": "Microsoft-Windows-Sysmon/Operational", "opcode": "0", "message": "\"Process accessed:\r\nRuleName: -\r\nUtcTime: 2026-04-06 13:05:22.582\r\nSourceProcessGUID: {81af8987-68d7-69d3-0d00-000000001100}\r\nSourceProcessId: 780\r\nSourceThreadId: 6612\r\nSourceImage: C:\\Windows\\system32\\svchost.exe\r\nTargetProcessGUID: {81af8987-68d6-69d3-0c00-000000001100}\r\nTargetProcessId: 668\r\nTargetImage: C:\\Windows\\system32\\lsass.exe\r\nGrantedAccess: 0x1000\r\nCallTrace: C:\\Windows\\SYSTEM32\\ntdll.dll+9dad4|C:\\Windows\\System32\\KERNELBASE.dll+6b226|c:\\windows\\system32\\lsm.dll+ed18|c:\\windows\\system32\\lsm.dll+11e38|C:\\Windows\\System32\\RPCRT4.dll+7d7d3|C:\\Windows\\System32\\RPCRT4.dll+ddeeb|C:\\Windows\\System32\\RPCRT4.dll+5de3c|C:\\Windows\\System32\\RPCRT4.dll+5a8a8|C:\\Windows\\System32\\RPCRT4.dll+35106|C:\\Windows\\System32\\RPCRT4.dll+34a58|C:\\Windows\\System32\\RPCRT4.dll+41c7f|C:\\Windows\\System32\\RPCRT4.dll+41088|C:\\Windows\\System32\\RPCRT4.dll+40671|C:\\Windows\\System32\\RPCRT4.dll+400de|C:\\Windows\\System32\\RPCRT4.dll+44732|C:\\Windows\\SYSTEM32\\ntdll.dll+20330|C:\\Windows\\SYSTEM32\\ntdll.dll+4d566|C:\\Windows\\System32\\KERNEL32.DLL+17374|C:\\Windows\\SYSTEM32\\ntdll.dll+4cc91\r\nSourceUser: NT AUTHORITY\\SYSTEM\r\nTargetUser: NT AUTHORITY\\SYSTEM\"", "version": "3", "systemTime": "2026-04-06T13:05:22.5974793Z", "eventRecordID": "19082", "threadID": "4004", "computer": "DESKTOP-B8DA6QM", "task": "10", "processID": "2724", "severityValue": "INFORMATION", "providerName": "Microsoft-Windows-Sysmon"}}}, "decoder": {"name": "windows_eventchannel"}, "full_log": "{\"win\":{\"system\":{\"providerName\":\"Microsoft-Windows-Sysmon\",\"providerGuid\":\"{5770385f-c22a-43e0-bf4c-06f5698ffbd9}\",\"eventID\":\"10\",\"version\":\"3\",\"level\":\"4\",\"task\":\"10\",\"opcode\":\"0\",\"keywords\":\"0x8000000000000000\",\"systemTime\":\"2026-04-06T13:05:22.5974793Z\",\"eventRecordID\":\"19082\",\"processID\":\"2724\",\"threadID\":\"4004\",\"channel\":\"Microsoft-Windows-Sysmon/Operational\",\"computer\":\"DESKTOP-B8DA6QM\",\"severityValue\":\"INFORMATION\",\"message\":\"\\\"Process accessed:\\r\\nRuleName: -\\r\\nUtcTime: 2026-04-06 13:05:22.582\\r\\nSourceProcessGUID: {81af8987-68d7-69d3-0d00-000000001100}\\r\\nSourceProcessId: 780\\r\\nSourceThreadId: 6612\\r\\nSourceImage: C:\\\\Windows\\\\system32\\\\svchost.exe\\r\\nTargetProcessGUID: {81af8987-68d6-69d3-0c00-000000001100}\\r\\nTargetProcessId: 668\\r\\nTargetImage: C:\\\\Windows\\\\system32\\\\lsass.exe\\r\\nGrantedAccess: 0x1000\\r\\nCallTrace: C:\\\\Windows\\\\SYSTEM32\\\\ntdll.dll+9dad4|C:\\\\Windows\\\\System32\\\\KERNELBASE.dll+6b226|c:\\\\windows\\\\system32\\\\lsm.dll+ed18|c:\\\\windows\\\\system32\\\\lsm.dll+11e38|C:\\\\Windows\\\\System32\\\\RPCRT4.dll+7d7d3|C:\\\\Windows\\\\System32\\\\RPCRT4.dll+ddeeb|C:\\\\Windows\\\\System32\\\\RPCRT4.dll+5de3c|C:\\\\Windows\\\\System32\\\\RPCRT4.dll+5a8a8|C:\\\\Windows\\\\System32\\\\RPCRT4.dll+35106|C:\\\\Windows\\\\System32\\\\RPCRT4.dll+34a58|C:\\\\Windows\\\\System32\\\\RPCRT4.dll+41c7f|C:\\\\Windows\\\\System32\\\\RPCRT4.dll+41088|C:\\\\Windows\\\\System32\\\\RPCRT4.dll+40671|C:\\\\Windows\\\\System32\\\\RPCRT4.dll+400de|C:\\\\Windows\\\\System32\\\\RPCRT4.dll+44732|C:\\\\Windows\\\\SYSTEM32\\\\ntdll.dll+20330|C:\\\\Windows\\\\SYSTEM32\\\\ntdll.dll+4d566|C:\\\\Windows\\\\System32\\\\KERNEL32.DLL+17374|C:\\\\Windows\\\\SYSTEM32\\\\ntdll.dll+4cc91\\r\\nSourceUser: NT AUTHORITY\\\\SYSTEM\\r\\nTargetUser: NT AUTHORITY\\\\SYSTEM\\\"\"},\"eventdata\":{\"utcTime\":\"2026-04-06 13:05:22.582\",\"sourceProcessGUID\":\"{81af8987-68d7-69d3-0d00-000000001100}\",\"sourceProcessId\":\"780\",\"sourceThreadId\":\"6612\",\"sourceImage\":\"C:\\\\\\\\Windows\\\\\\\\system32\\\\\\\\svchost.exe\",\"targetProcessGUID\":\"{81af8987-68d6-69d3-0c00-000000001100}\",\"targetProcessId\":\"668\",\"targetImage\":\"C:\\\\\\\\Windows\\\\\\\\system32\\\\\\\\lsass.exe\",\"grantedAccess\":\"0x1000\",\"callTrace\":\"C:\\\\\\\\Windows\\\\\\\\SYSTEM32\\\\\\\\ntdll.dll+9dad4|C:\\\\\\\\Windows\\\\\\\\System32\\\\\\\\KERNELBASE.dll+6b226|c:\\\\\\\\windows\\\\\\\\system32\\\\\\\\lsm.dll+ed18|c:\\\\\\\\windows\\\\\\\\system32\\\\\\\\lsm.dll+11e38|C:\\\\\\\\Windows\\\\\\\\System32\\\\\\\\RPCRT4.dll+7d7d3|C:\\\\\\\\Windows\\\\\\\\System32\\\\\\\\RPCRT4.dll+ddeeb|C:\\\\\\\\Windows\\\\\\\\System32\\\\\\\\RPCRT4.dll+5de3c|C:\\\\\\\\Windows\\\\\\\\System32\\\\\\\\RPCRT4.dll+5a8a8|C:\\\\\\\\Windows\\\\\\\\System32\\\\\\\\RPCRT4.dll+35106|C:\\\\\\\\Windows\\\\\\\\System32\\\\\\\\RPCRT4.dll+34a58|C:\\\\\\\\Windows\\\\\\\\System32\\\\\\\\RPCRT4.dll+41c7f|C:\\\\\\\\Windows\\\\\\\\System32\\\\\\\\RPCRT4.dll+41088|C:\\\\\\\\Windows\\\\\\\\System32\\\\\\\\RPCRT4.dll+40671|C:\\\\\\\\Windows\\\\\\\\System32\\\\\\\\RPCRT4.dll+400de|C:\\\\\\\\Windows\\\\\\\\System32\\\\\\\\RPCRT4.dll+44732|C:\\\\\\\\Windows\\\\\\\\SYSTEM32\\\\\\\\ntdll.dll+20330|C:\\\\\\\\Windows\\\\\\\\SYSTEM32\\\\\\\\ntdll.dll+4d566|C:\\\\\\\\Windows\\\\\\\\System32\\\\\\\\KERNEL32.DLL+17374|C:\\\\\\\\Windows\\\\\\\\SYSTEM32\\\\\\\\ntdll.dll+4cc91\",\"sourceUser\":\"NT AUTHORITY\\\\\\\\SYSTEM\",\"targetUser\":\"NT AUTHORITY\\\\\\\\SYSTEM\"}}}", "input": {"type": "log"}, "@timestamp": "2026-04-06T13:05:19.960Z", "location": "EventChannel", "id": "1775480719.2978175", "timestamp": "2026-04-06T13:05:19.960+0000"}, "location": "EventChannel", "log_line": "{\"win\":{\"system\":{\"providerName\":\"Microsoft-Windows-Sysmon\",\"providerGuid\":\"{5770385f-c22a-43e0-bf4c-06f5698ffbd9}\",\"eventID\":\"10\",\"version\":\"3\",\"level\":\"4\",\"task\":\"10\",\"opcode\":\"0\",\"keywords\":\"0x8000000000000000\",\"systemTime\":\"2026-04-06T13:05:22.5974793Z\",\"eventRecordID\":\"19082\",\"processID\":\"2724\",\"threadID\":\"4004\",\"channel\":\"Microsoft-Windows-Sysmon/Operational\",\"computer\":\"DESKTOP-B8DA6QM\",\"severityValue\":\"INFORMATION\",\"message\":\"\\\"Process accessed:\\r\\nRuleName: -\\r\\nUtcTime: 2026-04-06 13:05:22.582\\r\\nSourceProcessGUID: {81af8987-68d7-69d3-0d00-000000001100}\\r\\nSourceProcessId: 780\\r\\nSourceThreadId: 6612\\r\\nSourceImage: C:\\\\Windows\\\\system32\\\\svchost.exe\\r\\nTargetProcessGUID: {81af8987-68d6-69d3-0c00-000000001100}\\r\\nTargetProcessId: 668\\r\\nTargetImage: C:\\\\Windows\\\\system32\\\\lsass.exe\\r\\nGrantedAccess: 0x1000\\r\\nCallTrace: C:\\\\Windows\\\\SYSTEM32\\\\ntdll.dll+9dad4|C:\\\\Windows\\\\System32\\\\KERNELBASE.dll+6b226|c:\\\\windows\\\\system32\\\\lsm.dll+ed18|c:\\\\windows\\\\system32\\\\lsm.dll+11e38|C:\\\\Windows\\\\System32\\\\RPCRT4.dll+7d7d3|C:\\\\Windows\\\\System32\\\\RPCRT4.dll+ddeeb|C:\\\\Windows\\\\System32\\\\RPCRT4.dll+5de3c|C:\\\\Windows\\\\System32\\\\RPCRT4.dll+5a8a8|C:\\\\Windows\\\\System32\\\\RPCRT4.dll+35106|C:\\\\Windows\\\\System32\\\\RPCRT4.dll+34a58|C:\\\\Windows\\\\System32\\\\RPCRT4.dll+41c7f|C:\\\\Windows\\\\System32\\\\RPCRT4.dll+41088|C:\\\\Windows\\\\System32\\\\RPCRT4.dll+40671|C:\\\\Windows\\\\System32\\\\RPCRT4.dll+400de|C:\\\\Windows\\\\System32\\\\RPCRT4.dll+44732|C:\\\\Windows\\\\SYSTEM32\\\\ntdll.dll+20330|C:\\\\Windows\\\\SYSTEM32\\\\ntdll.dll+4d566|C:\\\\Windows\\\\System32\\\\KERNEL32.DLL+17374|C:\\\\Windows\\\\SYSTEM32\\\\ntdll.dll+4cc91\\r\\nSourceUser: NT AUTHORITY\\\\SYSTEM\\r\\nTargetUser: NT AUTHORITY\\\\SYSTEM\\\"\"},\"eventdata\":{\"utcTime\":\"2026-04-06 13:05:22.582\",\"sourceProcessGUID\":\"{81af8987-68d7-69d3-0d00-000000001100}\",\"sourceProcessId\":\"780\",\"sourceThreadId\":\"6612\",\"sourceImage\":\"C:\\\\\\\\Windows\\\\\\\\system32\\\\\\\\svchost.exe\",\"targetProcessGUID\":\"{81af8987-68d6-69d3-0c00-000000001100}\",\"targetProcessId\":\"668\",\"targetImage\":\"C:\\\\\\\\Windows\\\\\\\\system32\\\\\\\\lsass.exe\",\"grantedAccess\":\"0x1000\",\"callTrace\":\"C:\\\\\\\\Windows\\\\\\\\SYSTEM32\\\\\\\\ntdll.dll+9dad4|C:\\\\\\\\Windows\\\\\\\\System32\\\\\\\\KERNELBASE.dll+6b226|c:\\\\\\\\windows\\\\\\\\system32\\\\\\\\lsm.dll+ed18|c:\\\\\\\\windows\\\\\\\\system32\\\\\\\\lsm.dll+11e38|C:\\\\\\\\Windows\\\\\\\\System32\\\\\\\\RPCRT4.dll+7d7d3|C:\\\\\\\\Windows\\\\\\\\System32\\\\\\\\RPCRT4.dll+ddeeb|C:\\\\\\\\Windows\\\\\\\\System32\\\\\\\\RPCRT4.dll+5de3c|C:\\\\\\\\Windows\\\\\\\\System32\\\\\\\\RPCRT4.dll+5a8a8|C:\\\\\\\\Windows\\\\\\\\System32\\\\\\\\RPCRT4.dll+35106|C:\\\\\\\\Windows\\\\\\\\System32\\\\\\\\RPCRT4.dll+34a58|C:\\\\\\\\Windows\\\\\\\\System32\\\\\\\\RPCRT4.dll+41c7f|C:\\\\\\\\Windows\\\\\\\\System32\\\\\\\\RPCRT4.dll+41088|C:\\\\\\\\Windows\\\\\\\\System32\\\\\\\\RPCRT4.dll+40671|C:\\\\\\\\Windows\\\\\\\\System32\\\\\\\\RPCRT4.dll+400de|C:\\\\\\\\Windows\\\\\\\\System32\\\\\\\\RPCRT4.dll+44732|C:\\\\\\\\Windows\\\\\\\\SYSTEM32\\\\\\\\ntdll.dll+20330|C:\\\\\\\\Windows\\\\\\\\SYSTEM32\\\\\\\\ntdll.dll+4d566|C:\\\\\\\\Windows\\\\\\\\System32\\\\\\\\KERNEL32.DLL+17374|C:\\\\\\\\Windows\\\\\\\\SYSTEM32\\\\\\\\ntdll.dll+4cc91\",\"sourceUser\":\"NT AUTHORITY\\\\\\\\SYSTEM\",\"targetUser\":\"NT AUTHORITY\\\\\\\\SYSTEM\"}}}"}
2026-04-06 21:24:28,679 [DEBUG] verification.logtest_response | {"attempted": 7, "response": {"title": "Bad Request", "detail": "'log_format' is a required property"}}
2026-04-06 21:24:28,680 [DEBUG] verification.logtest_request | {"attempted": 8, "sample_log": {"agent": {"ip": "192.168.211.22", "name": "win10_test", "id": "004"}, "manager": {"name": "kid"}, "data": {"win": {"eventdata": {"sourceThreadId": "6304", "grantedAccess": "0x1000", "targetProcessGUID": "{81af8987-68d6-69d3-0c00-000000001100}", "targetProcessId": "668", "utcTime": "2026-04-06 13:05:22.082", "sourceUser": "NT AUTHORITY\\\\SYSTEM", "sourceProcessId": "780", "sourceImage": "C:\\\\Windows\\\\system32\\\\svchost.exe", "targetImage": "C:\\\\Windows\\\\system32\\\\lsass.exe", "sourceProcessGUID": "{81af8987-68d7-69d3-0d00-000000001100}", "callTrace": "C:\\\\Windows\\\\SYSTEM32\\\\ntdll.dll+9dad4|C:\\\\Windows\\\\System32\\\\KERNELBASE.dll+6b226|c:\\\\windows\\\\system32\\\\lsm.dll+ed18|c:\\\\windows\\\\system32\\\\lsm.dll+e18b|c:\\\\windows\\\\system32\\\\lsm.dll+11f3e|C:\\\\Windows\\\\System32\\\\RPCRT4.dll+7d7d3|C:\\\\Windows\\\\System32\\\\RPCRT4.dll+ddeeb|C:\\\\Windows\\\\System32\\\\RPCRT4.dll+5de3c|C:\\\\Windows\\\\System32\\\\RPCRT4.dll+5a8a8|C:\\\\Windows\\\\System32\\\\RPCRT4.dll+35106|C:\\\\Windows\\\\System32\\\\RPCRT4.dll+34a58|C:\\\\Windows\\\\System32\\\\RPCRT4.dll+41c7f|C:\\\\Windows\\\\System32\\\\RPCRT4.dll+41088|C:\\\\Windows\\\\System32\\\\RPCRT4.dll+40671|C:\\\\Windows\\\\System32\\\\RPCRT4.dll+400de|C:\\\\Windows\\\\System32\\\\RPCRT4.dll+44732|C:\\\\Windows\\\\SYSTEM32\\\\ntdll.dll+20330|C:\\\\Windows\\\\SYSTEM32\\\\ntdll.dll+4d566|C:\\\\Windows\\\\System32\\\\KERNEL32.DLL+17374|C:\\\\Windows\\\\SYSTEM32\\\\ntdll.dll+4cc91", "targetUser": "NT AUTHORITY\\\\SYSTEM"}, "system": {"eventID": "10", "keywords": "0x8000000000000000", "providerGuid": "{5770385f-c22a-43e0-bf4c-06f5698ffbd9}", "level": "4", "channel": "Microsoft-Windows-Sysmon/Operational", "opcode": "0", "message": "\"Process accessed:\r\nRuleName: -\r\nUtcTime: 2026-04-06 13:05:22.082\r\nSourceProcessGUID: {81af8987-68d7-69d3-0d00-000000001100}\r\nSourceProcessId: 780\r\nSourceThreadId: 6304\r\nSourceImage: C:\\Windows\\system32\\svchost.exe\r\nTargetProcessGUID: {81af8987-68d6-69d3-0c00-000000001100}\r\nTargetProcessId: 668\r\nTargetImage: C:\\Windows\\system32\\lsass.exe\r\nGrantedAccess: 0x1000\r\nCallTrace: C:\\Windows\\SYSTEM32\\ntdll.dll+9dad4|C:\\Windows\\System32\\KERNELBASE.dll+6b226|c:\\windows\\system32\\lsm.dll+ed18|c:\\windows\\system32\\lsm.dll+e18b|c:\\windows\\system32\\lsm.dll+11f3e|C:\\Windows\\System32\\RPCRT4.dll+7d7d3|C:\\Windows\\System32\\RPCRT4.dll+ddeeb|C:\\Windows\\System32\\RPCRT4.dll+5de3c|C:\\Windows\\System32\\RPCRT4.dll+5a8a8|C:\\Windows\\System32\\RPCRT4.dll+35106|C:\\Windows\\System32\\RPCRT4.dll+34a58|C:\\Windows\\System32\\RPCRT4.dll+41c7f|C:\\Windows\\System32\\RPCRT4.dll+41088|C:\\Windows\\System32\\RPCRT4.dll+40671|C:\\Windows\\System32\\RPCRT4.dll+400de|C:\\Windows\\System32\\RPCRT4.dll+44732|C:\\Windows\\SYSTEM32\\ntdll.dll+20330|C:\\Windows\\SYSTEM32\\ntdll.dll+4d566|C:\\Windows\\System32\\KERNEL32.DLL+17374|C:\\Windows\\SYSTEM32\\ntdll.dll+4cc91\r\nSourceUser: NT AUTHORITY\\SYSTEM\r\nTargetUser: NT AUTHORITY\\SYSTEM\"", "version": "3", "systemTime": "2026-04-06T13:05:22.0876508Z", "eventRecordID": "19081", "threadID": "4004", "computer": "DESKTOP-B8DA6QM", "task": "10", "processID": "2724", "severityValue": "INFORMATION", "providerName": "Microsoft-Windows-Sysmon"}}}, "decoder": {"name": "windows_eventchannel"}, "full_log": "{\"win\":{\"system\":{\"providerName\":\"Microsoft-Windows-Sysmon\",\"providerGuid\":\"{5770385f-c22a-43e0-bf4c-06f5698ffbd9}\",\"eventID\":\"10\",\"version\":\"3\",\"level\":\"4\",\"task\":\"10\",\"opcode\":\"0\",\"keywords\":\"0x8000000000000000\",\"systemTime\":\"2026-04-06T13:05:22.0876508Z\",\"eventRecordID\":\"19081\",\"processID\":\"2724\",\"threadID\":\"4004\",\"channel\":\"Microsoft-Windows-Sysmon/Operational\",\"computer\":\"DESKTOP-B8DA6QM\",\"severityValue\":\"INFORMATION\",\"message\":\"\\\"Process accessed:\\r\\nRuleName: -\\r\\nUtcTime: 2026-04-06 13:05:22.082\\r\\nSourceProcessGUID: {81af8987-68d7-69d3-0d00-000000001100}\\r\\nSourceProcessId: 780\\r\\nSourceThreadId: 6304\\r\\nSourceImage: C:\\\\Windows\\\\system32\\\\svchost.exe\\r\\nTargetProcessGUID: {81af8987-68d6-69d3-0c00-000000001100}\\r\\nTargetProcessId: 668\\r\\nTargetImage: C:\\\\Windows\\\\system32\\\\lsass.exe\\r\\nGrantedAccess: 0x1000\\r\\nCallTrace: C:\\\\Windows\\\\SYSTEM32\\\\ntdll.dll+9dad4|C:\\\\Windows\\\\System32\\\\KERNELBASE.dll+6b226|c:\\\\windows\\\\system32\\\\lsm.dll+ed18|c:\\\\windows\\\\system32\\\\lsm.dll+e18b|c:\\\\windows\\\\system32\\\\lsm.dll+11f3e|C:\\\\Windows\\\\System32\\\\RPCRT4.dll+7d7d3|C:\\\\Windows\\\\System32\\\\RPCRT4.dll+ddeeb|C:\\\\Windows\\\\System32\\\\RPCRT4.dll+5de3c|C:\\\\Windows\\\\System32\\\\RPCRT4.dll+5a8a8|C:\\\\Windows\\\\System32\\\\RPCRT4.dll+35106|C:\\\\Windows\\\\System32\\\\RPCRT4.dll+34a58|C:\\\\Windows\\\\System32\\\\RPCRT4.dll+41c7f|C:\\\\Windows\\\\System32\\\\RPCRT4.dll+41088|C:\\\\Windows\\\\System32\\\\RPCRT4.dll+40671|C:\\\\Windows\\\\System32\\\\RPCRT4.dll+400de|C:\\\\Windows\\\\System32\\\\RPCRT4.dll+44732|C:\\\\Windows\\\\SYSTEM32\\\\ntdll.dll+20330|C:\\\\Windows\\\\SYSTEM32\\\\ntdll.dll+4d566|C:\\\\Windows\\\\System32\\\\KERNEL32.DLL+17374|C:\\\\Windows\\\\SYSTEM32\\\\ntdll.dll+4cc91\\r\\nSourceUser: NT AUTHORITY\\\\SYSTEM\\r\\nTargetUser: NT AUTHORITY\\\\SYSTEM\\\"\"},\"eventdata\":{\"utcTime\":\"2026-04-06 13:05:22.082\",\"sourceProcessGUID\":\"{81af8987-68d7-69d3-0d00-000000001100}\",\"sourceProcessId\":\"780\",\"sourceThreadId\":\"6304\",\"sourceImage\":\"C:\\\\\\\\Windows\\\\\\\\system32\\\\\\\\svchost.exe\",\"targetProcessGUID\":\"{81af8987-68d6-69d3-0c00-000000001100}\",\"targetProcessId\":\"668\",\"targetImage\":\"C:\\\\\\\\Windows\\\\\\\\system32\\\\\\\\lsass.exe\",\"grantedAccess\":\"0x1000\",\"callTrace\":\"C:\\\\\\\\Windows\\\\\\\\SYSTEM32\\\\\\\\ntdll.dll+9dad4|C:\\\\\\\\Windows\\\\\\\\System32\\\\\\\\KERNELBASE.dll+6b226|c:\\\\\\\\windows\\\\\\\\system32\\\\\\\\lsm.dll+ed18|c:\\\\\\\\windows\\\\\\\\system32\\\\\\\\lsm.dll+e18b|c:\\\\\\\\windows\\\\\\\\system32\\\\\\\\lsm.dll+11f3e|C:\\\\\\\\Windows\\\\\\\\System32\\\\\\\\RPCRT4.dll+7d7d3|C:\\\\\\\\Windows\\\\\\\\System32\\\\\\\\RPCRT4.dll+ddeeb|C:\\\\\\\\Windows\\\\\\\\System32\\\\\\\\RPCRT4.dll+5de3c|C:\\\\\\\\Windows\\\\\\\\System32\\\\\\\\RPCRT4.dll+5a8a8|C:\\\\\\\\Windows\\\\\\\\System32\\\\\\\\RPCRT4.dll+35106|C:\\\\\\\\Windows\\\\\\\\System32\\\\\\\\RPCRT4.dll+34a58|C:\\\\\\\\Windows\\\\\\\\System32\\\\\\\\RPCRT4.dll+41c7f|C:\\\\\\\\Windows\\\\\\\\System32\\\\\\\\RPCRT4.dll+41088|C:\\\\\\\\Windows\\\\\\\\System32\\\\\\\\RPCRT4.dll+40671|C:\\\\\\\\Windows\\\\\\\\System32\\\\\\\\RPCRT4.dll+400de|C:\\\\\\\\Windows\\\\\\\\System32\\\\\\\\RPCRT4.dll+44732|C:\\\\\\\\Windows\\\\\\\\SYSTEM32\\\\\\\\ntdll.dll+20330|C:\\\\\\\\Windows\\\\\\\\SYSTEM32\\\\\\\\ntdll.dll+4d566|C:\\\\\\\\Windows\\\\\\\\System32\\\\\\\\KERNEL32.DLL+17374|C:\\\\\\\\Windows\\\\\\\\SYSTEM32\\\\\\\\ntdll.dll+4cc91\",\"sourceUser\":\"NT AUTHORITY\\\\\\\\SYSTEM\",\"targetUser\":\"NT AUTHORITY\\\\\\\\SYSTEM\"}}}", "input": {"type": "log"}, "@timestamp": "2026-04-06T13:05:19.929Z", "location": "EventChannel", "id": "1775480719.2973267", "timestamp": "2026-04-06T13:05:19.929+0000"}, "location": "EventChannel", "log_line": "{\"win\":{\"system\":{\"providerName\":\"Microsoft-Windows-Sysmon\",\"providerGuid\":\"{5770385f-c22a-43e0-bf4c-06f5698ffbd9}\",\"eventID\":\"10\",\"version\":\"3\",\"level\":\"4\",\"task\":\"10\",\"opcode\":\"0\",\"keywords\":\"0x8000000000000000\",\"systemTime\":\"2026-04-06T13:05:22.0876508Z\",\"eventRecordID\":\"19081\",\"processID\":\"2724\",\"threadID\":\"4004\",\"channel\":\"Microsoft-Windows-Sysmon/Operational\",\"computer\":\"DESKTOP-B8DA6QM\",\"severityValue\":\"INFORMATION\",\"message\":\"\\\"Process accessed:\\r\\nRuleName: -\\r\\nUtcTime: 2026-04-06 13:05:22.082\\r\\nSourceProcessGUID: {81af8987-68d7-69d3-0d00-000000001100}\\r\\nSourceProcessId: 780\\r\\nSourceThreadId: 6304\\r\\nSourceImage: C:\\\\Windows\\\\system32\\\\svchost.exe\\r\\nTargetProcessGUID: {81af8987-68d6-69d3-0c00-000000001100}\\r\\nTargetProcessId: 668\\r\\nTargetImage: C:\\\\Windows\\\\system32\\\\lsass.exe\\r\\nGrantedAccess: 0x1000\\r\\nCallTrace: C:\\\\Windows\\\\SYSTEM32\\\\ntdll.dll+9dad4|C:\\\\Windows\\\\System32\\\\KERNELBASE.dll+6b226|c:\\\\windows\\\\system32\\\\lsm.dll+ed18|c:\\\\windows\\\\system32\\\\lsm.dll+e18b|c:\\\\windows\\\\system32\\\\lsm.dll+11f3e|C:\\\\Windows\\\\System32\\\\RPCRT4.dll+7d7d3|C:\\\\Windows\\\\System32\\\\RPCRT4.dll+ddeeb|C:\\\\Windows\\\\System32\\\\RPCRT4.dll+5de3c|C:\\\\Windows\\\\System32\\\\RPCRT4.dll+5a8a8|C:\\\\Windows\\\\System32\\\\RPCRT4.dll+35106|C:\\\\Windows\\\\System32\\\\RPCRT4.dll+34a58|C:\\\\Windows\\\\System32\\\\RPCRT4.dll+41c7f|C:\\\\Windows\\\\System32\\\\RPCRT4.dll+41088|C:\\\\Windows\\\\System32\\\\RPCRT4.dll+40671|C:\\\\Windows\\\\System32\\\\RPCRT4.dll+400de|C:\\\\Windows\\\\System32\\\\RPCRT4.dll+44732|C:\\\\Windows\\\\SYSTEM32\\\\ntdll.dll+20330|C:\\\\Windows\\\\SYSTEM32\\\\ntdll.dll+4d566|C:\\\\Windows\\\\System32\\\\KERNEL32.DLL+17374|C:\\\\Windows\\\\SYSTEM32\\\\ntdll.dll+4cc91\\r\\nSourceUser: NT AUTHORITY\\\\SYSTEM\\r\\nTargetUser: NT AUTHORITY\\\\SYSTEM\\\"\"},\"eventdata\":{\"utcTime\":\"2026-04-06 13:05:22.082\",\"sourceProcessGUID\":\"{81af8987-68d7-69d3-0d00-000000001100}\",\"sourceProcessId\":\"780\",\"sourceThreadId\":\"6304\",\"sourceImage\":\"C:\\\\\\\\Windows\\\\\\\\system32\\\\\\\\svchost.exe\",\"targetProcessGUID\":\"{81af8987-68d6-69d3-0c00-000000001100}\",\"targetProcessId\":\"668\",\"targetImage\":\"C:\\\\\\\\Windows\\\\\\\\system32\\\\\\\\lsass.exe\",\"grantedAccess\":\"0x1000\",\"callTrace\":\"C:\\\\\\\\Windows\\\\\\\\SYSTEM32\\\\\\\\ntdll.dll+9dad4|C:\\\\\\\\Windows\\\\\\\\System32\\\\\\\\KERNELBASE.dll+6b226|c:\\\\\\\\windows\\\\\\\\system32\\\\\\\\lsm.dll+ed18|c:\\\\\\\\windows\\\\\\\\system32\\\\\\\\lsm.dll+e18b|c:\\\\\\\\windows\\\\\\\\system32\\\\\\\\lsm.dll+11f3e|C:\\\\\\\\Windows\\\\\\\\System32\\\\\\\\RPCRT4.dll+7d7d3|C:\\\\\\\\Windows\\\\\\\\System32\\\\\\\\RPCRT4.dll+ddeeb|C:\\\\\\\\Windows\\\\\\\\System32\\\\\\\\RPCRT4.dll+5de3c|C:\\\\\\\\Windows\\\\\\\\System32\\\\\\\\RPCRT4.dll+5a8a8|C:\\\\\\\\Windows\\\\\\\\System32\\\\\\\\RPCRT4.dll+35106|C:\\\\\\\\Windows\\\\\\\\System32\\\\\\\\RPCRT4.dll+34a58|C:\\\\\\\\Windows\\\\\\\\System32\\\\\\\\RPCRT4.dll+41c7f|C:\\\\\\\\Windows\\\\\\\\System32\\\\\\\\RPCRT4.dll+41088|C:\\\\\\\\Windows\\\\\\\\System32\\\\\\\\RPCRT4.dll+40671|C:\\\\\\\\Windows\\\\\\\\System32\\\\\\\\RPCRT4.dll+400de|C:\\\\\\\\Windows\\\\\\\\System32\\\\\\\\RPCRT4.dll+44732|C:\\\\\\\\Windows\\\\\\\\SYSTEM32\\\\\\\\ntdll.dll+20330|C:\\\\\\\\Windows\\\\\\\\SYSTEM32\\\\\\\\ntdll.dll+4d566|C:\\\\\\\\Windows\\\\\\\\System32\\\\\\\\KERNEL32.DLL+17374|C:\\\\\\\\Windows\\\\\\\\SYSTEM32\\\\\\\\ntdll.dll+4cc91\",\"sourceUser\":\"NT AUTHORITY\\\\\\\\SYSTEM\",\"targetUser\":\"NT AUTHORITY\\\\\\\\SYSTEM\"}}}"}
2026-04-06 21:24:28,765 [DEBUG] verification.logtest_response | {"attempted": 8, "response": {"title": "Bad Request", "detail": "'log_format' is a required property"}}
2026-04-11 17:43:54,098 [DEBUG] verification.upload_rule_content | {"filename": "test_rule_110001.xml", "rule_id": 110001, "expected_rule_ids": [110001, 110002], "verification_rule_content": "<group name=\"windows,sysmon,credential_access,\">\n  <rule id=\"110001\" level=\"15\">\n    <if_sid>92032</if_sid>\n    <decoded_as>windows_eventchannel</decoded_as>\n    <field name=\"win.system.eventID\">^1$</field>\n    <field name=\"win.eventdata.image\" type=\"pcre2\">(?i)procdump\\.exe|mimikatz\\.exe|taskmgr\\.exe</field>\n    <field name=\"win.eventdata.commandLine\" type=\"pcre2\">(?i)lsass\\.exe|lsass|Local\\s*Security\\s*Authority</field>\n    <field name=\"win.eventdata.commandLine\" type=\"pcre2\">(?i)-ma|dump|\\.dmp</field>\n    <description>LSASS memory dump detected - Process $(win.eventdata.image) attempted to dump LSASS memory with command: $(win.eventdata.commandLine)</description>\n    <mitre>\n      <id>T1003.001</id>\n    </mitre>\n    <group>sysmon_eid1_detections,lsass_dump,credential_theft,</group>\n  </rule>\n  <rule id=\"110002\" level=\"15\">\n    <if_sid>92032</if_sid>\n    <decoded_as>json</decoded_as>\n    <field name=\"win.system.eventID\">^1$</field>\n    <field name=\"win.eventdata.image\" type=\"pcre2\">(?i)procdump\\.exe|mimikatz\\.exe|taskmgr\\.exe</field>\n    <field name=\"win.eventdata.commandLine\" type=\"pcre2\">(?i)lsass\\.exe|lsass|Local\\s*Security\\s*Authority</field>\n    <field name=\"win.eventdata.commandLine\" type=\"pcre2\">(?i)-ma|dump|\\.dmp</field>\n    <description>LSASS memory dump detected - Process $(win.eventdata.image) attempted to dump LSASS memory with command: $(win.eventdata.commandLine)</description>\n    <mitre>\n      <id>T1003.001</id>\n    </mitre>\n    <group>sysmon_eid1_detections,lsass_dump,credential_theft,</group>\n  </rule>\n</group>"}
2026-04-11 17:45:29,602 [DEBUG] verification.selected_candidate_logs | {"chosen_indices": [0], "candidate_logs": [{"agent": {"ip": "192.168.211.22", "name": "win10_test", "id": "004"}, "manager": {"name": "kid"}, "decoder": {"name": "windows_eventchannel"}, "rule": {"firedtimes": 1, "mail": false, "level": 3, "description": "Suspicious Windows cmd shell execution", "groups": ["sysmon", "sysmon_eid1_detections", "windows"], "mitre": {"technique": ["Account Discovery", "Windows Command Shell"], "id": ["T1087", "T1059.003"], "tactic": ["Discovery", "Execution"]}, "id": "92032"}, "location": "EventChannel", "@timestamp": "2026-04-11T09:11:11.485Z", "timestamp": "2026-04-11T09:11:11.485+0000", "id": "1775898671.1030156", "event_summary": {"decoder_name": "windows_eventchannel", "rule_id": "92032", "rule_level": 3, "data_top_keys": ["win"], "sample_fields": {"data.win.eventdata.originalFileName": "procdump", "data.win.eventdata.image": "C:\\\\atomic_tests\\\\T1003.001\\\\procdump.exe", "data.win.eventdata.product": "ProcDump", "data.win.eventdata.parentProcessGuid": "{81af8987-102f-69da-f600-000000001300}", "data.win.eventdata.description": "Sysinternals process dump utility", "data.win.eventdata.logonGuid": "{81af8987-0c93-69da-0c55-020000000000}", "data.win.eventdata.parentCommandLine": "C:\\\\Windows\\\\system32\\\\cmd.exe /c \\\"\\\"C:\\\\atomic_tests\\\\T1003.001\\\\Dump-LSASS.bat\\\"\\\"", "data.win.eventdata.processGuid": "{81af8987-102f-69da-f700-000000001300}", "data.win.eventdata.logonId": "0x2550c", "data.win.eventdata.parentProcessId": "2108", "data.win.eventdata.processId": "368", "data.win.eventdata.currentDirectory": "C:\\\\atomic_tests\\\\T1003.001\\\\"}}}], "candidate_raw_logs_count": 1}
