{"_index": "wazuh-archives-4.x-2026.04.06", "_id": "Q8flYp0BNKZv-1o_6d7l", "_source": {"agent": {"ip": "192.168.211.22", "name": "win10_test", "id": "004"}, "manager": {"name": "kid"}, "decoder": {"name": "windows_eventchannel"}, "location": "EventChannel", "@timestamp": "2026-04-06T13:05:21.464Z", "timestamp": "2026-04-06T13:05:21.464+0000", "id": "1775480721.2978175", "data": {"win": {"eventdata": {"sourceThreadId": "3956", "grantedAccess": "0x1000", "targetProcessGUID": "{81af8987-68d6-69d3-0c00-000000001100}", "targetProcessId": "668", "utcTime": "2026-04-06 13:05:23.640", "sourceUser": "NT AUTHORITY\\\\SYSTEM", "sourceProcessId": "2732", "sourceImage": "C:\\\\Program Files (x86)\\\\ossec-agent\\\\wazuh-agent.exe", "targetImage": "C:\\\\Windows\\\\system32\\\\lsass.exe", "sourceProcessGUID": "{81af8987-68d9-69d3-3100-000000001100}", "callTrace": "C:\\\\Windows\\\\SYSTEM32\\\\ntdll.dll+9dad4|C:\\\\Windows\\\\System32\\\\wow64.dll+10a15|C:\\\\Windows\\\\System32\\\\wow64.dll+90da|C:\\\\Windows\\\\System32\\\\wow64cpu.dll+17c3|C:\\\\Windows\\\\System32\\\\wow64cpu.dll+11b9|C:\\\\Windows\\\\System32\\\\wow64.dll+3989|C:\\\\Windows\\\\System32\\\\wow64.dll+337d|C:\\\\Windows\\\\SYSTEM32\\\\ntdll.dll+760b9|C:\\\\Windows\\\\SYSTEM32\\\\ntdll.dll+75ca3|C:\\\\Windows\\\\SYSTEM32\\\\ntdll.dll+75c4e|C:\\\\Windows\\\\SYSTEM32\\\\ntdll.dll+7353c(wow64)|C:\\\\Windows\\\\System32\\\\KERNELBASE.dll+173877(wow64)|C:\\\\Program Files (x86)\\\\ossec-agent\\\\sysinfo.dll+132fe(wow64)|C:\\\\Program Files (x86)\\\\ossec-agent\\\\sysinfo.dll+136b1(wow64)|C:\\\\Program Files (x86)\\\\ossec-agent\\\\sysinfo.dll+f085(wow64)|C:\\\\Program Files (x86)\\\\ossec-agent\\\\syscollector.dll+10e8d(wow64)|C:\\\\Program Files (x86)\\\\ossec-agent\\\\syscollector.dll+11129(wow64)|C:\\\\Program Files (x86)\\\\ossec-agent\\\\syscollector.dll+112de(wow64)", "targetUser": "NT AUTHORITY\\\\SYSTEM"}, "system": {"eventID": "10", "keywords": "0x8000000000000000", "providerGuid": "{5770385f-c22a-43e0-bf4c-06f5698ffbd9}", "level": "4", "channel": "Microsoft-Windows-Sysmon/Operational", "opcode": "0", "message": "\"Process accessed:\r\nRuleName: -\r\nUtcTime: 2026-04-06 13:05:23.640\r\nSourceProcessGUID: {81af8987-68d9-69d3-3100-000000001100}\r\nSourceProcessId: 2732\r\nSourceThreadId: 3956\r\nSourceImage: C:\\Program Files (x86)\\ossec-agent\\wazuh-agent.exe\r\nTargetProcessGUID: {81af8987-68d6-69d3-0c00-000000001100}\r\nTargetProcessId: 668\r\nTargetImage: C:\\Windows\\system32\\lsass.exe\r\nGrantedAccess: 0x1000\r\nCallTrace: C:\\Windows\\SYSTEM32\\ntdll.dll+9dad4|C:\\Windows\\System32\\wow64.dll+10a15|C:\\Windows\\System32\\wow64.dll+90da|C:\\Windows\\System32\\wow64cpu.dll+17c3|C:\\Windows\\System32\\wow64cpu.dll+11b9|C:\\Windows\\System32\\wow64.dll+3989|C:\\Windows\\System32\\wow64.dll+337d|C:\\Windows\\SYSTEM32\\ntdll.dll+760b9|C:\\Windows\\SYSTEM32\\ntdll.dll+75ca3|C:\\Windows\\SYSTEM32\\ntdll.dll+75c4e|C:\\Windows\\SYSTEM32\\ntdll.dll+7353c(wow64)|C:\\Windows\\System32\\KERNELBASE.dll+173877(wow64)|C:\\Program Files (x86)\\ossec-agent\\sysinfo.dll+132fe(wow64)|C:\\Program Files (x86)\\ossec-agent\\sysinfo.dll+136b1(wow64)|C:\\Program Files (x86)\\ossec-agent\\sysinfo.dll+f085(wow64)|C:\\Program Files (x86)\\ossec-agent\\syscollector.dll+10e8d(wow64)|C:\\Program Files (x86)\\ossec-agent\\syscollector.dll+11129(wow64)|C:\\Program Files (x86)\\ossec-agent\\syscollector.dll+112de(wow64)\r\nSourceUser: NT AUTHORITY\\SYSTEM\r\nTargetUser: NT AUTHORITY\\SYSTEM\"", "version": "3", "systemTime": "2026-04-06T13:05:23.6413641Z", "eventRecordID": "19085", "threadID": "4004", "computer": "DESKTOP-B8DA6QM", "task": "10", "processID": "2724", "severityValue": "INFORMATION", "providerName": "Microsoft-Windows-Sysmon"}}}, "full_log": "{\"win\":{\"system\":{\"providerName\":\"Microsoft-Windows-Sysmon\",\"providerGuid\":\"{5770385f-c22a-43e0-bf4c-06f5698ffbd9}\",\"eventID\":\"10\",\"version\":\"3\",\"level\":\"4\",\"task\":\"10\",\"opcode\":\"0\",\"keywords\":\"0x8000000000000000\",\"systemTime\":\"2026-04-06T13:05:23.6413641Z\",\"eventRecordID\":\"19085\",\"processID\":\"2724\",\"threadID\":\"4004\",\"channel\":\"Microsoft-Windows-Sysmon/Operational\",\"computer\":\"DESKTOP-B8DA6QM\",\"severityValue\":\"INFORMATION\",\"message\":\"\\\"Process accessed:\\r\\nRuleName: -\\r\\nUtcTime: 2026-04-06 13:05:23.640\\r\\nSourceProcessGUID: {81af8987-68d9-69d3-3100-000000001100}\\r\\nSourceProcessId: 2732\\r\\nSourceThreadId: 3956\\r\\nSourceImage: C:\\\\Program Files (x86)\\\\ossec-agent\\\\wazuh-agent.exe\\r\\nTargetProcessGUID: {81af8987-68d6-69d3-0c00-000000001100}\\r\\nTargetProcessId: 668\\r\\nTargetImage: C:\\\\Windows\\\\system32\\\\lsass.exe\\r\\nGrantedAccess: 0x1000\\r\\nCallTrace: C:\\\\Windows\\\\SYSTEM32\\\\ntdll.dll+9dad4|C:\\\\Windows\\\\System32\\\\wow64.dll+10a15|C:\\\\Windows\\\\System32\\\\wow64.dll+90da|C:\\\\Windows\\\\System32\\\\wow64cpu.dll+17c3|C:\\\\Windows\\\\System32\\\\wow64cpu.dll+11b9|C:\\\\Windows\\\\System32\\\\wow64.dll+3989|C:\\\\Windows\\\\System32\\\\wow64.dll+337d|C:\\\\Windows\\\\SYSTEM32\\\\ntdll.dll+760b9|C:\\\\Windows\\\\SYSTEM32\\\\ntdll.dll+75ca3|C:\\\\Windows\\\\SYSTEM32\\\\ntdll.dll+75c4e|C:\\\\Windows\\\\SYSTEM32\\\\ntdll.dll+7353c(wow64)|C:\\\\Windows\\\\System32\\\\KERNELBASE.dll+173877(wow64)|C:\\\\Program Files (x86)\\\\ossec-agent\\\\sysinfo.dll+132fe(wow64)|C:\\\\Program Files (x86)\\\\ossec-agent\\\\sysinfo.dll+136b1(wow64)|C:\\\\Program Files (x86)\\\\ossec-agent\\\\sysinfo.dll+f085(wow64)|C:\\\\Program Files (x86)\\\\ossec-agent\\\\syscollector.dll+10e8d(wow64)|C:\\\\Program Files (x86)\\\\ossec-agent\\\\syscollector.dll+11129(wow64)|C:\\\\Program Files (x86)\\\\ossec-agent\\\\syscollector.dll+112de(wow64)\\r\\nSourceUser: NT AUTHORITY\\\\SYSTEM\\r\\nTargetUser: NT AUTHORITY\\\\SYSTEM\\\"\"},\"eventdata\":{\"utcTime\":\"2026-04-06 13:05:23.640\",\"sourceProcessGUID\":\"{81af8987-68d9-69d3-3100-000000001100}\",\"sourceProcessId\":\"2732\",\"sourceThreadId\":\"3956\",\"sourceImage\":\"C:\\\\\\\\Program Files (x86)\\\\\\\\ossec-agent\\\\\\\\wazuh-agent.exe\",\"targetProcessGUID\":\"{81af8987-68d6-69d3-0c00-000000001100}\",\"targetProcessId\":\"668\",\"targetImage\":\"C:\\\\\\\\Windows\\\\\\\\system32\\\\\\\\lsass.exe\",\"grantedAccess\":\"0x1000\",\"callTrace\":\"C:\\\\\\\\Windows\\\\\\\\SYSTEM32\\\\\\\\ntdll.dll+9dad4|C:\\\\\\\\Windows\\\\\\\\System32\\\\\\\\wow64.dll+10a15|C:\\\\\\\\Windows\\\\\\\\System32\\\\\\\\wow64.dll+90da|C:\\\\\\\\Windows\\\\\\\\System32\\\\\\\\wow64cpu.dll+17c3|C:\\\\\\\\Windows\\\\\\\\System32\\\\\\\\wow64cpu.dll+11b9|C:\\\\\\\\Windows\\\\\\\\System32\\\\\\\\wow64.dll+3989|C:\\\\\\\\Windows\\\\\\\\System32\\\\\\\\wow64.dll+337d|C:\\\\\\\\Windows\\\\\\\\SYSTEM32\\\\\\\\ntdll.dll+760b9|C:\\\\\\\\Windows\\\\\\\\SYSTEM32\\\\\\\\ntdll.dll+75ca3|C:\\\\\\\\Windows\\\\\\\\SYSTEM32\\\\\\\\ntdll.dll+75c4e|C:\\\\\\\\Windows\\\\\\\\SYSTEM32\\\\\\\\ntdll.dll+7353c(wow64)|C:\\\\\\\\Windows\\\\\\\\System32\\\\\\\\KERNELBASE.dll+173877(wow64)|C:\\\\\\\\Program Files (x86)\\\\\\\\ossec-agent\\\\\\\\sysinfo.dll+132fe(wow64)|C:\\\\\\\\Program Files (x86)\\\\\\\\ossec-agent\\\\\\\\sysinfo.dll+136b1(wow64)|C:\\\\\\\\Program Files (x86)\\\\\\\\ossec-agent\\\\\\\\sysinfo.dll+f085(wow64)|C:\\\\\\\\Program Files (x86)\\\\\\\\ossec-agent\\\\\\\\syscollector.dll+10e8d(wow64)|C:\\\\\\\\Program Files (x86)\\\\\\\\ossec-agent\\\\\\\\syscollector.dll+11129(wow64)|C:\\\\\\\\Program Files (x86)\\\\\\\\ossec-agent\\\\\\\\syscollector.dll+112de(wow64)\",\"sourceUser\":\"NT AUTHORITY\\\\\\\\SYSTEM\",\"targetUser\":\"NT AUTHORITY\\\\\\\\SYSTEM\"}}}"}}, {"_index": "wazuh-archives-4.x-2026.04.06", "_id": "M8flYp0BNKZv-1o_6d7l", "_source": {"agent": {"ip": "192.168.211.22", "name": "win10_test", "id": "004"}, "manager": {"name": "kid"}, "decoder": {"name": "windows_eventchannel"}, "location": "EventChannel", "@timestamp": "2026-04-06T13:05:19.976Z", "timestamp": "2026-04-06T13:05:19.976+0000", "id": "1775480719.2978175", "data": {"win": {"eventdata": {"sourceThreadId": "6612", "grantedAccess": "0x1000", "targetProcessGUID": "{81af8987-68d6-69d3-0c00-000000001100}", "targetProcessId": "668", "utcTime": "2026-04-06 13:05:22.582", "sourceUser": "NT AUTHORITY\\\\SYSTEM", "sourceProcessId": "780", "sourceImage": "C:\\\\Windows\\\\system32\\\\svchost.exe", "targetImage": "C:\\\\Windows\\\\system32\\\\lsass.exe", "sourceProcessGUID": "{81af8987-68d7-69d3-0d00-000000001100}", "callTrace": "C:\\\\Windows\\\\SYSTEM32\\\\ntdll.dll+9dad4|C:\\\\Windows\\\\System32\\\\KERNELBASE.dll+6b226|c:\\\\windows\\\\system32\\\\lsm.dll+ed18|c:\\\\windows\\\\system32\\\\lsm.dll+e18b|c:\\\\windows\\\\system32\\\\lsm.dll+11f3e|C:\\\\Windows\\\\System32\\\\RPCRT4.dll+7d7d3|C:\\\\Windows\\\\System32\\\\RPCRT4.dll+ddeeb|C:\\\\Windows\\\\System32\\\\RPCRT4.dll+5de3c|C:\\\\Windows\\\\System32\\\\RPCRT4.dll+5a8a8|C:\\\\Windows\\\\System32\\\\RPCRT4.dll+35106|C:\\\\Windows\\\\System32\\\\RPCRT4.dll+34a58|C:\\\\Windows\\\\System32\\\\RPCRT4.dll+41c7f|C:\\\\Windows\\\\System32\\\\RPCRT4.dll+41088|C:\\\\Windows\\\\System32\\\\RPCRT4.dll+40671|C:\\\\Windows\\\\System32\\\\RPCRT4.dll+400de|C:\\\\Windows\\\\System32\\\\RPCRT4.dll+44732|C:\\\\Windows\\\\SYSTEM32\\\\ntdll.dll+20330|C:\\\\Windows\\\\SYSTEM32\\\\ntdll.dll+4d566|C:\\\\Windows\\\\System32\\\\KERNEL32.DLL+17374|C:\\\\Windows\\\\SYSTEM32\\\\ntdll.dll+4cc91", "targetUser": "NT AUTHORITY\\\\SYSTEM"}, "system": {"eventID": "10", "keywords": "0x8000000000000000", "providerGuid": "{5770385f-c22a-43e0-bf4c-06f5698ffbd9}", "level": "4", "channel": "Microsoft-Windows-Sysmon/Operational", "opcode": "0", "message": "\"Process accessed:\r\nRuleName: -\r\nUtcTime: 2026-04-06 13:05:22.582\r\nSourceProcessGUID: {81af8987-68d7-69d3-0d00-000000001100}\r\nSourceProcessId: 780\r\nSourceThreadId: 6612\r\nSourceImage: C:\\Windows\\system32\\svchost.exe\r\nTargetProcessGUID: {81af8987-68d6-69d3-0c00-000000001100}\r\nTargetProcessId: 668\r\nTargetImage: C:\\Windows\\system32\\lsass.exe\r\nGrantedAccess: 0x1000\r\nCallTrace: C:\\Windows\\SYSTEM32\\ntdll.dll+9dad4|C:\\Windows\\System32\\KERNELBASE.dll+6b226|c:\\windows\\system32\\lsm.dll+ed18|c:\\windows\\system32\\lsm.dll+e18b|c:\\windows\\system32\\lsm.dll+11f3e|C:\\Windows\\System32\\RPCRT4.dll+7d7d3|C:\\Windows\\System32\\RPCRT4.dll+ddeeb|C:\\Windows\\System32\\RPCRT4.dll+5de3c|C:\\Windows\\System32\\RPCRT4.dll+5a8a8|C:\\Windows\\System32\\RPCRT4.dll+35106|C:\\Windows\\System32\\RPCRT4.dll+34a58|C:\\Windows\\System32\\RPCRT4.dll+41c7f|C:\\Windows\\System32\\RPCRT4.dll+41088|C:\\Windows\\System32\\RPCRT4.dll+40671|C:\\Windows\\System32\\RPCRT4.dll+400de|C:\\Windows\\System32\\RPCRT4.dll+44732|C:\\Windows\\SYSTEM32\\ntdll.dll+20330|C:\\Windows\\SYSTEM32\\ntdll.dll+4d566|C:\\Windows\\System32\\KERNEL32.DLL+17374|C:\\Windows\\SYSTEM32\\ntdll.dll+4cc91\r\nSourceUser: NT AUTHORITY\\SYSTEM\r\nTargetUser: NT AUTHORITY\\SYSTEM\"", "version": "3", "systemTime": "2026-04-06T13:05:22.5975193Z", "eventRecordID": "19083", "threadID": "4004", "computer": "DESKTOP-B8DA6QM", "task": "10", "processID": "2724", "severityValue": "INFORMATION", "providerName": "Microsoft-Windows-Sysmon"}}}, "full_log": "{\"win\":{\"system\":{\"providerName\":\"Microsoft-Windows-Sysmon\",\"providerGuid\":\"{5770385f-c22a-43e0-bf4c-06f5698ffbd9}\",\"eventID\":\"10\",\"version\":\"3\",\"level\":\"4\",\"task\":\"10\",\"opcode\":\"0\",\"keywords\":\"0x8000000000000000\",\"systemTime\":\"2026-04-06T13:05:22.5975193Z\",\"eventRecordID\":\"19083\",\"processID\":\"2724\",\"threadID\":\"4004\",\"channel\":\"Microsoft-Windows-Sysmon/Operational\",\"computer\":\"DESKTOP-B8DA6QM\",\"severityValue\":\"INFORMATION\",\"message\":\"\\\"Process accessed:\\r\\nRuleName: -\\r\\nUtcTime: 2026-04-06 13:05:22.582\\r\\nSourceProcessGUID: {81af8987-68d7-69d3-0d00-000000001100}\\r\\nSourceProcessId: 780\\r\\nSourceThreadId: 6612\\r\\nSourceImage: C:\\\\Windows\\\\system32\\\\svchost.exe\\r\\nTargetProcessGUID: {81af8987-68d6-69d3-0c00-000000001100}\\r\\nTargetProcessId: 668\\r\\nTargetImage: C:\\\\Windows\\\\system32\\\\lsass.exe\\r\\nGrantedAccess: 0x1000\\r\\nCallTrace: C:\\\\Windows\\\\SYSTEM32\\\\ntdll.dll+9dad4|C:\\\\Windows\\\\System32\\\\KERNELBASE.dll+6b226|c:\\\\windows\\\\system32\\\\lsm.dll+ed18|c:\\\\windows\\\\system32\\\\lsm.dll+e18b|c:\\\\windows\\\\system32\\\\lsm.dll+11f3e|C:\\\\Windows\\\\System32\\\\RPCRT4.dll+7d7d3|C:\\\\Windows\\\\System32\\\\RPCRT4.dll+ddeeb|C:\\\\Windows\\\\System32\\\\RPCRT4.dll+5de3c|C:\\\\Windows\\\\System32\\\\RPCRT4.dll+5a8a8|C:\\\\Windows\\\\System32\\\\RPCRT4.dll+35106|C:\\\\Windows\\\\System32\\\\RPCRT4.dll+34a58|C:\\\\Windows\\\\System32\\\\RPCRT4.dll+41c7f|C:\\\\Windows\\\\System32\\\\RPCRT4.dll+41088|C:\\\\Windows\\\\System32\\\\RPCRT4.dll+40671|C:\\\\Windows\\\\System32\\\\RPCRT4.dll+400de|C:\\\\Windows\\\\System32\\\\RPCRT4.dll+44732|C:\\\\Windows\\\\SYSTEM32\\\\ntdll.dll+20330|C:\\\\Windows\\\\SYSTEM32\\\\ntdll.dll+4d566|C:\\\\Windows\\\\System32\\\\KERNEL32.DLL+17374|C:\\\\Windows\\\\SYSTEM32\\\\ntdll.dll+4cc91\\r\\nSourceUser: NT AUTHORITY\\\\SYSTEM\\r\\nTargetUser: NT AUTHORITY\\\\SYSTEM\\\"\"},\"eventdata\":{\"utcTime\":\"2026-04-06 13:05:22.582\",\"sourceProcessGUID\":\"{81af8987-68d7-69d3-0d00-000000001100}\",\"sourceProcessId\":\"780\",\"sourceThreadId\":\"6612\",\"sourceImage\":\"C:\\\\\\\\Windows\\\\\\\\system32\\\\\\\\svchost.exe\",\"targetProcessGUID\":\"{81af8987-68d6-69d3-0c00-000000001100}\",\"targetProcessId\":\"668\",\"targetImage\":\"C:\\\\\\\\Windows\\\\\\\\system32\\\\\\\\lsass.exe\",\"grantedAccess\":\"0x1000\",\"callTrace\":\"C:\\\\\\\\Windows\\\\\\\\SYSTEM32\\\\\\\\ntdll.dll+9dad4|C:\\\\\\\\Windows\\\\\\\\System32\\\\\\\\KERNELBASE.dll+6b226|c:\\\\\\\\windows\\\\\\\\system32\\\\\\\\lsm.dll+ed18|c:\\\\\\\\windows\\\\\\\\system32\\\\\\\\lsm.dll+e18b|c:\\\\\\\\windows\\\\\\\\system32\\\\\\\\lsm.dll+11f3e|C:\\\\\\\\Windows\\\\\\\\System32\\\\\\\\RPCRT4.dll+7d7d3|C:\\\\\\\\Windows\\\\\\\\System32\\\\\\\\RPCRT4.dll+ddeeb|C:\\\\\\\\Windows\\\\\\\\System32\\\\\\\\RPCRT4.dll+5de3c|C:\\\\\\\\Windows\\\\\\\\System32\\\\\\\\RPCRT4.dll+5a8a8|C:\\\\\\\\Windows\\\\\\\\System32\\\\\\\\RPCRT4.dll+35106|C:\\\\\\\\Windows\\\\\\\\System32\\\\\\\\RPCRT4.dll+34a58|C:\\\\\\\\Windows\\\\\\\\System32\\\\\\\\RPCRT4.dll+41c7f|C:\\\\\\\\Windows\\\\\\\\System32\\\\\\\\RPCRT4.dll+41088|C:\\\\\\\\Windows\\\\\\\\System32\\\\\\\\RPCRT4.dll+40671|C:\\\\\\\\Windows\\\\\\\\System32\\\\\\\\RPCRT4.dll+400de|C:\\\\\\\\Windows\\\\\\\\System32\\\\\\\\RPCRT4.dll+44732|C:\\\\\\\\Windows\\\\\\\\SYSTEM32\\\\\\\\ntdll.dll+20330|C:\\\\\\\\Windows\\\\\\\\SYSTEM32\\\\\\\\ntdll.dll+4d566|C:\\\\\\\\Windows\\\\\\\\System32\\\\\\\\KERNEL32.DLL+17374|C:\\\\\\\\Windows\\\\\\\\SYSTEM32\\\\\\\\ntdll.dll+4cc91\",\"sourceUser\":\"NT AUTHORITY\\\\\\\\SYSTEM\",\"targetUser\":\"NT AUTHORITY\\\\\\\\SYSTEM\"}}}"}}, {"_index": "wazuh-archives-4.x-2026.04.06", "_id": "MsflYp0BNKZv-1o_6d7l", "_source": {"agent": {"ip": "192.168.211.22", "name": "win10_test", "id": "004"}, "manager": {"name": "kid"}, "decoder": {"name": "windows_eventchannel"}, "location": "EventChannel", "@timestamp": "2026-04-06T13:05:19.960Z", "timestamp": "2026-04-06T13:05:19.960+0000", "id": "1775480719.2978175", "data": {"win": {"eventdata": {"sourceThreadId": "6612", "grantedAccess": "0x1000", "targetProcessGUID": "{81af8987-68d6-69d3-0c00-000000001100}", "targetProcessId": "668", "utcTime": "2026-04-06 13:05:22.582", "sourceUser": "NT AUTHORITY\\\\SYSTEM", "sourceProcessId": "780", "sourceImage": "C:\\\\Windows\\\\system32\\\\svchost.exe", "targetImage": "C:\\\\Windows\\\\system32\\\\lsass.exe", "sourceProcessGUID": "{81af8987-68d7-69d3-0d00-000000001100}", "callTrace": "C:\\\\Windows\\\\SYSTEM32\\\\ntdll.dll+9dad4|C:\\\\Windows\\\\System32\\\\KERNELBASE.dll+6b226|c:\\\\windows\\\\system32\\\\lsm.dll+ed18|c:\\\\windows\\\\system32\\\\lsm.dll+11e38|C:\\\\Windows\\\\System32\\\\RPCRT4.dll+7d7d3|C:\\\\Windows\\\\System32\\\\RPCRT4.dll+ddeeb|C:\\\\Windows\\\\System32\\\\RPCRT4.dll+5de3c|C:\\\\Windows\\\\System32\\\\RPCRT4.dll+5a8a8|C:\\\\Windows\\\\System32\\\\RPCRT4.dll+35106|C:\\\\Windows\\\\System32\\\\RPCRT4.dll+34a58|C:\\\\Windows\\\\System32\\\\RPCRT4.dll+41c7f|C:\\\\Windows\\\\System32\\\\RPCRT4.dll+41088|C:\\\\Windows\\\\System32\\\\RPCRT4.dll+40671|C:\\\\Windows\\\\System32\\\\RPCRT4.dll+400de|C:\\\\Windows\\\\System32\\\\RPCRT4.dll+44732|C:\\\\Windows\\\\SYSTEM32\\\\ntdll.dll+20330|C:\\\\Windows\\\\SYSTEM32\\\\ntdll.dll+4d566|C:\\\\Windows\\\\System32\\\\KERNEL32.DLL+17374|C:\\\\Windows\\\\SYSTEM32\\\\ntdll.dll+4cc91", "targetUser": "NT AUTHORITY\\\\SYSTEM"}, "system": {"eventID": "10", "keywords": "0x8000000000000000", "providerGuid": "{5770385f-c22a-43e0-bf4c-06f5698ffbd9}", "level": "4", "channel": "Microsoft-Windows-Sysmon/Operational", "opcode": "0", "message": "\"Process accessed:\r\nRuleName: -\r\nUtcTime: 2026-04-06 13:05:22.582\r\nSourceProcessGUID: {81af8987-68d7-69d3-0d00-000000001100}\r\nSourceProcessId: 780\r\nSourceThreadId: 6612\r\nSourceImage: C:\\Windows\\system32\\svchost.exe\r\nTargetProcessGUID: {81af8987-68d6-69d3-0c00-000000001100}\r\nTargetProcessId: 668\r\nTargetImage: C:\\Windows\\system32\\lsass.exe\r\nGrantedAccess: 0x1000\r\nCallTrace: C:\\Windows\\SYSTEM32\\ntdll.dll+9dad4|C:\\Windows\\System32\\KERNELBASE.dll+6b226|c:\\windows\\system32\\lsm.dll+ed18|c:\\windows\\system32\\lsm.dll+11e38|C:\\Windows\\System32\\RPCRT4.dll+7d7d3|C:\\Windows\\System32\\RPCRT4.dll+ddeeb|C:\\Windows\\System32\\RPCRT4.dll+5de3c|C:\\Windows\\System32\\RPCRT4.dll+5a8a8|C:\\Windows\\System32\\RPCRT4.dll+35106|C:\\Windows\\System32\\RPCRT4.dll+34a58|C:\\Windows\\System32\\RPCRT4.dll+41c7f|C:\\Windows\\System32\\RPCRT4.dll+41088|C:\\Windows\\System32\\RPCRT4.dll+40671|C:\\Windows\\System32\\RPCRT4.dll+400de|C:\\Windows\\System32\\RPCRT4.dll+44732|C:\\Windows\\SYSTEM32\\ntdll.dll+20330|C:\\Windows\\SYSTEM32\\ntdll.dll+4d566|C:\\Windows\\System32\\KERNEL32.DLL+17374|C:\\Windows\\SYSTEM32\\ntdll.dll+4cc91\r\nSourceUser: NT AUTHORITY\\SYSTEM\r\nTargetUser: NT AUTHORITY\\SYSTEM\"", "version": "3", "systemTime": "2026-04-06T13:05:22.5974793Z", "eventRecordID": "19082", "threadID": "4004", "computer": "DESKTOP-B8DA6QM", "task": "10", "processID": "2724", "severityValue": "INFORMATION", "providerName": "Microsoft-Windows-Sysmon"}}}, "full_log": "{\"win\":{\"system\":{\"providerName\":\"Microsoft-Windows-Sysmon\",\"providerGuid\":\"{5770385f-c22a-43e0-bf4c-06f5698ffbd9}\",\"eventID\":\"10\",\"version\":\"3\",\"level\":\"4\",\"task\":\"10\",\"opcode\":\"0\",\"keywords\":\"0x8000000000000000\",\"systemTime\":\"2026-04-06T13:05:22.5974793Z\",\"eventRecordID\":\"19082\",\"processID\":\"2724\",\"threadID\":\"4004\",\"channel\":\"Microsoft-Windows-Sysmon/Operational\",\"computer\":\"DESKTOP-B8DA6QM\",\"severityValue\":\"INFORMATION\",\"message\":\"\\\"Process accessed:\\r\\nRuleName: -\\r\\nUtcTime: 2026-04-06 13:05:22.582\\r\\nSourceProcessGUID: {81af8987-68d7-69d3-0d00-000000001100}\\r\\nSourceProcessId: 780\\r\\nSourceThreadId: 6612\\r\\nSourceImage: C:\\\\Windows\\\\system32\\\\svchost.exe\\r\\nTargetProcessGUID: {81af8987-68d6-69d3-0c00-000000001100}\\r\\nTargetProcessId: 668\\r\\nTargetImage: C:\\\\Windows\\\\system32\\\\lsass.exe\\r\\nGrantedAccess: 0x1000\\r\\nCallTrace: C:\\\\Windows\\\\SYSTEM32\\\\ntdll.dll+9dad4|C:\\\\Windows\\\\System32\\\\KERNELBASE.dll+6b226|c:\\\\windows\\\\system32\\\\lsm.dll+ed18|c:\\\\windows\\\\system32\\\\lsm.dll+11e38|C:\\\\Windows\\\\System32\\\\RPCRT4.dll+7d7d3|C:\\\\Windows\\\\System32\\\\RPCRT4.dll+ddeeb|C:\\\\Windows\\\\System32\\\\RPCRT4.dll+5de3c|C:\\\\Windows\\\\System32\\\\RPCRT4.dll+5a8a8|C:\\\\Windows\\\\System32\\\\RPCRT4.dll+35106|C:\\\\Windows\\\\System32\\\\RPCRT4.dll+34a58|C:\\\\Windows\\\\System32\\\\RPCRT4.dll+41c7f|C:\\\\Windows\\\\System32\\\\RPCRT4.dll+41088|C:\\\\Windows\\\\System32\\\\RPCRT4.dll+40671|C:\\\\Windows\\\\System32\\\\RPCRT4.dll+400de|C:\\\\Windows\\\\System32\\\\RPCRT4.dll+44732|C:\\\\Windows\\\\SYSTEM32\\\\ntdll.dll+20330|C:\\\\Windows\\\\SYSTEM32\\\\ntdll.dll+4d566|C:\\\\Windows\\\\System32\\\\KERNEL32.DLL+17374|C:\\\\Windows\\\\SYSTEM32\\\\ntdll.dll+4cc91\\r\\nSourceUser: NT AUTHORITY\\\\SYSTEM\\r\\nTargetUser: NT AUTHORITY\\\\SYSTEM\\\"\"},\"eventdata\":{\"utcTime\":\"2026-04-06 13:05:22.582\",\"sourceProcessGUID\":\"{81af8987-68d7-69d3-0d00-000000001100}\",\"sourceProcessId\":\"780\",\"sourceThreadId\":\"6612\",\"sourceImage\":\"C:\\\\\\\\Windows\\\\\\\\system32\\\\\\\\svchost.exe\",\"targetProcessGUID\":\"{81af8987-68d6-69d3-0c00-000000001100}\",\"targetProcessId\":\"668\",\"targetImage\":\"C:\\\\\\\\Windows\\\\\\\\system32\\\\\\\\lsass.exe\",\"grantedAccess\":\"0x1000\",\"callTrace\":\"C:\\\\\\\\Windows\\\\\\\\SYSTEM32\\\\\\\\ntdll.dll+9dad4|C:\\\\\\\\Windows\\\\\\\\System32\\\\\\\\KERNELBASE.dll+6b226|c:\\\\\\\\windows\\\\\\\\system32\\\\\\\\lsm.dll+ed18|c:\\\\\\\\windows\\\\\\\\system32\\\\\\\\lsm.dll+11e38|C:\\\\\\\\Windows\\\\\\\\System32\\\\\\\\RPCRT4.dll+7d7d3|C:\\\\\\\\Windows\\\\\\\\System32\\\\\\\\RPCRT4.dll+ddeeb|C:\\\\\\\\Windows\\\\\\\\System32\\\\\\\\RPCRT4.dll+5de3c|C:\\\\\\\\Windows\\\\\\\\System32\\\\\\\\RPCRT4.dll+5a8a8|C:\\\\\\\\Windows\\\\\\\\System32\\\\\\\\RPCRT4.dll+35106|C:\\\\\\\\Windows\\\\\\\\System32\\\\\\\\RPCRT4.dll+34a58|C:\\\\\\\\Windows\\\\\\\\System32\\\\\\\\RPCRT4.dll+41c7f|C:\\\\\\\\Windows\\\\\\\\System32\\\\\\\\RPCRT4.dll+41088|C:\\\\\\\\Windows\\\\\\\\System32\\\\\\\\RPCRT4.dll+40671|C:\\\\\\\\Windows\\\\\\\\System32\\\\\\\\RPCRT4.dll+400de|C:\\\\\\\\Windows\\\\\\\\System32\\\\\\\\RPCRT4.dll+44732|C:\\\\\\\\Windows\\\\\\\\SYSTEM32\\\\\\\\ntdll.dll+20330|C:\\\\\\\\Windows\\\\\\\\SYSTEM32\\\\\\\\ntdll.dll+4d566|C:\\\\\\\\Windows\\\\\\\\System32\\\\\\\\KERNEL32.DLL+17374|C:\\\\\\\\Windows\\\\\\\\SYSTEM32\\\\\\\\ntdll.dll+4cc91\",\"sourceUser\":\"NT AUTHORITY\\\\\\\\SYSTEM\",\"targetUser\":\"NT AUTHORITY\\\\\\\\SYSTEM\"}}}"}}, {"_index": "wazuh-archives-4.x-2026.04.06", "_id": "MMflYp0BNKZv-1o_6d7l", "_source": {"agent": {"ip": "192.168.211.22", "name": "win10_test", "id": "004"}, "manager": {"name": "kid"}, "decoder": {"name": "windows_eventchannel"}, "location": "EventChannel", "@timestamp": "2026-04-06T13:05:19.929Z", "timestamp": "2026-04-06T13:05:19.929+0000", "id": "1775480719.2973267", "data": {"win": {"eventdata": {"sourceThreadId": "6304", "grantedAccess": "0x1000", "targetProcessGUID": "{81af8987-68d6-69d3-0c00-000000001100}", "targetProcessId": "668", "utcTime": "2026-04-06 13:05:22.082", "sourceUser": "NT AUTHORITY\\\\SYSTEM", "sourceProcessId": "780", "sourceImage": "C:\\\\Windows\\\\system32\\\\svchost.exe", "targetImage": "C:\\\\Windows\\\\system32\\\\lsass.exe", "sourceProcessGUID": "{81af8987-68d7-69d3-0d00-000000001100}", "callTrace": "C:\\\\Windows\\\\SYSTEM32\\\\ntdll.dll+9dad4|C:\\\\Windows\\\\System32\\\\KERNELBASE.dll+6b226|c:\\\\windows\\\\system32\\\\lsm.dll+ed18|c:\\\\windows\\\\system32\\\\lsm.dll+e18b|c:\\\\windows\\\\system32\\\\lsm.dll+11f3e|C:\\\\Windows\\\\System32\\\\RPCRT4.dll+7d7d3|C:\\\\Windows\\\\System32\\\\RPCRT4.dll+ddeeb|C:\\\\Windows\\\\System32\\\\RPCRT4.dll+5de3c|C:\\\\Windows\\\\System32\\\\RPCRT4.dll+5a8a8|C:\\\\Windows\\\\System32\\\\RPCRT4.dll+35106|C:\\\\Windows\\\\System32\\\\RPCRT4.dll+34a58|C:\\\\Windows\\\\System32\\\\RPCRT4.dll+41c7f|C:\\\\Windows\\\\System32\\\\RPCRT4.dll+41088|C:\\\\Windows\\\\System32\\\\RPCRT4.dll+40671|C:\\\\Windows\\\\System32\\\\RPCRT4.dll+400de|C:\\\\Windows\\\\System32\\\\RPCRT4.dll+44732|C:\\\\Windows\\\\SYSTEM32\\\\ntdll.dll+20330|C:\\\\Windows\\\\SYSTEM32\\\\ntdll.dll+4d566|C:\\\\Windows\\\\System32\\\\KERNEL32.DLL+17374|C:\\\\Windows\\\\SYSTEM32\\\\ntdll.dll+4cc91", "targetUser": "NT AUTHORITY\\\\SYSTEM"}, "system": {"eventID": "10", "keywords": "0x8000000000000000", "providerGuid": "{5770385f-c22a-43e0-bf4c-06f5698ffbd9}", "level": "4", "channel": "Microsoft-Windows-Sysmon/Operational", "opcode": "0", "message": "\"Process accessed:\r\nRuleName: -\r\nUtcTime: 2026-04-06 13:05:22.082\r\nSourceProcessGUID: {81af8987-68d7-69d3-0d00-000000001100}\r\nSourceProcessId: 780\r\nSourceThreadId: 6304\r\nSourceImage: C:\\Windows\\system32\\svchost.exe\r\nTargetProcessGUID: {81af8987-68d6-69d3-0c00-000000001100}\r\nTargetProcessId: 668\r\nTargetImage: C:\\Windows\\system32\\lsass.exe\r\nGrantedAccess: 0x1000\r\nCallTrace: C:\\Windows\\SYSTEM32\\ntdll.dll+9dad4|C:\\Windows\\System32\\KERNELBASE.dll+6b226|c:\\windows\\system32\\lsm.dll+ed18|c:\\windows\\system32\\lsm.dll+e18b|c:\\windows\\system32\\lsm.dll+11f3e|C:\\Windows\\System32\\RPCRT4.dll+7d7d3|C:\\Windows\\System32\\RPCRT4.dll+ddeeb|C:\\Windows\\System32\\RPCRT4.dll+5de3c|C:\\Windows\\System32\\RPCRT4.dll+5a8a8|C:\\Windows\\System32\\RPCRT4.dll+35106|C:\\Windows\\System32\\RPCRT4.dll+34a58|C:\\Windows\\System32\\RPCRT4.dll+41c7f|C:\\Windows\\System32\\RPCRT4.dll+41088|C:\\Windows\\System32\\RPCRT4.dll+40671|C:\\Windows\\System32\\RPCRT4.dll+400de|C:\\Windows\\System32\\RPCRT4.dll+44732|C:\\Windows\\SYSTEM32\\ntdll.dll+20330|C:\\Windows\\SYSTEM32\\ntdll.dll+4d566|C:\\Windows\\System32\\KERNEL32.DLL+17374|C:\\Windows\\SYSTEM32\\ntdll.dll+4cc91\r\nSourceUser: NT AUTHORITY\\SYSTEM\r\nTargetUser: NT AUTHORITY\\SYSTEM\"", "version": "3", "systemTime": "2026-04-06T13:05:22.0876508Z", "eventRecordID": "19081", "threadID": "4004", "computer": "DESKTOP-B8DA6QM", "task": "10", "processID": "2724", "severityValue": "INFORMATION", "providerName": "Microsoft-Windows-Sysmon"}}}, "full_log": "{\"win\":{\"system\":{\"providerName\":\"Microsoft-Windows-Sysmon\",\"providerGuid\":\"{5770385f-c22a-43e0-bf4c-06f5698ffbd9}\",\"eventID\":\"10\",\"version\":\"3\",\"level\":\"4\",\"task\":\"10\",\"opcode\":\"0\",\"keywords\":\"0x8000000000000000\",\"systemTime\":\"2026-04-06T13:05:22.0876508Z\",\"eventRecordID\":\"19081\",\"processID\":\"2724\",\"threadID\":\"4004\",\"channel\":\"Microsoft-Windows-Sysmon/Operational\",\"computer\":\"DESKTOP-B8DA6QM\",\"severityValue\":\"INFORMATION\",\"message\":\"\\\"Process accessed:\\r\\nRuleName: -\\r\\nUtcTime: 2026-04-06 13:05:22.082\\r\\nSourceProcessGUID: {81af8987-68d7-69d3-0d00-000000001100}\\r\\nSourceProcessId: 780\\r\\nSourceThreadId: 6304\\r\\nSourceImage: C:\\\\Windows\\\\system32\\\\svchost.exe\\r\\nTargetProcessGUID: {81af8987-68d6-69d3-0c00-000000001100}\\r\\nTargetProcessId: 668\\r\\nTargetImage: C:\\\\Windows\\\\system32\\\\lsass.exe\\r\\nGrantedAccess: 0x1000\\r\\nCallTrace: C:\\\\Windows\\\\SYSTEM32\\\\ntdll.dll+9dad4|C:\\\\Windows\\\\System32\\\\KERNELBASE.dll+6b226|c:\\\\windows\\\\system32\\\\lsm.dll+ed18|c:\\\\windows\\\\system32\\\\lsm.dll+e18b|c:\\\\windows\\\\system32\\\\lsm.dll+11f3e|C:\\\\Windows\\\\System32\\\\RPCRT4.dll+7d7d3|C:\\\\Windows\\\\System32\\\\RPCRT4.dll+ddeeb|C:\\\\Windows\\\\System32\\\\RPCRT4.dll+5de3c|C:\\\\Windows\\\\System32\\\\RPCRT4.dll+5a8a8|C:\\\\Windows\\\\System32\\\\RPCRT4.dll+35106|C:\\\\Windows\\\\System32\\\\RPCRT4.dll+34a58|C:\\\\Windows\\\\System32\\\\RPCRT4.dll+41c7f|C:\\\\Windows\\\\System32\\\\RPCRT4.dll+41088|C:\\\\Windows\\\\System32\\\\RPCRT4.dll+40671|C:\\\\Windows\\\\System32\\\\RPCRT4.dll+400de|C:\\\\Windows\\\\System32\\\\RPCRT4.dll+44732|C:\\\\Windows\\\\SYSTEM32\\\\ntdll.dll+20330|C:\\\\Windows\\\\SYSTEM32\\\\ntdll.dll+4d566|C:\\\\Windows\\\\System32\\\\KERNEL32.DLL+17374|C:\\\\Windows\\\\SYSTEM32\\\\ntdll.dll+4cc91\\r\\nSourceUser: NT AUTHORITY\\\\SYSTEM\\r\\nTargetUser: NT AUTHORITY\\\\SYSTEM\\\"\"},\"eventdata\":{\"utcTime\":\"2026-04-06 13:05:22.082\",\"sourceProcessGUID\":\"{81af8987-68d7-69d3-0d00-000000001100}\",\"sourceProcessId\":\"780\",\"sourceThreadId\":\"6304\",\"sourceImage\":\"C:\\\\\\\\Windows\\\\\\\\system32\\\\\\\\svchost.exe\",\"targetProcessGUID\":\"{81af8987-68d6-69d3-0c00-000000001100}\",\"targetProcessId\":\"668\",\"targetImage\":\"C:\\\\\\\\Windows\\\\\\\\system32\\\\\\\\lsass.exe\",\"grantedAccess\":\"0x1000\",\"callTrace\":\"C:\\\\\\\\Windows\\\\\\\\SYSTEM32\\\\\\\\ntdll.dll+9dad4|C:\\\\\\\\Windows\\\\\\\\System32\\\\\\\\KERNELBASE.dll+6b226|c:\\\\\\\\windows\\\\\\\\system32\\\\\\\\lsm.dll+ed18|c:\\\\\\\\windows\\\\\\\\system32\\\\\\\\lsm.dll+e18b|c:\\\\\\\\windows\\\\\\\\system32\\\\\\\\lsm.dll+11f3e|C:\\\\\\\\Windows\\\\\\\\System32\\\\\\\\RPCRT4.dll+7d7d3|C:\\\\\\\\Windows\\\\\\\\System32\\\\\\\\RPCRT4.dll+ddeeb|C:\\\\\\\\Windows\\\\\\\\System32\\\\\\\\RPCRT4.dll+5de3c|C:\\\\\\\\Windows\\\\\\\\System32\\\\\\\\RPCRT4.dll+5a8a8|C:\\\\\\\\Windows\\\\\\\\System32\\\\\\\\RPCRT4.dll+35106|C:\\\\\\\\Windows\\\\\\\\System32\\\\\\\\RPCRT4.dll+34a58|C:\\\\\\\\Windows\\\\\\\\System32\\\\\\\\RPCRT4.dll+41c7f|C:\\\\\\\\Windows\\\\\\\\System32\\\\\\\\RPCRT4.dll+41088|C:\\\\\\\\Windows\\\\\\\\System32\\\\\\\\RPCRT4.dll+40671|C:\\\\\\\\Windows\\\\\\\\System32\\\\\\\\RPCRT4.dll+400de|C:\\\\\\\\Windows\\\\\\\\System32\\\\\\\\RPCRT4.dll+44732|C:\\\\\\\\Windows\\\\\\\\SYSTEM32\\\\\\\\ntdll.dll+20330|C:\\\\\\\\Windows\\\\\\\\SYSTEM32\\\\\\\\ntdll.dll+4d566|C:\\\\\\\\Windows\\\\\\\\System32\\\\\\\\KERNEL32.DLL+17374|C:\\\\\\\\Windows\\\\\\\\SYSTEM32\\\\\\\\ntdll.dll+4cc91\",\"sourceUser\":\"NT AUTHORITY\\\\\\\\SYSTEM\",\"targetUser\":\"NT AUTHORITY\\\\\\\\SYSTEM\"}}}"}}], "candidate_raw_logs_count": 8}
2026-04-06 21:24:27,956 [DEBUG] verification.logtest_request | {"attempted": 1, "sample_log": {"agent": {"ip": "192.168.211.22", "name": "win10_test", "id": "004"}, "manager": {"name": "kid"}, "data": {"win": {"eventdata": {"sourceThreadId": "3460", "grantedAccess": "0x1000", "targetProcessGUID": "{81af8987-68d6-69d3-0c00-000000001100}", "targetProcessId": "668", "utcTime": "2026-04-06 13:18:41.172", "sourceUser": "NT AUTHORITY\\\\SYSTEM", "sourceProcessId": "780", "sourceImage": "C:\\\\Windows\\\\system32\\\\svchost.exe", "targetImage": "C:\\\\Windows\\\\system32\\\\lsass.exe", "sourceProcessGUID": "{81af8987-68d7-69d3-0d00-000000001100}", "callTrace": "C:\\\\Windows\\\\SYSTEM32\\\\ntdll.dll+9dad4|C:\\\\Windows\\\\System32\\\\KERNELBASE.dll+6b226|c:\\\\windows\\\\system32\\\\lsm.dll+ed18|c:\\\\windows\\\\system32\\\\lsm.dll+e18b|c:\\\\windows\\\\system32\\\\lsm.dll+11f3e|C:\\\\Windows\\\\System32\\\\RPCRT4.dll+7d7d3|C:\\\\Windows\\\\System32\\\\RPCRT4.dll+ddeeb|C:\\\\Windows\\\\System32\\\\RPCRT4.dll+5de3c|C:\\\\Windows\\\\System32\\\\RPCRT4.dll+5a8a8|C:\\\\Windows\\\\System32\\\\RPCRT4.dll+35106|C:\\\\Windows\\\\System32\\\\RPCRT4.dll+34a58|C:\\\\Windows\\\\System32\\\\RPCRT4.dll+41c7f|C:\\\\Windows\\\\System32\\\\RPCRT4.dll+41088|C:\\\\Windows\\\\System32\\\\RPCRT4.dll+40671|C:\\\\Windows\\\\System32\\\\RPCRT4.dll+400de|C:\\\\Windows\\\\System32\\\\RPCRT4.dll+44732|C:\\\\Windows\\\\SYSTEM32\\\\ntdll.dll+20330|C:\\\\Windows\\\\SYSTEM32\\\\ntdll.dll+4d566|C:\\\\Windows\\\\System32\\\\KERNEL32.DLL+17374|C:\\\\Windows\\\\SYSTEM32\\\\ntdll.dll+4cc91", "targetUser": "NT AUTHORITY\\\\SYSTEM"}, "system": {"eventID": "10", "keywords": "0x8000000000000000", "providerGuid": "{5770385f-c22a-43e0-bf4c-06f5698ffbd9}", "level": "4", "channel": "Microsoft-Windows-Sysmon/Operational", "opcode": "0", "message": "\"Process accessed:\r\nRuleName: -\r\nUtcTime: 2026-04-06 13:18:41.172\r\nSourceProcessGUID: {81af8987-68d7-69d3-0d00-000000001100}\r\nSourceProcessId: 780\r\nSourceThreadId: 3460\r\nSourceImage: C:\\Windows\\system32\\svchost.exe\r\nTargetProcessGUID: {81af8987-68d6-69d3-0c00-000000001100}\r\nTargetProcessId: 668\r\nTargetImage: C:\\Windows\\system32\\lsass.exe\r\nGrantedAccess: 0x1000\r\nCallTrace: C:\\Windows\\SYSTEM32\\ntdll.dll+9dad4|C:\\Windows\\System32\\KERNELBASE.dll+6b226|c:\\windows\\system32\\lsm.dll+ed18|c:\\windows\\system32\\lsm.dll+e18b|c:\\windows\\system32\\lsm.dll+11f3e|C:\\Windows\\System32\\RPCRT4.dll+7d7d3|C:\\Windows\\System32\\RPCRT4.dll+ddeeb|C:\\Windows\\System32\\RPCRT4.dll+5de3c|C:\\Windows\\System32\\RPCRT4.dll+5a8a8|C:\\Windows\\System32\\RPCRT4.dll+35106|C:\\Windows\\System32\\RPCRT4.dll+34a58|C:\\Windows\\System32\\RPCRT4.dll+41c7f|C:\\Windows\\System32\\RPCRT4.dll+41088|C:\\Windows\\System32\\RPCRT4.dll+40671|C:\\Windows\\System32\\RPCRT4.dll+400de|C:\\Windows\\System32\\RPCRT4.dll+44732|C:\\Windows\\SYSTEM32\\ntdll.dll+20330|C:\\Windows\\SYSTEM32\\ntdll.dll+4d566|C:\\Windows\\System32\\KERNEL32.DLL+17374|C:\\Windows\\SYSTEM32\\ntdll.dll+4cc91\r\nSourceUser: NT AUTHORITY\\SYSTEM\r\nTargetUser: NT AUTHORITY\\SYSTEM\"", "version": "3", "systemTime": "2026-04-06T13:18:41.1768171Z", "eventRecordID": "19094", "threadID": "4004", "computer": "DESKTOP-B8DA6QM", "task": "10", "processID": "2724", "severityValue": "INFORMATION", "providerName": "Microsoft-Windows-Sysmon"}}}, "decoder": {"name": "windows_eventchannel"}, "full_log": "{\"win\":{\"system\":{\"providerName\":\"Microsoft-Windows-Sysmon\",\"providerGuid\":\"{5770385f-c22a-43e0-bf4c-06f5698ffbd9}\",\"eventID\":\"10\",\"version\":\"3\",\"level\":\"4\",\"task\":\"10\",\"opcode\":\"0\",\"keywords\":\"0x8000000000000000\",\"systemTime\":\"2026-04-06T13:18:41.1768171Z\",\"eventRecordID\":\"19094\",\"processID\":\"2724\",\"threadID\":\"4004\",\"channel\":\"Microsoft-Windows-Sysmon/Operational\",\"computer\":\"DESKTOP-B8DA6QM\",\"severityValue\":\"INFORMATION\",\"message\":\"\\\"Process accessed:\\r\\nRuleName: -\\r\\nUtcTime: 2026-04-06 13:18:41.172\\r\\nSourceProcessGUID: {81af8987-68d7-69d3-0d00-000000001100}\\r\\nSourceProcessId: 780\\r\\nSourceThreadId: 3460\\r\\nSourceImage: C:\\\\Windows\\\\system32\\\\svchost.exe\\r\\nTargetProcessGUID: {81af8987-68d6-69d3-0c00-000000001100}\\r\\nTargetProcessId: 668\\r\\nTargetImage: C:\\\\Windows\\\\system32\\\\lsass.exe\\r\\nGrantedAccess: 0x1000\\r\\nCallTrace: C:\\\\Windows\\\\SYSTEM32\\\\ntdll.dll+9dad4|C:\\\\Windows\\\\System32\\\\KERNELBASE.dll+6b226|c:\\\\windows\\\\system32\\\\lsm.dll+ed18|c:\\\\windows\\\\system32\\\\lsm.dll+e18b|c:\\\\windows\\\\system32\\\\lsm.dll+11f3e|C:\\\\Windows\\\\System32\\\\RPCRT4.dll+7d7d3|C:\\\\Windows\\\\System32\\\\RPCRT4.dll+ddeeb|C:\\\\Windows\\\\System32\\\\RPCRT4.dll+5de3c|C:\\\\Windows\\\\System32\\\\RPCRT4.dll+5a8a8|C:\\\\Windows\\\\System32\\\\RPCRT4.dll+35106|C:\\\\Windows\\\\System32\\\\RPCRT4.dll+34a58|C:\\\\Windows\\\\System32\\\\RPCRT4.dll+41c7f|C:\\\\Windows\\\\System32\\\\RPCRT4.dll+41088|C:\\\\Windows\\\\System32\\\\RPCRT4.dll+40671|C:\\\\Windows\\\\System32\\\\RPCRT4.dll+400de|C:\\\\Windows\\\\System32\\\\RPCRT4.dll+44732|C:\\\\Windows\\\\SYSTEM32\\\\ntdll.dll+20330|C:\\\\Windows\\\\SYSTEM32\\\\ntdll.dll+4d566|C:\\\\Windows\\\\System32\\\\KERNEL32.DLL+17374|C:\\\\Windows\\\\SYSTEM32\\\\ntdll.dll+4cc91\\r\\nSourceUser: NT AUTHORITY\\\\SYSTEM\\r\\nTargetUser: NT AUTHORITY\\\\SYSTEM\\\"\"},\"eventdata\":{\"utcTime\":\"2026-04-06 13:18:41.172\",\"sourceProcessGUID\":\"{81af8987-68d7-69d3-0d00-000000001100}\",\"sourceProcessId\":\"780\",\"sourceThreadId\":\"3460\",\"sourceImage\":\"C:\\\\\\\\Windows\\\\\\\\system32\\\\\\\\svchost.exe\",\"targetProcessGUID\":\"{81af8987-68d6-69d3-0c00-000000001100}\",\"targetProcessId\":\"668\",\"targetImage\":\"C:\\\\\\\\Windows\\\\\\\\system32\\\\\\\\lsass.exe\",\"grantedAccess\":\"0x1000\",\"callTrace\":\"C:\\\\\\\\Windows\\\\\\\\SYSTEM32\\\\\\\\ntdll.dll+9dad4|C:\\\\\\\\Windows\\\\\\\\System32\\\\\\\\KERNELBASE.dll+6b226|c:\\\\\\\\windows\\\\\\\\system32\\\\\\\\lsm.dll+ed18|c:\\\\\\\\windows\\\\\\\\system32\\\\\\\\lsm.dll+e18b|c:\\\\\\\\windows\\\\\\\\system32\\\\\\\\lsm.dll+11f3e|C:\\\\\\\\Windows\\\\\\\\System32\\\\\\\\RPCRT4.dll+7d7d3|C:\\\\\\\\Windows\\\\\\\\System32\\\\\\\\RPCRT4.dll+ddeeb|C:\\\\\\\\Windows\\\\\\\\System32\\\\\\\\RPCRT4.dll+5de3c|C:\\\\\\\\Windows\\\\\\\\System32\\\\\\\\RPCRT4.dll+5a8a8|C:\\\\\\\\Windows\\\\\\\\System32\\\\\\\\RPCRT4.dll+35106|C:\\\\\\\\Windows\\\\\\\\System32\\\\\\\\RPCRT4.dll+34a58|C:\\\\\\\\Windows\\\\\\\\System32\\\\\\\\RPCRT4.dll+41c7f|C:\\\\\\\\Windows\\\\\\\\System32\\\\\\\\RPCRT4.dll+41088|C:\\\\\\\\Windows\\\\\\\\System32\\\\\\\\RPCRT4.dll+40671|C:\\\\\\\\Windows\\\\\\\\System32\\\\\\\\RPCRT4.dll+400de|C:\\\\\\\\Windows\\\\\\\\System32\\\\\\\\RPCRT4.dll+44732|C:\\\\\\\\Windows\\\\\\\\SYSTEM32\\\\\\\\ntdll.dll+20330|C:\\\\\\\\Windows\\\\\\\\SYSTEM32\\\\\\\\ntdll.dll+4d566|C:\\\\\\\\Windows\\\\\\\\System32\\\\\\\\KERNEL32.DLL+17374|C:\\\\\\\\Windows\\\\\\\\SYSTEM32\\\\\\\\ntdll.dll+4cc91\",\"sourceUser\":\"NT AUTHORITY\\\\\\\\SYSTEM\",\"targetUser\":\"NT AUTHORITY\\\\\\\\SYSTEM\"}}}", "input": {"type": "log"}, "@timestamp": "2026-04-06T13:18:39.010Z", "location": "EventChannel", "id": "1775481519.2993597", "timestamp": "2026-04-06T13:18:39.010+0000"}, "location": "EventChannel", "log_line": "{\"win\":{\"system\":{\"providerName\":\"Microsoft-Windows-Sysmon\",\"providerGuid\":\"{5770385f-c22a-43e0-bf4c-06f5698ffbd9}\",\"eventID\":\"10\",\"version\":\"3\",\"level\":\"4\",\"task\":\"10\",\"opcode\":\"0\",\"keywords\":\"0x8000000000000000\",\"systemTime\":\"2026-04-06T13:18:41.1768171Z\",\"eventRecordID\":\"19094\",\"processID\":\"2724\",\"threadID\":\"4004\",\"channel\":\"Microsoft-Windows-Sysmon/Operational\",\"computer\":\"DESKTOP-B8DA6QM\",\"severityValue\":\"INFORMATION\",\"message\":\"\\\"Process accessed:\\r\\nRuleName: -\\r\\nUtcTime: 2026-04-06 13:18:41.172\\r\\nSourceProcessGUID: {81af8987-68d7-69d3-0d00-000000001100}\\r\\nSourceProcessId: 780\\r\\nSourceThreadId: 3460\\r\\nSourceImage: C:\\\\Windows\\\\system32\\\\svchost.exe\\r\\nTargetProcessGUID: {81af8987-68d6-69d3-0c00-000000001100}\\r\\nTargetProcessId: 668\\r\\nTargetImage: C:\\\\Windows\\\\system32\\\\lsass.exe\\r\\nGrantedAccess: 0x1000\\r\\nCallTrace: C:\\\\Windows\\\\SYSTEM32\\\\ntdll.dll+9dad4|C:\\\\Windows\\\\System32\\\\KERNELBASE.dll+6b226|c:\\\\windows\\\\system32\\\\lsm.dll+ed18|c:\\\\windows\\\\system32\\\\lsm.dll+e18b|c:\\\\windows\\\\system32\\\\lsm.dll+11f3e|C:\\\\Windows\\\\System32\\\\RPCRT4.dll+7d7d3|C:\\\\Windows\\\\System32\\\\RPCRT4.dll+ddeeb|C:\\\\Windows\\\\System32\\\\RPCRT4.dll+5de3c|C:\\\\Windows\\\\System32\\\\RPCRT4.dll+5a8a8|C:\\\\Windows\\\\System32\\\\RPCRT4.dll+35106|C:\\\\Windows\\\\System32\\\\RPCRT4.dll+34a58|C:\\\\Windows\\\\System32\\\\RPCRT4.dll+41c7f|C:\\\\Windows\\\\System32\\\\RPCRT4.dll+41088|C:\\\\Windows\\\\System32\\\\RPCRT4.dll+40671|C:\\\\Windows\\\\System32\\\\RPCRT4.dll+400de|C:\\\\Windows\\\\System32\\\\RPCRT4.dll+44732|C:\\\\Windows\\\\SYSTEM32\\\\ntdll.dll+20330|C:\\\\Windows\\\\SYSTEM32\\\\ntdll.dll+4d566|C:\\\\Windows\\\\System32\\\\KERNEL32.DLL+17374|C:\\\\Windows\\\\SYSTEM32\\\\ntdll.dll+4cc91\\r\\nSourceUser: NT AUTHORITY\\\\SYSTEM\\r\\nTargetUser: NT AUTHORITY\\\\SYSTEM\\\"\"},\"eventdata\":{\"utcTime\":\"2026-04-06 13:18:41.172\",\"sourceProcessGUID\":\"{81af8987-68d7-69d3-0d00-000000001100}\",\"sourceProcessId\":\"780\",\"sourceThreadId\":\"3460\",\"sourceImage\":\"C:\\\\\\\\Windows\\\\\\\\system32\\\\\\\\svchost.exe\",\"targetProcessGUID\":\"{81af8987-68d6-69d3-0c00-000000001100}\",\"targetProcessId\":\"668\",\"targetImage\":\"C:\\\\\\\\Windows\\\\\\\\system32\\\\\\\\lsass.exe\",\"grantedAccess\":\"0x1000\",\"callTrace\":\"C:\\\\\\\\Windows\\\\\\\\SYSTEM32\\\\\\\\ntdll.dll+9dad4|C:\\\\\\\\Windows\\\\\\\\System32\\\\\\\\KERNELBASE.dll+6b226|c:\\\\\\\\windows\\\\\\\\system32\\\\\\\\lsm.dll+ed18|c:\\\\\\\\windows\\\\\\\\system32\\\\\\\\lsm.dll+e18b|c:\\\\\\\\windows\\\\\\\\system32\\\\\\\\lsm.dll+11f3e|C:\\\\\\\\Windows\\\\\\\\System32\\\\\\\\RPCRT4.dll+7d7d3|C:\\\\\\\\Windows\\\\\\\\System32\\\\\\\\RPCRT4.dll+ddeeb|C:\\\\\\\\Windows\\\\\\\\System32\\\\\\\\RPCRT4.dll+5de3c|C:\\\\\\\\Windows\\\\\\\\System32\\\\\\\\RPCRT4.dll+5a8a8|C:\\\\\\\\Windows\\\\\\\\System32\\\\\\\\RPCRT4.dll+35106|C:\\\\\\\\Windows\\\\\\\\System32\\\\\\\\RPCRT4.dll+34a58|C:\\\\\\\\Windows\\\\\\\\System32\\\\\\\\RPCRT4.dll+41c7f|C:\\\\\\\\Windows\\\\\\\\System32\\\\\\\\RPCRT4.dll+41088|C:\\\\\\\\Windows\\\\\\\\System32\\\\\\\\RPCRT4.dll+40671|C:\\\\\\\\Windows\\\\\\\\System32\\\\\\\\RPCRT4.dll+400de|C:\\\\\\\\Windows\\\\\\\\System32\\\\\\\\RPCRT4.dll+44732|C:\\\\\\\\Windows\\\\\\\\SYSTEM32\\\\\\\\ntdll.dll+20330|C:\\\\\\\\Windows\\\\\\\\SYSTEM32\\\\\\\\ntdll.dll+4d566|C:\\\\\\\\Windows\\\\\\\\System32\\\\\\\\KERNEL32.DLL+17374|C:\\\\\\\\Windows\\\\\\\\SYSTEM32\\\\\\\\ntdll.dll+4cc91\",\"sourceUser\":\"NT AUTHORITY\\\\\\\\SYSTEM\",\"targetUser\":\"NT AUTHORITY\\\\\\\\SYSTEM\"}}}"}
2026-04-06 21:24:28,179 [DEBUG] verification.logtest_response | {"attempted": 1, "response": {"title": "Bad Request", "detail": "'log_format' is a required property"}}
