2026-04-06 21:24:28,179 [DEBUG] verification.logtest_request | {"attempted": 2, "sample_log": {"agent": {"ip": "192.168.211.22", "name": "win10_test", "id": "004"}, "manager": {"name": "kid"}, "data": {"win": {"eventdata": {"sourceThreadId": "3460", "grantedAccess": "0x1000", "targetProcessGUID": "{81af8987-68d6-69d3-0c00-000000001100}", "targetProcessId": "668", "utcTime": "2026-04-06 13:18:41.172", "sourceUser": "NT AUTHORITY\\\\SYSTEM", "sourceProcessId": "780", "sourceImage": "C:\\\\Windows\\\\system32\\\\svchost.exe", "targetImage": "C:\\\\Windows\\\\system32\\\\lsass.exe", "sourceProcessGUID": "{81af8987-68d7-69d3-0d00-000000001100}", "callTrace": "C:\\\\Windows\\\\SYSTEM32\\\\ntdll.dll+9dad4|C:\\\\Windows\\\\System32\\\\KERNELBASE.dll+6b226|c:\\\\windows\\\\system32\\\\lsm.dll+ed18|c:\\\\windows\\\\system32\\\\lsm.dll+11e38|C:\\\\Windows\\\\System32\\\\RPCRT4.dll+7d7d3|C:\\\\Windows\\\\System32\\\\RPCRT4.dll+ddeeb|C:\\\\Windows\\\\System32\\\\RPCRT4.dll+5de3c|C:\\\\Windows\\\\System32\\\\RPCRT4.dll+5a8a8|C:\\\\Windows\\\\System32\\\\RPCRT4.dll+35106|C:\\\\Windows\\\\System32\\\\RPCRT4.dll+34a58|C:\\\\Windows\\\\System32\\\\RPCRT4.dll+41c7f|C:\\\\Windows\\\\System32\\\\RPCRT4.dll+41088|C:\\\\Windows\\\\System32\\\\RPCRT4.dll+40671|C:\\\\Windows\\\\System32\\\\RPCRT4.dll+400de|C:\\\\Windows\\\\System32\\\\RPCRT4.dll+44732|C:\\\\Windows\\\\SYSTEM32\\\\ntdll.dll+20330|C:\\\\Windows\\\\SYSTEM32\\\\ntdll.dll+4d566|C:\\\\Windows\\\\System32\\\\KERNEL32.DLL+17374|C:\\\\Windows\\\\SYSTEM32\\\\ntdll.dll+4cc91", "targetUser": "NT AUTHORITY\\\\SYSTEM"}, "system": {"eventID": "10", "keywords": "0x8000000000000000", "providerGuid": "{5770385f-c22a-43e0-bf4c-06f5698ffbd9}", "level": "4", "channel": "Microsoft-Windows-Sysmon/Operational", "opcode": "0", "message": "\"Process accessed:\r\nRuleName: -\r\nUtcTime: 2026-04-06 13:18:41.172\r\nSourceProcessGUID: {81af8987-68d7-69d3-0d00-000000001100}\r\nSourceProcessId: 780\r\nSourceThreadId: 3460\r\nSourceImage: C:\\Windows\\system32\\svchost.exe\r\nTargetProcessGUID: {81af8987-68d6-69d3-0c00-000000001100}\r\nTargetProcessId: 668\r\nTargetImage: C:\\Windows\\system32\\lsass.exe\r\nGrantedAccess: 0x1000\r\nCallTrace: C:\\Windows\\SYSTEM32\\ntdll.dll+9dad4|C:\\Windows\\System32\\KERNELBASE.dll+6b226|c:\\windows\\system32\\lsm.dll+ed18|c:\\windows\\system32\\lsm.dll+11e38|C:\\Windows\\System32\\RPCRT4.dll+7d7d3|C:\\Windows\\System32\\RPCRT4.dll+ddeeb|C:\\Windows\\System32\\RPCRT4.dll+5de3c|C:\\Windows\\System32\\RPCRT4.dll+5a8a8|C:\\Windows\\System32\\RPCRT4.dll+35106|C:\\Windows\\System32\\RPCRT4.dll+34a58|C:\\Windows\\System32\\RPCRT4.dll+41c7f|C:\\Windows\\System32\\RPCRT4.dll+41088|C:\\Windows\\System32\\RPCRT4.dll+40671|C:\\Windows\\System32\\RPCRT4.dll+400de|C:\\Windows\\System32\\RPCRT4.dll+44732|C:\\Windows\\SYSTEM32\\ntdll.dll+20330|C:\\Windows\\SYSTEM32\\ntdll.dll+4d566|C:\\Windows\\System32\\KERNEL32.DLL+17374|C:\\Windows\\SYSTEM32\\ntdll.dll+4cc91\r\nSourceUser: NT AUTHORITY\\SYSTEM\r\nTargetUser: NT AUTHORITY\\SYSTEM\"", "version": "3", "systemTime": "2026-04-06T13:18:41.1764862Z", "eventRecordID": "19093", "threadID": "4004", "computer": "DESKTOP-B8DA6QM", "task": "10", "processID": "2724", "severityValue": "INFORMATION", "providerName": "Microsoft-Windows-Sysmon"}}}, "decoder": {"name": "windows_eventchannel"}, "full_log": "{\"win\":{\"system\":{\"providerName\":\"Microsoft-Windows-Sysmon\",\"providerGuid\":\"{5770385f-c22a-43e0-bf4c-06f5698ffbd9}\",\"eventID\":\"10\",\"version\":\"3\",\"level\":\"4\",\"task\":\"10\",\"opcode\":\"0\",\"keywords\":\"0x8000000000000000\",\"systemTime\":\"2026-04-06T13:18:41.1764862Z\",\"eventRecordID\":\"19093\",\"processID\":\"2724\",\"threadID\":\"4004\",\"channel\":\"Microsoft-Windows-Sysmon/Operational\",\"computer\":\"DESKTOP-B8DA6QM\",\"severityValue\":\"INFORMATION\",\"message\":\"\\\"Process accessed:\\r\\nRuleName: -\\r\\nUtcTime: 2026-04-06 13:18:41.172\\r\\nSourceProcessGUID: {81af8987-68d7-69d3-0d00-000000001100}\\r\\nSourceProcessId: 780\\r\\nSourceThreadId: 3460\\r\\nSourceImage: C:\\\\Windows\\\\system32\\\\svchost.exe\\r\\nTargetProcessGUID: {81af8987-68d6-69d3-0c00-000000001100}\\r\\nTargetProcessId: 668\\r\\nTargetImage: C:\\\\Windows\\\\system32\\\\lsass.exe\\r\\nGrantedAccess: 0x1000\\r\\nCallTrace: C:\\\\Windows\\\\SYSTEM32\\\\ntdll.dll+9dad4|C:\\\\Windows\\\\System32\\\\KERNELBASE.dll+6b226|c:\\\\windows\\\\system32\\\\lsm.dll+ed18|c:\\\\windows\\\\system32\\\\lsm.dll+11e38|C:\\\\Windows\\\\System32\\\\RPCRT4.dll+7d7d3|C:\\\\Windows\\\\System32\\\\RPCRT4.dll+ddeeb|C:\\\\Windows\\\\System32\\\\RPCRT4.dll+5de3c|C:\\\\Windows\\\\System32\\\\RPCRT4.dll+5a8a8|C:\\\\Windows\\\\System32\\\\RPCRT4.dll+35106|C:\\\\Windows\\\\System32\\\\RPCRT4.dll+34a58|C:\\\\Windows\\\\System32\\\\RPCRT4.dll+41c7f|C:\\\\Windows\\\\System32\\\\RPCRT4.dll+41088|C:\\\\Windows\\\\System32\\\\RPCRT4.dll+40671|C:\\\\Windows\\\\System32\\\\RPCRT4.dll+400de|C:\\\\Windows\\\\System32\\\\RPCRT4.dll+44732|C:\\\\Windows\\\\SYSTEM32\\\\ntdll.dll+20330|C:\\\\Windows\\\\SYSTEM32\\\\ntdll.dll+4d566|C:\\\\Windows\\\\System32\\\\KERNEL32.DLL+17374|C:\\\\Windows\\\\SYSTEM32\\\\ntdll.dll+4cc91\\r\\nSourceUser: NT AUTHORITY\\\\SYSTEM\\r\\nTargetUser: NT AUTHORITY\\\\SYSTEM\\\"\"},\"eventdata\":{\"utcTime\":\"2026-04-06 13:18:41.172\",\"sourceProcessGUID\":\"{81af8987-68d7-69d3-0d00-000000001100}\",\"sourceProcessId\":\"780\",\"sourceThreadId\":\"3460\",\"sourceImage\":\"C:\\\\\\\\Windows\\\\\\\\system32\\\\\\\\svchost.exe\",\"targetProcessGUID\":\"{81af8987-68d6-69d3-0c00-000000001100}\",\"targetProcessId\":\"668\",\"targetImage\":\"C:\\\\\\\\Windows\\\\\\\\system32\\\\\\\\lsass.exe\",\"grantedAccess\":\"0x1000\",\"callTrace\":\"C:\\\\\\\\Windows\\\\\\\\SYSTEM32\\\\\\\\ntdll.dll+9dad4|C:\\\\\\\\Windows\\\\\\\\System32\\\\\\\\KERNELBASE.dll+6b226|c:\\\\\\\\windows\\\\\\\\system32\\\\\\\\lsm.dll+ed18|c:\\\\\\\\windows\\\\\\\\system32\\\\\\\\lsm.dll+11e38|C:\\\\\\\\Windows\\\\\\\\System32\\\\\\\\RPCRT4.dll+7d7d3|C:\\\\\\\\Windows\\\\\\\\System32\\\\\\\\RPCRT4.dll+ddeeb|C:\\\\\\\\Windows\\\\\\\\System32\\\\\\\\RPCRT4.dll+5de3c|C:\\\\\\\\Windows\\\\\\\\System32\\\\\\\\RPCRT4.dll+5a8a8|C:\\\\\\\\Windows\\\\\\\\System32\\\\\\\\RPCRT4.dll+35106|C:\\\\\\\\Windows\\\\\\\\System32\\\\\\\\RPCRT4.dll+34a58|C:\\\\\\\\Windows\\\\\\\\System32\\\\\\\\RPCRT4.dll+41c7f|C:\\\\\\\\Windows\\\\\\\\System32\\\\\\\\RPCRT4.dll+41088|C:\\\\\\\\Windows\\\\\\\\System32\\\\\\\\RPCRT4.dll+40671|C:\\\\\\\\Windows\\\\\\\\System32\\\\\\\\RPCRT4.dll+400de|C:\\\\\\\\Windows\\\\\\\\System32\\\\\\\\RPCRT4.dll+44732|C:\\\\\\\\Windows\\\\\\\\SYSTEM32\\\\\\\\ntdll.dll+20330|C:\\\\\\\\Windows\\\\\\\\SYSTEM32\\\\\\\\ntdll.dll+4d566|C:\\\\\\\\Windows\\\\\\\\System32\\\\\\\\KERNEL32.DLL+17374|C:\\\\\\\\Windows\\\\\\\\SYSTEM32\\\\\\\\ntdll.dll+4cc91\",\"sourceUser\":\"NT AUTHORITY\\\\\\\\SYSTEM\",\"targetUser\":\"NT AUTHORITY\\\\\\\\SYSTEM\"}}}", "input": {"type": "log"}, "@timestamp": "2026-04-06T13:18:38.998Z", "location": "EventChannel", "id": "1775481518.2988433", "timestamp": "2026-04-06T13:18:38.998+0000"}, "location": "EventChannel", "log_line": "{\"win\":{\"system\":{\"providerName\":\"Microsoft-Windows-Sysmon\",\"providerGuid\":\"{5770385f-c22a-43e0-bf4c-06f5698ffbd9}\",\"eventID\":\"10\",\"version\":\"3\",\"level\":\"4\",\"task\":\"10\",\"opcode\":\"0\",\"keywords\":\"0x8000000000000000\",\"systemTime\":\"2026-04-06T13:18:41.1764862Z\",\"eventRecordID\":\"19093\",\"processID\":\"2724\",\"threadID\":\"4004\",\"channel\":\"Microsoft-Windows-Sysmon/Operational\",\"computer\":\"DESKTOP-B8DA6QM\",\"severityValue\":\"INFORMATION\",\"message\":\"\\\"Process accessed:\\r\\nRuleName: -\\r\\nUtcTime: 2026-04-06 13:18:41.172\\r\\nSourceProcessGUID: {81af8987-68d7-69d3-0d00-000000001100}\\r\\nSourceProcessId: 780\\r\\nSourceThreadId: 3460\\r\\nSourceImage: C:\\\\Windows\\\\system32\\\\svchost.exe\\r\\nTargetProcessGUID: {81af8987-68d6-69d3-0c00-000000001100}\\r\\nTargetProcessId: 668\\r\\nTargetImage: C:\\\\Windows\\\\system32\\\\lsass.exe\\r\\nGrantedAccess: 0x1000\\r\\nCallTrace: C:\\\\Windows\\\\SYSTEM32\\\\ntdll.dll+9dad4|C:\\\\Windows\\\\System32\\\\KERNELBASE.dll+6b226|c:\\\\windows\\\\system32\\\\lsm.dll+ed18|c:\\\\windows\\\\system32\\\\lsm.dll+11e38|C:\\\\Windows\\\\System32\\\\RPCRT4.dll+7d7d3|C:\\\\Windows\\\\System32\\\\RPCRT4.dll+ddeeb|C:\\\\Windows\\\\System32\\\\RPCRT4.dll+5de3c|C:\\\\Windows\\\\System32\\\\RPCRT4.dll+5a8a8|C:\\\\Windows\\\\System32\\\\RPCRT4.dll+35106|C:\\\\Windows\\\\System32\\\\RPCRT4.dll+34a58|C:\\\\Windows\\\\System32\\\\RPCRT4.dll+41c7f|C:\\\\Windows\\\\System32\\\\RPCRT4.dll+41088|C:\\\\Windows\\\\System32\\\\RPCRT4.dll+40671|C:\\\\Windows\\\\System32\\\\RPCRT4.dll+400de|C:\\\\Windows\\\\System32\\\\RPCRT4.dll+44732|C:\\\\Windows\\\\SYSTEM32\\\\ntdll.dll+20330|C:\\\\Windows\\\\SYSTEM32\\\\ntdll.dll+4d566|C:\\\\Windows\\\\System32\\\\KERNEL32.DLL+17374|C:\\\\Windows\\\\SYSTEM32\\\\ntdll.dll+4cc91\\r\\nSourceUser: NT AUTHORITY\\\\SYSTEM\\r\\nTargetUser: NT AUTHORITY\\\\SYSTEM\\\"\"},\"eventdata\":{\"utcTime\":\"2026-04-06 13:18:41.172\",\"sourceProcessGUID\":\"{81af8987-68d7-69d3-0d00-000000001100}\",\"sourceProcessId\":\"780\",\"sourceThreadId\":\"3460\",\"sourceImage\":\"C:\\\\\\\\Windows\\\\\\\\system32\\\\\\\\svchost.exe\",\"targetProcessGUID\":\"{81af8987-68d6-69d3-0c00-000000001100}\",\"targetProcessId\":\"668\",\"targetImage\":\"C:\\\\\\\\Windows\\\\\\\\system32\\\\\\\\lsass.exe\",\"grantedAccess\":\"0x1000\",\"callTrace\":\"C:\\\\\\\\Windows\\\\\\\\SYSTEM32\\\\\\\\ntdll.dll+9dad4|C:\\\\\\\\Windows\\\\\\\\System32\\\\\\\\KERNELBASE.dll+6b226|c:\\\\\\\\windows\\\\\\\\system32\\\\\\\\lsm.dll+ed18|c:\\\\\\\\windows\\\\\\\\system32\\\\\\\\lsm.dll+11e38|C:\\\\\\\\Windows\\\\\\\\System32\\\\\\\\RPCRT4.dll+7d7d3|C:\\\\\\\\Windows\\\\\\\\System32\\\\\\\\RPCRT4.dll+ddeeb|C:\\\\\\\\Windows\\\\\\\\System32\\\\\\\\RPCRT4.dll+5de3c|C:\\\\\\\\Windows\\\\\\\\System32\\\\\\\\RPCRT4.dll+5a8a8|C:\\\\\\\\Windows\\\\\\\\System32\\\\\\\\RPCRT4.dll+35106|C:\\\\\\\\Windows\\\\\\\\System32\\\\\\\\RPCRT4.dll+34a58|C:\\\\\\\\Windows\\\\\\\\System32\\\\\\\\RPCRT4.dll+41c7f|C:\\\\\\\\Windows\\\\\\\\System32\\\\\\\\RPCRT4.dll+41088|C:\\\\\\\\Windows\\\\\\\\System32\\\\\\\\RPCRT4.dll+40671|C:\\\\\\\\Windows\\\\\\\\System32\\\\\\\\RPCRT4.dll+400de|C:\\\\\\\\Windows\\\\\\\\System32\\\\\\\\RPCRT4.dll+44732|C:\\\\\\\\Windows\\\\\\\\SYSTEM32\\\\\\\\ntdll.dll+20330|C:\\\\\\\\Windows\\\\\\\\SYSTEM32\\\\\\\\ntdll.dll+4d566|C:\\\\\\\\Windows\\\\\\\\System32\\\\\\\\KERNEL32.DLL+17374|C:\\\\\\\\Windows\\\\\\\\SYSTEM32\\\\\\\\ntdll.dll+4cc91\",\"sourceUser\":\"NT AUTHORITY\\\\\\\\SYSTEM\",\"targetUser\":\"NT AUTHORITY\\\\\\\\SYSTEM\"}}}"}
2026-04-06 21:24:28,271 [DEBUG] verification.logtest_response | {"attempted": 2, "response": {"title": "Bad Request", "detail": "'log_format' is a required property"}}
2026-04-06 21:24:28,272 [DEBUG] verification.logtest_request | {"attempted": 3, "sample_log": {"agent": {"ip": "192.168.211.22", "name": "win10_test", "id": "004"}, "manager": {"name": "kid"}, "data": {"win": {"eventdata": {"sourceThreadId": "7000", "grantedAccess": "0x1000", "targetProcessGUID": "{81af8987-68d6-69d3-0c00-000000001100}", "targetProcessId": "668", "utcTime": "2026-04-06 13:13:16.097", "sourceUser": "NT AUTHORITY\\\\SYSTEM", "sourceProcessId": "3484", "sourceImage": "C:\\\\Program Files (x86)\\\\Microsoft\\\\EdgeUpdate\\\\MicrosoftEdgeUpdate.exe", "targetImage": "C:\\\\Windows\\\\system32\\\\lsass.exe", "sourceProcessGUID": "{81af8987-b16c-69d3-6502-000000001100}", "callTrace": "C:\\\\Windows\\\\SYSTEM32\\\\ntdll.dll+9dad4|C:\\\\Windows\\\\System32\\\\wow64.dll+10a15|C:\\\\Windows\\\\System32\\\\wow64.dll+90da|C:\\\\Windows\\\\System32\\\\wow64cpu.dll+17c3|C:\\\\Windows\\\\System32\\\\wow64cpu.dll+11b9|C:\\\\Windows\\\\System32\\\\wow64.dll+3989|C:\\\\Windows\\\\System32\\\\wow64.dll+337d|C:\\\\Windows\\\\SYSTEM32\\\\ntdll.dll+d3761|C:\\\\Windows\\\\SYSTEM32\\\\ntdll.dll+75e1b|C:\\\\Windows\\\\SYSTEM32\\\\ntdll.dll+75ca3|C:\\\\Windows\\\\SYSTEM32\\\\ntdll.dll+75c4e|C:\\\\Windows\\\\SYSTEM32\\\\ntdll.dll+7353c(wow64)|C:\\\\Windows\\\\System32\\\\KERNELBASE.dll+1110d8(wow64)|C:\\\\Program Files (x86)\\\\Microsoft\\\\EdgeUpdate\\\\1.3.227.11\\\\msedgeupdate.dll+1827c(wow64)|C:\\\\Program Files (x86)\\\\Microsoft\\\\EdgeUpdate\\\\1.3.227.11\\\\msedgeupdate.dll+17fcc(wow64)|C:\\\\Program Files (x86)\\\\Microsoft\\\\EdgeUpdate\\\\1.3.227.11\\\\msedgeupdate.dll+28c11(wow64)|C:\\\\Program Files (x86)\\\\Microsoft\\\\EdgeUpdate\\\\1.3.227.11\\\\msedgeupdate.dll+10eb56(wow64)|C:\\\\Program Files (x86)\\\\Microsoft\\\\EdgeUpdate\\\\1.3.227.11\\\\msedgeupdate.dll+a54e4(wow64)|C:\\\\Program Files (x86)\\\\Microsoft\\\\EdgeUpdate\\\\1.3.227.11\\\\msedgeupdate.dll+42165(wow64)|C:\\\\Program Files (x86)\\\\Microsoft\\\\EdgeUpdate\\\\1.3.227.11\\\\msedgeupdate.dll+41390(wow64)|C:\\\\Program Files (x86)\\\\Microsoft\\\\EdgeUpdate\\\\1.3.227.11\\\\msedgeupdate.dll+40eba(wow64)|C:\\\\Program Files (x86)\\\\Microsoft\\\\EdgeUpdate\\\\1.3.227.11\\\\msedgeupdate.dll+409ee(wow64)|C:\\\\Program Files (x86)\\\\Microsoft\\\\EdgeUpdate\\\\1.3.227.11\\\\msedgeupdate.dll+744f(wow64)|C:\\\\Program Files (x86)\\\\Microsoft\\\\EdgeUpdate\\\\MicrosoftEdgeUpdate.exe+98a9", "targetUser": "NT AUTHORITY\\\\SYSTEM"}, "system": {"eventID": "10", "keywords": "0x8000000000000000", "providerGuid": "{5770385f-c22a-43e0-bf4c-06f5698ffbd9}", "level": "4", "channel": "Microsoft-Windows-Sysmon/Operational", "opcode": "0", "message": "\"Process accessed:\r\nRuleName: -\r\nUtcTime: 2026-04-06 13:13:16.097\r\nSourceProcessGUID: {81af8987-b16c-69d3-6502-000000001100}\r\nSourceProcessId: 3484\r\nSourceThreadId: 7000\r\nSourceImage: C:\\Program Files (x86)\\Microsoft\\EdgeUpdate\\MicrosoftEdgeUpdate.exe\r\nTargetProcessGUID: {81af8987-68d6-69d3-0c00-000000001100}\r\nTargetProcessId: 668\r\nTargetImage: C:\\Windows\\system32\\lsass.exe\r\nGrantedAccess: 0x1000\r\nCallTrace: C:\\Windows\\SYSTEM32\\ntdll.dll+9dad4|C:\\Windows\\System32\\wow64.dll+10a15|C:\\Windows\\System32\\wow64.dll+90da|C:\\Windows\\System32\\wow64cpu.dll+17c3|C:\\Windows\\System32\\wow64cpu.dll+11b9|C:\\Windows\\System32\\wow64.dll+3989|C:\\Windows\\System32\\wow64.dll+337d|C:\\Windows\\SYSTEM32\\ntdll.dll+d3761|C:\\Windows\\SYSTEM32\\ntdll.dll+75e1b|C:\\Windows\\SYSTEM32\\ntdll.dll+75ca3|C:\\Windows\\SYSTEM32\\ntdll.dll+75c4e|C:\\Windows\\SYSTEM32\\ntdll.dll+7353c(wow64)|C:\\Windows\\System32\\KERNELBASE.dll+1110d8(wow64)|C:\\Program Files (x86)\\Microsoft\\EdgeUpdate\\1.3.227.11\\msedgeupdate.dll+1827c(wow64)|C:\\Program Files (x86)\\Microsoft\\EdgeUpdate\\1.3.227.11\\msedgeupdate.dll+17fcc(wow64)|C:\\Program Files (x86)\\Microsoft\\EdgeUpdate\\1.3.227.11\\msedgeupdate.dll+28c11(wow64)|C:\\Program Files (x86)\\Microsoft\\EdgeUpdate\\1.3.227.11\\msedgeupdate.dll+10eb56(wow64)|C:\\Program Files (x86)\\Microsoft\\EdgeUpdate\\1.3.227.11\\msedgeupdate.dll+a54e4(wow64)|C:\\Program Files (x86)\\Microsoft\\EdgeUpdate\\1.3.227.11\\msedgeupdate.dll+42165(wow64)|C:\\Program Files (x86)\\Microsoft\\EdgeUpdate\\1.3.227.11\\msedgeupdate.dll+41390(wow64)|C:\\Program Files (x86)\\Microsoft\\EdgeUpdate\\1.3.227.11\\msedgeupdate.dll+40eba(wow64)|C:\\Program Files (x86)\\Microsoft\\EdgeUpdate\\1.3.227.11\\msedgeupdate.dll+409ee(wow64)|C:\\Program Files (x86)\\Microsoft\\EdgeUpdate\\1.3.227.11\\msedgeupdate.dll+744f(wow64)|C:\\Program Files (x86)\\Microsoft\\EdgeUpdate\\MicrosoftEdgeUpdate.exe+98a9\r\nSourceUser: NT AUTHORITY\\SYSTEM\r\nTargetUser: NT AUTHORITY\\SYSTEM\"", "version": "3", "systemTime": "2026-04-06T13:13:16.0986576Z", "eventRecordID": "19091", "threadID": "4004", "computer": "DESKTOP-B8DA6QM", "task": "10", "processID": "2724", "severityValue": "INFORMATION", "providerName": "Microsoft-Windows-Sysmon"}}}, "decoder": {"name": "windows_eventchannel"}, "full_log": "{\"win\":{\"system\":{\"providerName\":\"Microsoft-Windows-Sysmon\",\"providerGuid\":\"{5770385f-c22a-43e0-bf4c-06f5698ffbd9}\",\"eventID\":\"10\",\"version\":\"3\",\"level\":\"4\",\"task\":\"10\",\"opcode\":\"0\",\"keywords\":\"0x8000000000000000\",\"systemTime\":\"2026-04-06T13:13:16.0986576Z\",\"eventRecordID\":\"19091\",\"processID\":\"2724\",\"threadID\":\"4004\",\"channel\":\"Microsoft-Windows-Sysmon/Operational\",\"computer\":\"DESKTOP-B8DA6QM\",\"severityValue\":\"INFORMATION\",\"message\":\"\\\"Process accessed:\\r\\nRuleName: -\\r\\nUtcTime: 2026-04-06 13:13:16.097\\r\\nSourceProcessGUID: {81af8987-b16c-69d3-6502-000000001100}\\r\\nSourceProcessId: 3484\\r\\nSourceThreadId: 7000\\r\\nSourceImage: C:\\\\Program Files (x86)\\\\Microsoft\\\\EdgeUpdate\\\\MicrosoftEdgeUpdate.exe\\r\\nTargetProcessGUID: {81af8987-68d6-69d3-0c00-000000001100}\\r\\nTargetProcessId: 668\\r\\nTargetImage: C:\\\\Windows\\\\system32\\\\lsass.exe\\r\\nGrantedAccess: 0x1000\\r\\nCallTrace: C:\\\\Windows\\\\SYSTEM32\\\\ntdll.dll+9dad4|C:\\\\Windows\\\\System32\\\\wow64.dll+10a15|C:\\\\Windows\\\\System32\\\\wow64.dll+90da|C:\\\\Windows\\\\System32\\\\wow64cpu.dll+17c3|C:\\\\Windows\\\\System32\\\\wow64cpu.dll+11b9|C:\\\\Windows\\\\System32\\\\wow64.dll+3989|C:\\\\Windows\\\\System32\\\\wow64.dll+337d|C:\\\\Windows\\\\SYSTEM32\\\\ntdll.dll+d3761|C:\\\\Windows\\\\SYSTEM32\\\\ntdll.dll+75e1b|C:\\\\Windows\\\\SYSTEM32\\\\ntdll.dll+75ca3|C:\\\\Windows\\\\SYSTEM32\\\\ntdll.dll+75c4e|C:\\\\Windows\\\\SYSTEM32\\\\ntdll.dll+7353c(wow64)|C:\\\\Windows\\\\System32\\\\KERNELBASE.dll+1110d8(wow64)|C:\\\\Program Files (x86)\\\\Microsoft\\\\EdgeUpdate\\\\1.3.227.11\\\\msedgeupdate.dll+1827c(wow64)|C:\\\\Program Files (x86)\\\\Microsoft\\\\EdgeUpdate\\\\1.3.227.11\\\\msedgeupdate.dll+17fcc(wow64)|C:\\\\Program Files (x86)\\\\Microsoft\\\\EdgeUpdate\\\\1.3.227.11\\\\msedgeupdate.dll+28c11(wow64)|C:\\\\Program Files (x86)\\\\Microsoft\\\\EdgeUpdate\\\\1.3.227.11\\\\msedgeupdate.dll+10eb56(wow64)|C:\\\\Program Files (x86)\\\\Microsoft\\\\EdgeUpdate\\\\1.3.227.11\\\\msedgeupdate.dll+a54e4(wow64)|C:\\\\Program Files (x86)\\\\Microsoft\\\\EdgeUpdate\\\\1.3.227.11\\\\msedgeupdate.dll+42165(wow64)|C:\\\\Program Files (x86)\\\\Microsoft\\\\EdgeUpdate\\\\1.3.227.11\\\\msedgeupdate.dll+41390(wow64)|C:\\\\Program Files (x86)\\\\Microsoft\\\\EdgeUpdate\\\\1.3.227.11\\\\msedgeupdate.dll+40eba(wow64)|C:\\\\Program Files (x86)\\\\Microsoft\\\\EdgeUpdate\\\\1.3.227.11\\\\msedgeupdate.dll+409ee(wow64)|C:\\\\Program Files (x86)\\\\Microsoft\\\\EdgeUpdate\\\\1.3.227.11\\\\msedgeupdate.dll+744f(wow64)|C:\\\\Program Files (x86)\\\\Microsoft\\\\EdgeUpdate\\\\MicrosoftEdgeUpdate.exe+98a9\\r\\nSourceUser: NT AUTHORITY\\\\SYSTEM\\r\\nTargetUser: NT AUTHORITY\\\\SYSTEM\\\"\"},\"eventdata\":{\"utcTime\":\"2026-04-06 13:13:16.097\",\"sourceProcessGUID\":\"{81af8987-b16c-69d3-6502-000000001100}\",\"sourceProcessId\":\"3484\",\"sourceThreadId\":\"7000\",\"sourceImage\":\"C:\\\\\\\\Program Files (x86)\\\\\\\\Microsoft\\\\\\\\EdgeUpdate\\\\\\\\MicrosoftEdgeUpdate.exe\",\"targetProcessGUID\":\"{81af8987-68d6-69d3-0c00-000000001100}\",\"targetProcessId\":\"668\",\"targetImage\":\"C:\\\\\\\\Windows\\\\\\\\system32\\\\\\\\lsass.exe\",\"grantedAccess\":\"0x1000\",\"callTrace\":\"C:\\\\\\\\Windows\\\\\\\\SYSTEM32\\\\\\\\ntdll.dll+9dad4|C:\\\\\\\\Windows\\\\\\\\System32\\\\\\\\wow64.dll+10a15|C:\\\\\\\\Windows\\\\\\\\System32\\\\\\\\wow64.dll+90da|C:\\\\\\\\Windows\\\\\\\\System32\\\\\\\\wow64cpu.dll+17c3|C:\\\\\\\\Windows\\\\\\\\System32\\\\\\\\wow64cpu.dll+11b9|C:\\\\\\\\Windows\\\\\\\\System32\\\\\\\\wow64.dll+3989|C:\\\\\\\\Windows\\\\\\\\System32\\\\\\\\wow64.dll+337d|C:\\\\\\\\Windows\\\\\\\\SYSTEM32\\\\\\\\ntdll.dll+d3761|C:\\\\\\\\Windows\\\\\\\\SYSTEM32\\\\\\\\ntdll.dll+75e1b|C:\\\\\\\\Windows\\\\\\\\SYSTEM32\\\\\\\\ntdll.dll+75ca3|C:\\\\\\\\Windows\\\\\\\\SYSTEM32\\\\\\\\ntdll.dll+75c4e|C:\\\\\\\\Windows\\\\\\\\SYSTEM32\\\\\\\\ntdll.dll+7353c(wow64)|C:\\\\\\\\Windows\\\\\\\\System32\\\\\\\\KERNELBASE.dll+1110d8(wow64)|C:\\\\\\\\Program Files (x86)\\\\\\\\Microsoft\\\\\\\\EdgeUpdate\\\\\\\\1.3.227.11\\\\\\\\msedgeupdate.dll+1827c(wow64)|C:\\\\\\\\Program Files (x86)\\\\\\\\Microsoft\\\\\\\\EdgeUpdate\\\\\\\\1.3.227.11\\\\\\\\msedgeupdate.dll+17fcc(wow64)|C:\\\\\\\\Program Files (x86)\\\\\\\\Microsoft\\\\\\\\EdgeUpdate\\\\\\\\1.3.227.11\\\\\\\\msedgeupdate.dll+28c11(wow64)|C:\\\\\\\\Program Files (x86)\\\\\\\\Microsoft\\\\\\\\EdgeUpdate\\\\\\\\1.3.227.11\\\\\\\\msedgeupdate.dll+10eb56(wow64)|C:\\\\\\\\Program Files (x86)\\\\\\\\Microsoft\\\\\\\\EdgeUpdate\\\\\\\\1.3.227.11\\\\\\\\msedgeupdate.dll+a54e4(wow64)|C:\\\\\\\\Program Files (x86)\\\\\\\\Microsoft\\\\\\\\EdgeUpdate\\\\\\\\1.3.227.11\\\\\\\\msedgeupdate.dll+42165(wow64)|C:\\\\\\\\Program Files (x86)\\\\\\\\Microsoft\\\\\\\\EdgeUpdate\\\\\\\\1.3.227.11\\\\\\\\msedgeupdate.dll+41390(wow64)|C:\\\\\\\\Program Files (x86)\\\\\\\\Microsoft\\\\\\\\EdgeUpdate\\\\\\\\1.3.227.11\\\\\\\\msedgeupdate.dll+40eba(wow64)|C:\\\\\\\\Program Files (x86)\\\\\\\\Microsoft\\\\\\\\EdgeUpdate\\\\\\\\1.3.227.11\\\\\\\\msedgeupdate.dll+409ee(wow64)|C:\\\\\\\\Program Files (x86)\\\\\\\\Microsoft\\\\\\\\EdgeUpdate\\\\\\\\1.3.227.11\\\\\\\\msedgeupdate.dll+744f(wow64)|C:\\\\\\\\Program Files (x86)\\\\\\\\Microsoft\\\\\\\\EdgeUpdate\\\\\\\\MicrosoftEdgeUpdate.exe+98a9\",\"sourceUser\":\"NT AUTHORITY\\\\\\\\SYSTEM\",\"targetUser\":\"NT AUTHORITY\\\\\\\\SYSTEM\"}}}", "input": {"type": "log"}, "@timestamp": "2026-04-06T13:13:13.911Z", "location": "EventChannel", "id": "1775481193.2988433", "timestamp": "2026-04-06T13:13:13.911+0000"}, "location": "EventChannel", "log_line": "{\"win\":{\"system\":{\"providerName\":\"Microsoft-Windows-Sysmon\",\"providerGuid\":\"{5770385f-c22a-43e0-bf4c-06f5698ffbd9}\",\"eventID\":\"10\",\"version\":\"3\",\"level\":\"4\",\"task\":\"10\",\"opcode\":\"0\",\"keywords\":\"0x8000000000000000\",\"systemTime\":\"2026-04-06T13:13:16.0986576Z\",\"eventRecordID\":\"19091\",\"processID\":\"2724\",\"threadID\":\"4004\",\"channel\":\"Microsoft-Windows-Sysmon/Operational\",\"computer\":\"DESKTOP-B8DA6QM\",\"severityValue\":\"INFORMATION\",\"message\":\"\\\"Process accessed:\\r\\nRuleName: -\\r\\nUtcTime: 2026-04-06 13:13:16.097\\r\\nSourceProcessGUID: {81af8987-b16c-69d3-6502-000000001100}\\r\\nSourceProcessId: 3484\\r\\nSourceThreadId: 7000\\r\\nSourceImage: C:\\\\Program Files (x86)\\\\Microsoft\\\\EdgeUpdate\\\\MicrosoftEdgeUpdate.exe\\r\\nTargetProcessGUID: {81af8987-68d6-69d3-0c00-000000001100}\\r\\nTargetProcessId: 668\\r\\nTargetImage: C:\\\\Windows\\\\system32\\\\lsass.exe\\r\\nGrantedAccess: 0x1000\\r\\nCallTrace: C:\\\\Windows\\\\SYSTEM32\\\\ntdll.dll+9dad4|C:\\\\Windows\\\\System32\\\\wow64.dll+10a15|C:\\\\Windows\\\\System32\\\\wow64.dll+90da|C:\\\\Windows\\\\System32\\\\wow64cpu.dll+17c3|C:\\\\Windows\\\\System32\\\\wow64cpu.dll+11b9|C:\\\\Windows\\\\System32\\\\wow64.dll+3989|C:\\\\Windows\\\\System32\\\\wow64.dll+337d|C:\\\\Windows\\\\SYSTEM32\\\\ntdll.dll+d3761|C:\\\\Windows\\\\SYSTEM32\\\\ntdll.dll+75e1b|C:\\\\Windows\\\\SYSTEM32\\\\ntdll.dll+75ca3|C:\\\\Windows\\\\SYSTEM32\\\\ntdll.dll+75c4e|C:\\\\Windows\\\\SYSTEM32\\\\ntdll.dll+7353c(wow64)|C:\\\\Windows\\\\System32\\\\KERNELBASE.dll+1110d8(wow64)|C:\\\\Program Files (x86)\\\\Microsoft\\\\EdgeUpdate\\\\1.3.227.11\\\\msedgeupdate.dll+1827c(wow64)|C:\\\\Program Files (x86)\\\\Microsoft\\\\EdgeUpdate\\\\1.3.227.11\\\\msedgeupdate.dll+17fcc(wow64)|C:\\\\Program Files (x86)\\\\Microsoft\\\\EdgeUpdate\\\\1.3.227.11\\\\msedgeupdate.dll+28c11(wow64)|C:\\\\Program Files (x86)\\\\Microsoft\\\\EdgeUpdate\\\\1.3.227.11\\\\msedgeupdate.dll+10eb56(wow64)|C:\\\\Program Files (x86)\\\\Microsoft\\\\EdgeUpdate\\\\1.3.227.11\\\\msedgeupdate.dll+a54e4(wow64)|C:\\\\Program Files (x86)\\\\Microsoft\\\\EdgeUpdate\\\\1.3.227.11\\\\msedgeupdate.dll+42165(wow64)|C:\\\\Program Files (x86)\\\\Microsoft\\\\EdgeUpdate\\\\1.3.227.11\\\\msedgeupdate.dll+41390(wow64)|C:\\\\Program Files (x86)\\\\Microsoft\\\\EdgeUpdate\\\\1.3.227.11\\\\msedgeupdate.dll+40eba(wow64)|C:\\\\Program Files (x86)\\\\Microsoft\\\\EdgeUpdate\\\\1.3.227.11\\\\msedgeupdate.dll+409ee(wow64)|C:\\\\Program Files (x86)\\\\Microsoft\\\\EdgeUpdate\\\\1.3.227.11\\\\msedgeupdate.dll+744f(wow64)|C:\\\\Program Files (x86)\\\\Microsoft\\\\EdgeUpdate\\\\MicrosoftEdgeUpdate.exe+98a9\\r\\nSourceUser: NT AUTHORITY\\\\SYSTEM\\r\\nTargetUser: NT AUTHORITY\\\\SYSTEM\\\"\"},\"eventdata\":{\"utcTime\":\"2026-04-06 13:13:16.097\",\"sourceProcessGUID\":\"{81af8987-b16c-69d3-6502-000000001100}\",\"sourceProcessId\":\"3484\",\"sourceThreadId\":\"7000\",\"sourceImage\":\"C:\\\\\\\\Program Files (x86)\\\\\\\\Microsoft\\\\\\\\EdgeUpdate\\\\\\\\MicrosoftEdgeUpdate.exe\",\"targetProcessGUID\":\"{81af8987-68d6-69d3-0c00-000000001100}\",\"targetProcessId\":\"668\",\"targetImage\":\"C:\\\\\\\\Windows\\\\\\\\system32\\\\\\\\lsass.exe\",\"grantedAccess\":\"0x1000\",\"callTrace\":\"C:\\\\\\\\Windows\\\\\\\\SYSTEM32\\\\\\\\ntdll.dll+9dad4|C:\\\\\\\\Windows\\\\\\\\System32\\\\\\\\wow64.dll+10a15|C:\\\\\\\\Windows\\\\\\\\System32\\\\\\\\wow64.dll+90da|C:\\\\\\\\Windows\\\\\\\\System32\\\\\\\\wow64cpu.dll+17c3|C:\\\\\\\\Windows\\\\\\\\System32\\\\\\\\wow64cpu.dll+11b9|C:\\\\\\\\Windows\\\\\\\\System32\\\\\\\\wow64.dll+3989|C:\\\\\\\\Windows\\\\\\\\System32\\\\\\\\wow64.dll+337d|C:\\\\\\\\Windows\\\\\\\\SYSTEM32\\\\\\\\ntdll.dll+d3761|C:\\\\\\\\Windows\\\\\\\\SYSTEM32\\\\\\\\ntdll.dll+75e1b|C:\\\\\\\\Windows\\\\\\\\SYSTEM32\\\\\\\\ntdll.dll+75ca3|C:\\\\\\\\Windows\\\\\\\\SYSTEM32\\\\\\\\ntdll.dll+75c4e|C:\\\\\\\\Windows\\\\\\\\SYSTEM32\\\\\\\\ntdll.dll+7353c(wow64)|C:\\\\\\\\Windows\\\\\\\\System32\\\\\\\\KERNELBASE.dll+1110d8(wow64)|C:\\\\\\\\Program Files (x86)\\\\\\\\Microsoft\\\\\\\\EdgeUpdate\\\\\\\\1.3.227.11\\\\\\\\msedgeupdate.dll+1827c(wow64)|C:\\\\\\\\Program Files (x86)\\\\\\\\Microsoft\\\\\\\\EdgeUpdate\\\\\\\\1.3.227.11\\\\\\\\msedgeupdate.dll+17fcc(wow64)|C:\\\\\\\\Program Files (x86)\\\\\\\\Microsoft\\\\\\\\EdgeUpdate\\\\\\\\1.3.227.11\\\\\\\\msedgeupdate.dll+28c11(wow64)|C:\\\\\\\\Program Files (x86)\\\\\\\\Microsoft\\\\\\\\EdgeUpdate\\\\\\\\1.3.227.11\\\\\\\\msedgeupdate.dll+10eb56(wow64)|C:\\\\\\\\Program Files (x86)\\\\\\\\Microsoft\\\\\\\\EdgeUpdate\\\\\\\\1.3.227.11\\\\\\\\msedgeupdate.dll+a54e4(wow64)|C:\\\\\\\\Program Files (x86)\\\\\\\\Microsoft\\\\\\\\EdgeUpdate\\\\\\\\1.3.227.11\\\\\\\\msedgeupdate.dll+42165(wow64)|C:\\\\\\\\Program Files (x86)\\\\\\\\Microsoft\\\\\\\\EdgeUpdate\\\\\\\\1.3.227.11\\\\\\\\msedgeupdate.dll+41390(wow64)|C:\\\\\\\\Program Files (x86)\\\\\\\\Microsoft\\\\\\\\EdgeUpdate\\\\\\\\1.3.227.11\\\\\\\\msedgeupdate.dll+40eba(wow64)|C:\\\\\\\\Program Files (x86)\\\\\\\\Microsoft\\\\\\\\EdgeUpdate\\\\\\\\1.3.227.11\\\\\\\\msedgeupdate.dll+409ee(wow64)|C:\\\\\\\\Program Files (x86)\\\\\\\\Microsoft\\\\\\\\EdgeUpdate\\\\\\\\1.3.227.11\\\\\\\\msedgeupdate.dll+744f(wow64)|C:\\\\\\\\Program Files (x86)\\\\\\\\Microsoft\\\\\\\\EdgeUpdate\\\\\\\\MicrosoftEdgeUpdate.exe+98a9\",\"sourceUser\":\"NT AUTHORITY\\\\\\\\SYSTEM\",\"targetUser\":\"NT AUTHORITY\\\\\\\\SYSTEM\"}}}"}
2026-04-06 21:24:28,348 [DEBUG] verification.logtest_response | {"attempted": 3, "response": {"title": "Bad Request", "detail": "'log_format' is a required property"}}
2026-04-06 21:24:28,348 [DEBUG] verification.logtest_request | {"attempted": 4, "sample_log": {"agent": {"ip": "192.168.211.22", "name": "win10_test", "id": "004"}, "manager": {"name": "kid"}, "data": {"win": {"eventdata": {"sourceThreadId": "6744", "grantedAccess": "0x1000", "targetProcessGUID": "{81af8987-68d6-69d3-0c00-000000001100}", "targetProcessId": "668", "utcTime": "2026-04-06 13:10:07.644", "sourceUser": "NT AUTHORITY\\\\SYSTEM", "sourceProcessId": "6660", "sourceImage": "C:\\\\Program Files (x86)\\\\Microsoft\\\\EdgeUpdate\\\\MicrosoftEdgeUpdate.exe", "targetImage": "C:\\\\Windows\\\\system32\\\\lsass.exe", "sourceProcessGUID": "{81af8987-b0af-69d3-6402-000000001100}", "callTrace": "C:\\\\Windows\\\\SYSTEM32\\\\ntdll.dll+9dad4|C:\\\\Windows\\\\System32\\\\wow64.dll+10a15|C:\\\\Windows\\\\System32\\\\wow64.dll+90da|C:\\\\Windows\\\\System32\\\\wow64cpu.dll+17c3|C:\\\\Windows\\\\System32\\\\wow64cpu.dll+11b9|C:\\\\Windows\\\\System32\\\\wow64.dll+3989|C:\\\\Windows\\\\System32\\\\wow64.dll+337d|C:\\\\Windows\\\\SYSTEM32\\\\ntdll.dll+d3761|C:\\\\Windows\\\\SYSTEM32\\\\ntdll.dll+75e1b|C:\\\\Windows\\\\SYSTEM32\\\\ntdll.dll+75ca3|C:\\\\Windows\\\\SYSTEM32\\\\ntdll.dll+75c4e|C:\\\\Windows\\\\SYSTEM32\\\\ntdll.dll+7353c(wow64)|C:\\\\Windows\\\\System32\\\\KERNELBASE.dll+1110d8(wow64)|C:\\\\Program Files (x86)\\\\Microsoft\\\\EdgeUpdate\\\\1.3.227.11\\\\msedgeupdate.dll+1827c(wow64)|C:\\\\Program Files (x86)\\\\Microsoft\\\\EdgeUpdate\\\\1.3.227.11\\\\msedgeupdate.dll+17fcc(wow64)|C:\\\\Program Files (x86)\\\\Microsoft\\\\EdgeUpdate\\\\1.3.227.11\\\\msedgeupdate.dll+28c11(wow64)|C:\\\\Program Files (x86)\\\\Microsoft\\\\EdgeUpdate\\\\1.3.227.11\\\\msedgeupdate.dll+10eb56(wow64)|C:\\\\Program Files (x86)\\\\Microsoft\\\\EdgeUpdate\\\\1.3.227.11\\\\msedgeupdate.dll+a54e4(wow64)|C:\\\\Program Files (x86)\\\\Microsoft\\\\EdgeUpdate\\\\1.3.227.11\\\\msedgeupdate.dll+42165(wow64)|C:\\\\Program Files (x86)\\\\Microsoft\\\\EdgeUpdate\\\\1.3.227.11\\\\msedgeupdate.dll+41390(wow64)|C:\\\\Program Files (x86)\\\\Microsoft\\\\EdgeUpdate\\\\1.3.227.11\\\\msedgeupdate.dll+40eba(wow64)|C:\\\\Program Files (x86)\\\\Microsoft\\\\EdgeUpdate\\\\1.3.227.11\\\\msedgeupdate.dll+409ee(wow64)|C:\\\\Program Files (x86)\\\\Microsoft\\\\EdgeUpdate\\\\1.3.227.11\\\\msedgeupdate.dll+744f(wow64)|C:\\\\Program Files (x86)\\\\Microsoft\\\\EdgeUpdate\\\\MicrosoftEdgeUpdate.exe+98a9", "targetUser": "NT AUTHORITY\\\\SYSTEM"}, "system": {"eventID": "10", "keywords": "0x8000000000000000", "providerGuid": "{5770385f-c22a-43e0-bf4c-06f5698ffbd9}", "level": "4", "channel": "Microsoft-Windows-Sysmon/Operational", "opcode": "0", "message": "\"Process accessed:\r\nRuleName: -\r\nUtcTime: 2026-04-06 13:10:07.644\r\nSourceProcessGUID: {81af8987-b0af-69d3-6402-000000001100}\r\nSourceProcessId: 6660\r\nSourceThreadId: 6744\r\nSourceImage: C:\\Program Files (x86)\\Microsoft\\EdgeUpdate\\MicrosoftEdgeUpdate.exe\r\nTargetProcessGUID: {81af8987-68d6-69d3-0c00-000000001100}\r\nTargetProcessId: 668\r\nTargetImage: C:\\Windows\\system32\\lsass.exe\r\nGrantedAccess: 0x1000\r\nCallTrace: C:\\Windows\\SYSTEM32\\ntdll.dll+9dad4|C:\\Windows\\System32\\wow64.dll+10a15|C:\\Windows\\System32\\wow64.dll+90da|C:\\Windows\\System32\\wow64cpu.dll+17c3|C:\\Windows\\System32\\wow64cpu.dll+11b9|C:\\Windows\\System32\\wow64.dll+3989|C:\\Windows\\System32\\wow64.dll+337d|C:\\Windows\\SYSTEM32\\ntdll.dll+d3761|C:\\Windows\\SYSTEM32\\ntdll.dll+75e1b|C:\\Windows\\SYSTEM32\\ntdll.dll+75ca3|C:\\Windows\\SYSTEM32\\ntdll.dll+75c4e|C:\\Windows\\SYSTEM32\\ntdll.dll+7353c(wow64)|C:\\Windows\\System32\\KERNELBASE.dll+1110d8(wow64)|C:\\Program Files (x86)\\Microsoft\\EdgeUpdate\\1.3.227.11\\msedgeupdate.dll+1827c(wow64)|C:\\Program Files (x86)\\Microsoft\\EdgeUpdate\\1.3.227.11\\msedgeupdate.dll+17fcc(wow64)|C:\\Program Files (x86)\\Microsoft\\EdgeUpdate\\1.3.227.11\\msedgeupdate.dll+28c11(wow64)|C:\\Program Files (x86)\\Microsoft\\EdgeUpdate\\1.3.227.11\\msedgeupdate.dll+10eb56(wow64)|C:\\Program Files (x86)\\Microsoft\\EdgeUpdate\\1.3.227.11\\msedgeupdate.dll+a54e4(wow64)|C:\\Program Files (x86)\\Microsoft\\EdgeUpdate\\1.3.227.11\\msedgeupdate.dll+42165(wow64)|C:\\Program Files (x86)\\Microsoft\\EdgeUpdate\\1.3.227.11\\msedgeupdate.dll+41390(wow64)|C:\\Program Files (x86)\\Microsoft\\EdgeUpdate\\1.3.227.11\\msedgeupdate.dll+40eba(wow64)|C:\\Program Files (x86)\\Microsoft\\EdgeUpdate\\1.3.227.11\\msedgeupdate.dll+409ee(wow64)|C:\\Program Files (x86)\\Microsoft\\EdgeUpdate\\1.3.227.11\\msedgeupdate.dll+744f(wow64)|C:\\Program Files (x86)\\Microsoft\\EdgeUpdate\\MicrosoftEdgeUpdate.exe+98a9\r\nSourceUser: NT AUTHORITY\\SYSTEM\r\nTargetUser: NT AUTHORITY\\SYSTEM\"", "version": "3", "systemTime": "2026-04-06T13:10:07.6594573Z", "eventRecordID": "19089", "threadID": "4004", "computer": "DESKTOP-B8DA6QM", "task": "10", "processID": "2724", "severityValue": "INFORMATION", "providerName": "Microsoft-Windows-Sysmon"}}}, "decoder": {"name": "windows_eventchannel"}, "full_log": "{\"win\":{\"system\":{\"providerName\":\"Microsoft-Windows-Sysmon\",\"providerGuid\":\"{5770385f-c22a-43e0-bf4c-06f5698ffbd9}\",\"eventID\":\"10\",\"version\":\"3\",\"level\":\"4\",\"task\":\"10\",\"opcode\":\"0\",\"keywords\":\"0x8000000000000000\",\"systemTime\":\"2026-04-06T13:10:07.6594573Z\",\"eventRecordID\":\"19089\",\"processID\":\"2724\",\"threadID\":\"4004\",\"channel\":\"Microsoft-Windows-Sysmon/Operational\",\"computer\":\"DESKTOP-B8DA6QM\",\"severityValue\":\"INFORMATION\",\"message\":\"\\\"Process accessed:\\r\\nRuleName: -\\r\\nUtcTime: 2026-04-06 13:10:07.644\\r\\nSourceProcessGUID: {81af8987-b0af-69d3-6402-000000001100}\\r\\nSourceProcessId: 6660\\r\\nSourceThreadId: 6744\\r\\nSourceImage: C:\\\\Program Files (x86)\\\\Microsoft\\\\EdgeUpdate\\\\MicrosoftEdgeUpdate.exe\\r\\nTargetProcessGUID: {81af8987-68d6-69d3-0c00-000000001100}\\r\\nTargetProcessId: 668\\r\\nTargetImage: C:\\\\Windows\\\\system32\\\\lsass.exe\\r\\nGrantedAccess: 0x1000\\r\\nCallTrace: C:\\\\Windows\\\\SYSTEM32\\\\ntdll.dll+9dad4|C:\\\\Windows\\\\System32\\\\wow64.dll+10a15|C:\\\\Windows\\\\System32\\\\wow64.dll+90da|C:\\\\Windows\\\\System32\\\\wow64cpu.dll+17c3|C:\\\\Windows\\\\System32\\\\wow64cpu.dll+11b9|C:\\\\Windows\\\\System32\\\\wow64.dll+3989|C:\\\\Windows\\\\System32\\\\wow64.dll+337d|C:\\\\Windows\\\\SYSTEM32\\\\ntdll.dll+d3761|C:\\\\Windows\\\\SYSTEM32\\\\ntdll.dll+75e1b|C:\\\\Windows\\\\SYSTEM32\\\\ntdll.dll+75ca3|C:\\\\Windows\\\\SYSTEM32\\\\ntdll.dll+75c4e|C:\\\\Windows\\\\SYSTEM32\\\\ntdll.dll+7353c(wow64)|C:\\\\Windows\\\\System32\\\\KERNELBASE.dll+1110d8(wow64)|C:\\\\Program Files (x86)\\\\Microsoft\\\\EdgeUpdate\\\\1.3.227.11\\\\msedgeupdate.dll+1827c(wow64)|C:\\\\Program Files (x86)\\\\Microsoft\\\\EdgeUpdate\\\\1.3.227.11\\\\msedgeupdate.dll+17fcc(wow64)|C:\\\\Program Files (x86)\\\\Microsoft\\\\EdgeUpdate\\\\1.3.227.11\\\\msedgeupdate.dll+28c11(wow64)|C:\\\\Program Files (x86)\\\\Microsoft\\\\EdgeUpdate\\\\1.3.227.11\\\\msedgeupdate.dll+10eb56(wow64)|C:\\\\Program Files (x86)\\\\Microsoft\\\\EdgeUpdate\\\\1.3.227.11\\\\msedgeupdate.dll+a54e4(wow64)|C:\\\\Program Files (x86)\\\\Microsoft\\\\EdgeUpdate\\\\1.3.227.11\\\\msedgeupdate.dll+42165(wow64)|C:\\\\Program Files (x86)\\\\Microsoft\\\\EdgeUpdate\\\\1.3.227.11\\\\msedgeupdate.dll+41390(wow64)|C:\\\\Program Files (x86)\\\\Microsoft\\\\EdgeUpdate\\\\1.3.227.11\\\\msedgeupdate.dll+40eba(wow64)|C:\\\\Program Files (x86)\\\\Microsoft\\\\EdgeUpdate\\\\1.3.227.11\\\\msedgeupdate.dll+409ee(wow64)|C:\\\\Program Files (x86)\\\\Microsoft\\\\EdgeUpdate\\\\1.3.227.11\\\\msedgeupdate.dll+744f(wow64)|C:\\\\Program Files (x86)\\\\Microsoft\\\\EdgeUpdate\\\\MicrosoftEdgeUpdate.exe+98a9\\r\\nSourceUser: NT AUTHORITY\\\\SYSTEM\\r\\nTargetUser: NT AUTHORITY\\\\SYSTEM\\\"\"},\"eventdata\":{\"utcTime\":\"2026-04-06 13:10:07.644\",\"sourceProcessGUID\":\"{81af8987-b0af-69d3-6402-000000001100}\",\"sourceProcessId\":\"6660\",\"sourceThreadId\":\"6744\",\"sourceImage\":\"C:\\\\\\\\Program Files (x86)\\\\\\\\Microsoft\\\\\\\\EdgeUpdate\\\\\\\\MicrosoftEdgeUpdate.exe\",\"targetProcessGUID\":\"{81af8987-68d6-69d3-0c00-000000001100}\",\"targetProcessId\":\"668\",\"targetImage\":\"C:\\\\\\\\Windows\\\\\\\\system32\\\\\\\\lsass.exe\",\"grantedAccess\":\"0x1000\",\"callTrace\":\"C:\\\\\\\\Windows\\\\\\\\SYSTEM32\\\\\\\\ntdll.dll+9dad4|C:\\\\\\\\Windows\\\\\\\\System32\\\\\\\\wow64.dll+10a15|C:\\\\\\\\Windows\\\\\\\\System32\\\\\\\\wow64.dll+90da|C:\\\\\\\\Windows\\\\\\\\System32\\\\\\\\wow64cpu.dll+17c3|C:\\\\\\\\Windows\\\\\\\\System32\\\\\\\\wow64cpu.dll+11b9|C:\\\\\\\\Windows\\\\\\\\System32\\\\\\\\wow64.dll+3989|C:\\\\\\\\Windows\\\\\\\\System32\\\\\\\\wow64.dll+337d|C:\\\\\\\\Windows\\\\\\\\SYSTEM32\\\\\\\\ntdll.dll+d3761|C:\\\\\\\\Windows\\\\\\\\SYSTEM32\\\\\\\\ntdll.dll+75e1b|C:\\\\\\\\Windows\\\\\\\\SYSTEM32\\\\\\\\ntdll.dll+75ca3|C:\\\\\\\\Windows\\\\\\\\SYSTEM32\\\\\\\\ntdll.dll+75c4e|C:\\\\\\\\Windows\\\\\\\\SYSTEM32\\\\\\\\ntdll.dll+7353c(wow64)|C:\\\\\\\\Windows\\\\\\\\System32\\\\\\\\KERNELBASE.dll+1110d8(wow64)|C:\\\\\\\\Program Files (x86)\\\\\\\\Microsoft\\\\\\\\EdgeUpdate\\\\\\\\1.3.227.11\\\\\\\\msedgeupdate.dll+1827c(wow64)|C:\\\\\\\\Program Files (x86)\\\\\\\\Microsoft\\\\\\\\EdgeUpdate\\\\\\\\1.3.227.11\\\\\\\\msedgeupdate.dll+17fcc(wow64)|C:\\\\\\\\Program Files (x86)\\\\\\\\Microsoft\\\\\\\\EdgeUpdate\\\\\\\\1.3.227.11\\\\\\\\msedgeupdate.dll+28c11(wow64)|C:\\\\\\\\Program Files (x86)\\\\\\\\Microsoft\\\\\\\\EdgeUpdate\\\\\\\\1.3.227.11\\\\\\\\msedgeupdate.dll+10eb56(wow64)|C:\\\\\\\\Program Files (x86)\\\\\\\\Microsoft\\\\\\\\EdgeUpdate\\\\\\\\1.3.227.11\\\\\\\\msedgeupdate.dll+a54e4(wow64)|C:\\\\\\\\Program Files (x86)\\\\\\\\Microsoft\\\\\\\\EdgeUpdate\\\\\\\\1.3.227.11\\\\\\\\msedgeupdate.dll+42165(wow64)|C:\\\\\\\\Program Files (x86)\\\\\\\\Microsoft\\\\\\\\EdgeUpdate\\\\\\\\1.3.227.11\\\\\\\\msedgeupdate.dll+41390(wow64)|C:\\\\\\\\Program Files (x86)\\\\\\\\Microsoft\\\\\\\\EdgeUpdate\\\\\\\\1.3.227.11\\\\\\\\msedgeupdate.dll+40eba(wow64)|C:\\\\\\\\Program Files (x86)\\\\\\\\Microsoft\\\\\\\\EdgeUpdate\\\\\\\\1.3.227.11\\\\\\\\msedgeupdate.dll+409ee(wow64)|C:\\\\\\\\Program Files (x86)\\\\\\\\Microsoft\\\\\\\\EdgeUpdate\\\\\\\\1.3.227.11\\\\\\\\msedgeupdate.dll+744f(wow64)|C:\\\\\\\\Program Files (x86)\\\\\\\\Microsoft\\\\\\\\EdgeUpdate\\\\\\\\MicrosoftEdgeUpdate.exe+98a9\",\"sourceUser\":\"NT AUTHORITY\\\\\\\\SYSTEM\",\"targetUser\":\"NT AUTHORITY\\\\\\\\SYSTEM\"}}}", "input": {"type": "log"}, "@timestamp": "2026-04-06T13:10:05.463Z", "location": "EventChannel", "id": "1775481005.2983418", "timestamp": "2026-04-06T13:10:05.463+0000"}, "location": "EventChannel", "log_line": "{\"win\":{\"system\":{\"providerName\":\"Microsoft-Windows-Sysmon\",\"providerGuid\":\"{5770385f-c22a-43e0-bf4c-06f5698ffbd9}\",\"eventID\":\"10\",\"version\":\"3\",\"level\":\"4\",\"task\":\"10\",\"opcode\":\"0\",\"keywords\":\"0x8000000000000000\",\"systemTime\":\"2026-04-06T13:10:07.6594573Z\",\"eventRecordID\":\"19089\",\"processID\":\"2724\",\"threadID\":\"4004\",\"channel\":\"Microsoft-Windows-Sysmon/Operational\",\"computer\":\"DESKTOP-B8DA6QM\",\"severityValue\":\"INFORMATION\",\"message\":\"\\\"Process accessed:\\r\\nRuleName: -\\r\\nUtcTime: 2026-04-06 13:10:07.644\\r\\nSourceProcessGUID: {81af8987-b0af-69d3-6402-000000001100}\\r\\nSourceProcessId: 6660\\r\\nSourceThreadId: 6744\\r\\nSourceImage: C:\\\\Program Files (x86)\\\\Microsoft\\\\EdgeUpdate\\\\MicrosoftEdgeUpdate.exe\\r\\nTargetProcessGUID: {81af8987-68d6-69d3-0c00-000000001100}\\r\\nTargetProcessId: 668\\r\\nTargetImage: C:\\\\Windows\\\\system32\\\\lsass.exe\\r\\nGrantedAccess: 0x1000\\r\\nCallTrace: C:\\\\Windows\\\\SYSTEM32\\\\ntdll.dll+9dad4|C:\\\\Windows\\\\System32\\\\wow64.dll+10a15|C:\\\\Windows\\\\System32\\\\wow64.dll+90da|C:\\\\Windows\\\\System32\\\\wow64cpu.dll+17c3|C:\\\\Windows\\\\System32\\\\wow64cpu.dll+11b9|C:\\\\Windows\\\\System32\\\\wow64.dll+3989|C:\\\\Windows\\\\System32\\\\wow64.dll+337d|C:\\\\Windows\\\\SYSTEM32\\\\ntdll.dll+d3761|C:\\\\Windows\\\\SYSTEM32\\\\ntdll.dll+75e1b|C:\\\\Windows\\\\SYSTEM32\\\\ntdll.dll+75ca3|C:\\\\Windows\\\\SYSTEM32\\\\ntdll.dll+75c4e|C:\\\\Windows\\\\SYSTEM32\\\\ntdll.dll+7353c(wow64)|C:\\\\Windows\\\\System32\\\\KERNELBASE.dll+1110d8(wow64)|C:\\\\Program Files (x86)\\\\Microsoft\\\\EdgeUpdate\\\\1.3.227.11\\\\msedgeupdate.dll+1827c(wow64)|C:\\\\Program Files (x86)\\\\Microsoft\\\\EdgeUpdate\\\\1.3.227.11\\\\msedgeupdate.dll+17fcc(wow64)|C:\\\\Program Files (x86)\\\\Microsoft\\\\EdgeUpdate\\\\1.3.227.11\\\\msedgeupdate.dll+28c11(wow64)|C:\\\\Program Files (x86)\\\\Microsoft\\\\EdgeUpdate\\\\1.3.227.11\\\\msedgeupdate.dll+10eb56(wow64)|C:\\\\Program Files (x86)\\\\Microsoft\\\\EdgeUpdate\\\\1.3.227.11\\\\msedgeupdate.dll+a54e4(wow64)|C:\\\\Program Files (x86)\\\\Microsoft\\\\EdgeUpdate\\\\1.3.227.11\\\\msedgeupdate.dll+42165(wow64)|C:\\\\Program Files (x86)\\\\Microsoft\\\\EdgeUpdate\\\\1.3.227.11\\\\msedgeupdate.dll+41390(wow64)|C:\\\\Program Files (x86)\\\\Microsoft\\\\EdgeUpdate\\\\1.3.227.11\\\\msedgeupdate.dll+40eba(wow64)|C:\\\\Program Files (x86)\\\\Microsoft\\\\EdgeUpdate\\\\1.3.227.11\\\\msedgeupdate.dll+409ee(wow64)|C:\\\\Program Files (x86)\\\\Microsoft\\\\EdgeUpdate\\\\1.3.227.11\\\\msedgeupdate.dll+744f(wow64)|C:\\\\Program Files (x86)\\\\Microsoft\\\\EdgeUpdate\\\\MicrosoftEdgeUpdate.exe+98a9\\r\\nSourceUser: NT AUTHORITY\\\\SYSTEM\\r\\nTargetUser: NT AUTHORITY\\\\SYSTEM\\\"\"},\"eventdata\":{\"utcTime\":\"2026-04-06 13:10:07.644\",\"sourceProcessGUID\":\"{81af8987-b0af-69d3-6402-000000001100}\",\"sourceProcessId\":\"6660\",\"sourceThreadId\":\"6744\",\"sourceImage\":\"C:\\\\\\\\Program Files (x86)\\\\\\\\Microsoft\\\\\\\\EdgeUpdate\\\\\\\\MicrosoftEdgeUpdate.exe\",\"targetProcessGUID\":\"{81af8987-68d6-69d3-0c00-000000001100}\",\"targetProcessId\":\"668\",\"targetImage\":\"C:\\\\\\\\Windows\\\\\\\\system32\\\\\\\\lsass.exe\",\"grantedAccess\":\"0x1000\",\"callTrace\":\"C:\\\\\\\\Windows\\\\\\\\SYSTEM32\\\\\\\\ntdll.dll+9dad4|C:\\\\\\\\Windows\\\\\\\\System32\\\\\\\\wow64.dll+10a15|C:\\\\\\\\Windows\\\\\\\\System32\\\\\\\\wow64.dll+90da|C:\\\\\\\\Windows\\\\\\\\System32\\\\\\\\wow64cpu.dll+17c3|C:\\\\\\\\Windows\\\\\\\\System32\\\\\\\\wow64cpu.dll+11b9|C:\\\\\\\\Windows\\\\\\\\System32\\\\\\\\wow64.dll+3989|C:\\\\\\\\Windows\\\\\\\\System32\\\\\\\\wow64.dll+337d|C:\\\\\\\\Windows\\\\\\\\SYSTEM32\\\\\\\\ntdll.dll+d3761|C:\\\\\\\\Windows\\\\\\\\SYSTEM32\\\\\\\\ntdll.dll+75e1b|C:\\\\\\\\Windows\\\\\\\\SYSTEM32\\\\\\\\ntdll.dll+75ca3|C:\\\\\\\\Windows\\\\\\\\SYSTEM32\\\\\\\\ntdll.dll+75c4e|C:\\\\\\\\Windows\\\\\\\\SYSTEM32\\\\\\\\ntdll.dll+7353c(wow64)|C:\\\\\\\\Windows\\\\\\\\System32\\\\\\\\KERNELBASE.dll+1110d8(wow64)|C:\\\\\\\\Program Files (x86)\\\\\\\\Microsoft\\\\\\\\EdgeUpdate\\\\\\\\1.3.227.11\\\\\\\\msedgeupdate.dll+1827c(wow64)|C:\\\\\\\\Program Files (x86)\\\\\\\\Microsoft\\\\\\\\EdgeUpdate\\\\\\\\1.3.227.11\\\\\\\\msedgeupdate.dll+17fcc(wow64)|C:\\\\\\\\Program Files (x86)\\\\\\\\Microsoft\\\\\\\\EdgeUpdate\\\\\\\\1.3.227.11\\\\\\\\msedgeupdate.dll+28c11(wow64)|C:\\\\\\\\Program Files (x86)\\\\\\\\Microsoft\\\\\\\\EdgeUpdate\\\\\\\\1.3.227.11\\\\\\\\msedgeupdate.dll+10eb56(wow64)|C:\\\\\\\\Program Files (x86)\\\\\\\\Microsoft\\\\\\\\EdgeUpdate\\\\\\\\1.3.227.11\\\\\\\\msedgeupdate.dll+a54e4(wow64)|C:\\\\\\\\Program Files (x86)\\\\\\\\Microsoft\\\\\\\\EdgeUpdate\\\\\\\\1.3.227.11\\\\\\\\msedgeupdate.dll+42165(wow64)|C:\\\\\\\\Program Files (x86)\\\\\\\\Microsoft\\\\\\\\EdgeUpdate\\\\\\\\1.3.227.11\\\\\\\\msedgeupdate.dll+41390(wow64)|C:\\\\\\\\Program Files (x86)\\\\\\\\Microsoft\\\\\\\\EdgeUpdate\\\\\\\\1.3.227.11\\\\\\\\msedgeupdate.dll+40eba(wow64)|C:\\\\\\\\Program Files (x86)\\\\\\\\Microsoft\\\\\\\\EdgeUpdate\\\\\\\\1.3.227.11\\\\\\\\msedgeupdate.dll+409ee(wow64)|C:\\\\\\\\Program Files (x86)\\\\\\\\Microsoft\\\\\\\\EdgeUpdate\\\\\\\\1.3.227.11\\\\\\\\msedgeupdate.dll+744f(wow64)|C:\\\\\\\\Program Files (x86)\\\\\\\\Microsoft\\\\\\\\EdgeUpdate\\\\\\\\MicrosoftEdgeUpdate.exe+98a9\",\"sourceUser\":\"NT AUTHORITY\\\\\\\\SYSTEM\",\"targetUser\":\"NT AUTHORITY\\\\\\\\SYSTEM\"}}}"}
2026-04-06 21:24:28,425 [DEBUG] verification.logtest_response | {"attempted": 4, "response": {"title": "Bad Request", "detail": "'log_format' is a required property"}}
