2026-04-11 17:45:29,602 [DEBUG] verification.logtest_request | {"attempted": 1, "sample_log": {"full_log": "{\"win\":{\"system\":{\"providerName\":\"Microsoft-Windows-Sysmon\",\"providerGuid\":\"{5770385f-c22a-43e0-bf4c-06f5698ffbd9}\",\"eventID\":\"1\",\"version\":\"5\",\"level\":\"4\",\"task\":\"1\",\"opcode\":\"0\",\"keywords\":\"0x8000000000000000\",\"systemTime\":\"2026-04-11T09:11:11.9055275Z\",\"eventRecordID\":\"20604\",\"processID\":\"2436\",\"threadID\":\"3200\",\"channel\":\"Microsoft-Windows-Sysmon/Operational\",\"computer\":\"DESKTOP-B8DA6QM\",\"severityValue\":\"INFORMATION\",\"message\":\"\\\"Process Create:\\r\\nRuleName: -\\r\\nUtcTime: 2026-04-11 09:11:11.890\\r\\nProcessGuid: {81af8987-102f-69da-f700-000000001300}\\r\\nProcessId: 368\\r\\nImage: C:\\\\atomic_tests\\\\T1003.001\\\\procdump.exe\\r\\nFileVersion: 11.1\\r\\nDescription: Sysinternals process dump utility\\r\\nProduct: ProcDump\\r\\nCompany: Sysinternals - www.sysinternals.com\\r\\nOriginalFileName: procdump\\r\\nCommandLine: \\\"procdump.exe\\\"  -accepteula -ma lsass.exe \\\"lsass_dump.dmp\\\"\\r\\nCurrentDirectory: C:\\\\atomic_tests\\\\T1003.001\\\\\\r\\nUser: DESKTOP-B8DA6QM\\\\xiang\\r\\nLogonGuid: {81af8987-0c93-69da-0c55-020000000000}\\r\\nLogonId: 0x2550C\\r\\nTerminalSessionId: 1\\r\\nIntegrityLevel: High\\r\\nHashes: SHA256=0983C50ECBB29E08A8629E7C2D68E85DD9D9CC39C59DDB919B427DAACE698682\\r\\nParentProcessGuid: {81af8987-102f-69da-f600-000000001300}\\r\\nParentProcessId: 2108\\r\\nParentImage: C:\\\\Windows\\\\System32\\\\cmd.exe\\r\\nParentCommandLine: C:\\\\Windows\\\\system32\\\\cmd.exe /c \\\"\\\"C:\\\\atomic_tests\\\\T1003.001\\\\Dump-LSASS.bat\\\"\\\"\\r\\nParentUser: DESKTOP-B8DA6QM\\\\xiang\\\"\"},\"eventdata\":{\"utcTime\":\"2026-04-11 09:11:11.890\",\"processGuid\":\"{81af8987-102f-69da-f700-000000001300}\",\"processId\":\"368\",\"image\":\"C:\\\\\\\\atomic_tests\\\\\\\\T1003.001\\\\\\\\procdump.exe\",\"fileVersion\":\"11.1\",\"description\":\"Sysinternals process dump utility\",\"product\":\"ProcDump\",\"company\":\"Sysinternals - www.sysinternals.com\",\"originalFileName\":\"procdump\",\"commandLine\":\"\\\\\\\"procdump.exe\\\\\\\"  -accepteula -ma lsass.exe \\\\\\\"lsass_dump.dmp\\\\\\\"\",\"currentDirectory\":\"C:\\\\\\\\atomic_tests\\\\\\\\T1003.001\\\\\\\\\",\"user\":\"DESKTOP-B8DA6QM\\\\\\\\xiang\",\"logonGuid\":\"{81af8987-0c93-69da-0c55-020000000000}\",\"logonId\":\"0x2550c\",\"terminalSessionId\":\"1\",\"integrityLevel\":\"High\",\"hashes\":\"SHA256=0983C50ECBB29E08A8629E7C2D68E85DD9D9CC39C59DDB919B427DAACE698682\",\"parentProcessGuid\":\"{81af8987-102f-69da-f600-000000001300}\",\"parentProcessId\":\"2108\",\"parentImage\":\"C:\\\\\\\\Windows\\\\\\\\System32\\\\\\\\cmd.exe\",\"parentCommandLine\":\"C:\\\\\\\\Windows\\\\\\\\system32\\\\\\\\cmd.exe /c \\\\\\\"\\\\\\\"C:\\\\\\\\atomic_tests\\\\\\\\T1003.001\\\\\\\\Dump-LSASS.bat\\\\\\\"\\\\\\\"\",\"parentUser\":\"DESKTOP-B8DA6QM\\\\\\\\xiang\"}}}", "location": "EventChannel", "timestamp": "2026-04-11T09:11:11.485+0000", "id": "1775898671.1030156", "agent": {"ip": "192.168.211.22", "name": "win10_test", "id": "004"}, "decoder": {"name": "windows_eventchannel"}, "rule": {"firedtimes": 1, "mail": false, "level": 3, "description": "Suspicious Windows cmd shell execution", "groups": ["sysmon", "sysmon_eid1_detections", "windows"], "mitre": {"technique": ["Account Discovery", "Windows Command Shell"], "id": ["T1087", "T1059.003"], "tactic": ["Discovery", "Execution"]}, "id": "92032"}}, "location": "EventChannel", "log_line": "{\"win\":{\"system\":{\"providerName\":\"Microsoft-Windows-Sysmon\",\"providerGuid\":\"{5770385f-c22a-43e0-bf4c-06f5698ffbd9}\",\"eventID\":\"1\",\"version\":\"5\",\"level\":\"4\",\"task\":\"1\",\"opcode\":\"0\",\"keywords\":\"0x8000000000000000\",\"systemTime\":\"2026-04-11T09:11:11.9055275Z\",\"eventRecordID\":\"20604\",\"processID\":\"2436\",\"threadID\":\"3200\",\"channel\":\"Microsoft-Windows-Sysmon/Operational\",\"computer\":\"DESKTOP-B8DA6QM\",\"severityValue\":\"INFORMATION\",\"message\":\"\\\"Process Create:\\r\\nRuleName: -\\r\\nUtcTime: 2026-04-11 09:11:11.890\\r\\nProcessGuid: {81af8987-102f-69da-f700-000000001300}\\r\\nProcessId: 368\\r\\nImage: C:\\\\atomic_tests\\\\T1003.001\\\\procdump.exe\\r\\nFileVersion: 11.1\\r\\nDescription: Sysinternals process dump utility\\r\\nProduct: ProcDump\\r\\nCompany: Sysinternals - www.sysinternals.com\\r\\nOriginalFileName: procdump\\r\\nCommandLine: \\\"procdump.exe\\\"  -accepteula -ma lsass.exe \\\"lsass_dump.dmp\\\"\\r\\nCurrentDirectory: C:\\\\atomic_tests\\\\T1003.001\\\\\\r\\nUser: DESKTOP-B8DA6QM\\\\xiang\\r\\nLogonGuid: {81af8987-0c93-69da-0c55-020000000000}\\r\\nLogonId: 0x2550C\\r\\nTerminalSessionId: 1\\r\\nIntegrityLevel: High\\r\\nHashes: SHA256=0983C50ECBB29E08A8629E7C2D68E85DD9D9CC39C59DDB919B427DAACE698682\\r\\nParentProcessGuid: {81af8987-102f-69da-f600-000000001300}\\r\\nParentProcessId: 2108\\r\\nParentImage: C:\\\\Windows\\\\System32\\\\cmd.exe\\r\\nParentCommandLine: C:\\\\Windows\\\\system32\\\\cmd.exe /c \\\"\\\"C:\\\\atomic_tests\\\\T1003.001\\\\Dump-LSASS.bat\\\"\\\"\\r\\nParentUser: DESKTOP-B8DA6QM\\\\xiang\\\"\"},\"eventdata\":{\"utcTime\":\"2026-04-11 09:11:11.890\",\"processGuid\":\"{81af8987-102f-69da-f700-000000001300}\",\"processId\":\"368\",\"image\":\"C:\\\\\\\\atomic_tests\\\\\\\\T1003.001\\\\\\\\procdump.exe\",\"fileVersion\":\"11.1\",\"description\":\"Sysinternals process dump utility\",\"product\":\"ProcDump\",\"company\":\"Sysinternals - www.sysinternals.com\",\"originalFileName\":\"procdump\",\"commandLine\":\"\\\\\\\"procdump.exe\\\\\\\"  -accepteula -ma lsass.exe \\\\\\\"lsass_dump.dmp\\\\\\\"\",\"currentDirectory\":\"C:\\\\\\\\atomic_tests\\\\\\\\T1003.001\\\\\\\\\",\"user\":\"DESKTOP-B8DA6QM\\\\\\\\xiang\",\"logonGuid\":\"{81af8987-0c93-69da-0c55-020000000000}\",\"logonId\":\"0x2550c\",\"terminalSessionId\":\"1\",\"integrityLevel\":\"High\",\"hashes\":\"SHA256=0983C50ECBB29E08A8629E7C2D68E85DD9D9CC39C59DDB919B427DAACE698682\",\"parentProcessGuid\":\"{81af8987-102f-69da-f600-000000001300}\",\"parentProcessId\":\"2108\",\"parentImage\":\"C:\\\\\\\\Windows\\\\\\\\System32\\\\\\\\cmd.exe\",\"parentCommandLine\":\"C:\\\\\\\\Windows\\\\\\\\system32\\\\\\\\cmd.exe /c \\\\\\\"\\\\\\\"C:\\\\\\\\atomic_tests\\\\\\\\T1003.001\\\\\\\\Dump-LSASS.bat\\\\\\\"\\\\\\\"\",\"parentUser\":\"DESKTOP-B8DA6QM\\\\\\\\xiang\"}}}"}
2026-04-11 17:45:29,687 [DEBUG] verification.logtest_response | {"attempted": 1, "response": {"title": "Bad Request", "detail": "'log_format' is a required property"}}
2026-04-11 18:49:27,568 [DEBUG] verification.upload_rule_content | {"filename": "test_rule_110001.xml", "rule_id": 110001, "expected_rule_ids": [110001, 110002], "verification_rule_content": "<group name=\"windows,sysmon,credential_dumping,\">\n  <rule id=\"110001\" level=\"15\">\n    <decoded_as>windows_eventchannel</decoded_as>\n    <field name=\"win.system.eventID\">^10$</field>\n    <field name=\"win.eventdata.targetImage\">lsass\\.exe</field>\n    <field name=\"win.eventdata.sourceImage\">procdump|taskmgr|comsvcs|rundll32|sqldump</field>\n    <field name=\"win.eventdata.grantedAccess\">0x1fffff</field>\n    <description>LSASS memory dump detected - Potential credential theft attempt via $(win.eventdata.sourceImage) accessing lsass.exe with full access</description>\n    <mitre>\n      <id>T1003.001</id>\n    </mitre>\n    <group>attack,credential_access,</group>\n  </rule>\n  <rule id=\"110002\" level=\"15\">\n    <decoded_as>json</decoded_as>\n    <field name=\"win.system.eventID\">^10$</field>\n    <field name=\"win.eventdata.targetImage\">lsass\\.exe</field>\n    <field name=\"win.eventdata.sourceImage\">procdump|taskmgr|comsvcs|rundll32|sqldump</field>\n    <field name=\"win.eventdata.grantedAccess\">0x1fffff</field>\n    <description>LSASS memory dump detected - Potential credential theft attempt via $(win.eventdata.sourceImage) accessing lsass.exe with full access</description>\n    <mitre>\n      <id>T1003.001</id>\n    </mitre>\n    <group>attack,credential_access,</group>\n  </rule>\n</group>"}
2026-04-11 18:49:43,925 [DEBUG] verification.selected_candidate_logs | {"selected_mode": "raw_logs_without_llm_selection", "candidate_count": 3, "candidate_raw_logs_count": 3}
2026-04-11 18:49:43,925 [DEBUG] verification.logtest_request | {"attempted": 1, "sample_log": {"full_log": "{\"win\":{\"system\":{\"providerName\":\"Microsoft-Windows-Sysmon\",\"providerGuid\":\"{5770385f-c22a-43e0-bf4c-06f5698ffbd9}\",\"eventID\":\"10\",\"version\":\"3\",\"level\":\"4\",\"task\":\"10\",\"opcode\":\"0\",\"keywords\":\"0x8000000000000000\",\"systemTime\":\"2026-04-11T09:11:12.0517206Z\",\"eventRecordID\":\"20607\",\"processID\":\"2436\",\"threadID\":\"3200\",\"channel\":\"Microsoft-Windows-Sysmon/Operational\",\"computer\":\"DESKTOP-B8DA6QM\",\"severityValue\":\"INFORMATION\",\"message\":\"\\\"Process accessed:\\r\\nRuleName: -\\r\\nUtcTime: 2026-04-11 09:11:12.048\\r\\nSourceProcessGUID: {81af8987-102f-69da-f800-000000001300}\\r\\nSourceProcessId: 364\\r\\nSourceThreadId: 6532\\r\\nSourceImage: C:\\\\atomic_tests\\\\T1003.001\\\\procdump64.exe\\r\\nTargetProcessGUID: {81af8987-0c90-69da-0c00-000000001300}\\r\\nTargetProcessId: 652\\r\\nTargetImage: C:\\\\Windows\\\\system32\\\\lsass.exe\\r\\nGrantedAccess: 0x1FFFFF\\r\\nCallTrace: C:\\\\Windows\\\\SYSTEM32\\\\ntdll.dll+9dad4|C:\\\\Windows\\\\SYSTEM32\\\\ntdll.dll+d79aa|C:\\\\Windows\\\\System32\\\\KERNEL32.DLL+1e20c|C:\\\\Windows\\\\System32\\\\KERNEL32.DLL+2921e|C:\\\\Windows\\\\SYSTEM32\\\\dbgcore.DLL+e681|C:\\\\Windows\\\\SYSTEM32\\\\dbgcore.DLL+1d3d5|C:\\\\Windows\\\\SYSTEM32\\\\dbgcore.DLL+16e45|C:\\\\Windows\\\\SYSTEM32\\\\dbgcore.DLL+63ee|C:\\\\Windows\\\\SYSTEM32\\\\dbgcore.DLL+6ebb|C:\\\\atomic_tests\\\\T1003.001\\\\procdump64.exe+15539|C:\\\\atomic_tests\\\\T1003.001\\\\procdump64.exe+14fba|C:\\\\atomic_tests\\\\T1003.001\\\\procdump64.exe+14cba|C:\\\\atomic_tests\\\\T1003.001\\\\procdump64.exe+14860|C:\\\\Windows\\\\System32\\\\KERNEL32.DLL+17374|C:\\\\Windows\\\\SYSTEM32\\\\ntdll.dll+4cc91\\r\\nSourceUser: DESKTOP-B8DA6QM\\\\xiang\\r\\nTargetUser: NT AUTHORITY\\\\SYSTEM\\\"\"},\"eventdata\":{\"utcTime\":\"2026-04-11 09:11:12.048\",\"sourceProcessGUID\":\"{81af8987-102f-69da-f800-000000001300}\",\"sourceProcessId\":\"364\",\"sourceThreadId\":\"6532\",\"sourceImage\":\"C:\\\\\\\\atomic_tests\\\\\\\\T1003.001\\\\\\\\procdump64.exe\",\"targetProcessGUID\":\"{81af8987-0c90-69da-0c00-000000001300}\",\"targetProcessId\":\"652\",\"targetImage\":\"C:\\\\\\\\Windows\\\\\\\\system32\\\\\\\\lsass.exe\",\"grantedAccess\":\"0x1fffff\",\"callTrace\":\"C:\\\\\\\\Windows\\\\\\\\SYSTEM32\\\\\\\\ntdll.dll+9dad4|C:\\\\\\\\Windows\\\\\\\\SYSTEM32\\\\\\\\ntdll.dll+d79aa|C:\\\\\\\\Windows\\\\\\\\System32\\\\\\\\KERNEL32.DLL+1e20c|C:\\\\\\\\Windows\\\\\\\\System32\\\\\\\\KERNEL32.DLL+2921e|C:\\\\\\\\Windows\\\\\\\\SYSTEM32\\\\\\\\dbgcore.DLL+e681|C:\\\\\\\\Windows\\\\\\\\SYSTEM32\\\\\\\\dbgcore.DLL+1d3d5|C:\\\\\\\\Windows\\\\\\\\SYSTEM32\\\\\\\\dbgcore.DLL+16e45|C:\\\\\\\\Windows\\\\\\\\SYSTEM32\\\\\\\\dbgcore.DLL+63ee|C:\\\\\\\\Windows\\\\\\\\SYSTEM32\\\\\\\\dbgcore.DLL+6ebb|C:\\\\\\\\atomic_tests\\\\\\\\T1003.001\\\\\\\\procdump64.exe+15539|C:\\\\\\\\atomic_tests\\\\\\\\T1003.001\\\\\\\\procdump64.exe+14fba|C:\\\\\\\\atomic_tests\\\\\\\\T1003.001\\\\\\\\procdump64.exe+14cba|C:\\\\\\\\atomic_tests\\\\\\\\T1003.001\\\\\\\\procdump64.exe+14860|C:\\\\\\\\Windows\\\\\\\\System32\\\\\\\\KERNEL32.DLL+17374|C:\\\\\\\\Windows\\\\\\\\SYSTEM32\\\\\\\\ntdll.dll+4cc91\",\"sourceUser\":\"DESKTOP-B8DA6QM\\\\\\\\xiang\",\"targetUser\":\"NT AUTHORITY\\\\\\\\SYSTEM\"}}}", "location": "EventChannel", "timestamp": "2026-04-11T09:11:11.544+0000", "id": "1775898671.1035214", "agent": {"ip": "192.168.211.22", "name": "win10_test", "id": "004"}, "decoder": {"name": "windows_eventchannel"}, "rule": null}, "location": "EventChannel", "log_line": "{\"win\":{\"system\":{\"providerName\":\"Microsoft-Windows-Sysmon\",\"providerGuid\":\"{5770385f-c22a-43e0-bf4c-06f5698ffbd9}\",\"eventID\":\"10\",\"version\":\"3\",\"level\":\"4\",\"task\":\"10\",\"opcode\":\"0\",\"keywords\":\"0x8000000000000000\",\"systemTime\":\"2026-04-11T09:11:12.0517206Z\",\"eventRecordID\":\"20607\",\"processID\":\"2436\",\"threadID\":\"3200\",\"channel\":\"Microsoft-Windows-Sysmon/Operational\",\"computer\":\"DESKTOP-B8DA6QM\",\"severityValue\":\"INFORMATION\",\"message\":\"\\\"Process accessed:\\r\\nRuleName: -\\r\\nUtcTime: 2026-04-11 09:11:12.048\\r\\nSourceProcessGUID: {81af8987-102f-69da-f800-000000001300}\\r\\nSourceProcessId: 364\\r\\nSourceThreadId: 6532\\r\\nSourceImage: C:\\\\atomic_tests\\\\T1003.001\\\\procdump64.exe\\r\\nTargetProcessGUID: {81af8987-0c90-69da-0c00-000000001300}\\r\\nTargetProcessId: 652\\r\\nTargetImage: C:\\\\Windows\\\\system32\\\\lsass.exe\\r\\nGrantedAccess: 0x1FFFFF\\r\\nCallTrace: C:\\\\Windows\\\\SYSTEM32\\\\ntdll.dll+9dad4|C:\\\\Windows\\\\SYSTEM32\\\\ntdll.dll+d79aa|C:\\\\Windows\\\\System32\\\\KERNEL32.DLL+1e20c|C:\\\\Windows\\\\System32\\\\KERNEL32.DLL+2921e|C:\\\\Windows\\\\SYSTEM32\\\\dbgcore.DLL+e681|C:\\\\Windows\\\\SYSTEM32\\\\dbgcore.DLL+1d3d5|C:\\\\Windows\\\\SYSTEM32\\\\dbgcore.DLL+16e45|C:\\\\Windows\\\\SYSTEM32\\\\dbgcore.DLL+63ee|C:\\\\Windows\\\\SYSTEM32\\\\dbgcore.DLL+6ebb|C:\\\\atomic_tests\\\\T1003.001\\\\procdump64.exe+15539|C:\\\\atomic_tests\\\\T1003.001\\\\procdump64.exe+14fba|C:\\\\atomic_tests\\\\T1003.001\\\\procdump64.exe+14cba|C:\\\\atomic_tests\\\\T1003.001\\\\procdump64.exe+14860|C:\\\\Windows\\\\System32\\\\KERNEL32.DLL+17374|C:\\\\Windows\\\\SYSTEM32\\\\ntdll.dll+4cc91\\r\\nSourceUser: DESKTOP-B8DA6QM\\\\xiang\\r\\nTargetUser: NT AUTHORITY\\\\SYSTEM\\\"\"},\"eventdata\":{\"utcTime\":\"2026-04-11 09:11:12.048\",\"sourceProcessGUID\":\"{81af8987-102f-69da-f800-000000001300}\",\"sourceProcessId\":\"364\",\"sourceThreadId\":\"6532\",\"sourceImage\":\"C:\\\\\\\\atomic_tests\\\\\\\\T1003.001\\\\\\\\procdump64.exe\",\"targetProcessGUID\":\"{81af8987-0c90-69da-0c00-000000001300}\",\"targetProcessId\":\"652\",\"targetImage\":\"C:\\\\\\\\Windows\\\\\\\\system32\\\\\\\\lsass.exe\",\"grantedAccess\":\"0x1fffff\",\"callTrace\":\"C:\\\\\\\\Windows\\\\\\\\SYSTEM32\\\\\\\\ntdll.dll+9dad4|C:\\\\\\\\Windows\\\\\\\\SYSTEM32\\\\\\\\ntdll.dll+d79aa|C:\\\\\\\\Windows\\\\\\\\System32\\\\\\\\KERNEL32.DLL+1e20c|C:\\\\\\\\Windows\\\\\\\\System32\\\\\\\\KERNEL32.DLL+2921e|C:\\\\\\\\Windows\\\\\\\\SYSTEM32\\\\\\\\dbgcore.DLL+e681|C:\\\\\\\\Windows\\\\\\\\SYSTEM32\\\\\\\\dbgcore.DLL+1d3d5|C:\\\\\\\\Windows\\\\\\\\SYSTEM32\\\\\\\\dbgcore.DLL+16e45|C:\\\\\\\\Windows\\\\\\\\SYSTEM32\\\\\\\\dbgcore.DLL+63ee|C:\\\\\\\\Windows\\\\\\\\SYSTEM32\\\\\\\\dbgcore.DLL+6ebb|C:\\\\\\\\atomic_tests\\\\\\\\T1003.001\\\\\\\\procdump64.exe+15539|C:\\\\\\\\atomic_tests\\\\\\\\T1003.001\\\\\\\\procdump64.exe+14fba|C:\\\\\\\\atomic_tests\\\\\\\\T1003.001\\\\\\\\procdump64.exe+14cba|C:\\\\\\\\atomic_tests\\\\\\\\T1003.001\\\\\\\\procdump64.exe+14860|C:\\\\\\\\Windows\\\\\\\\System32\\\\\\\\KERNEL32.DLL+17374|C:\\\\\\\\Windows\\\\\\\\SYSTEM32\\\\\\\\ntdll.dll+4cc91\",\"sourceUser\":\"DESKTOP-B8DA6QM\\\\\\\\xiang\",\"targetUser\":\"NT AUTHORITY\\\\\\\\SYSTEM\"}}}"}
2026-04-11 18:49:44,000 [DEBUG] verification.logtest_response | {"attempted": 1, "response": {"title": "Bad Request", "detail": "'log_format' is a required property"}}
2026-04-11 18:49:44,000 [DEBUG] verification.logtest_request | {"attempted": 2, "sample_log": {"full_log": "{\"win\":{\"system\":{\"providerName\":\"Microsoft-Windows-Sysmon\",\"providerGuid\":\"{5770385f-c22a-43e0-bf4c-06f5698ffbd9}\",\"eventID\":\"10\",\"version\":\"3\",\"level\":\"4\",\"task\":\"10\",\"opcode\":\"0\",\"keywords\":\"0x8000000000000000\",\"systemTime\":\"2026-04-11T09:11:12.0352884Z\",\"eventRecordID\":\"20606\",\"processID\":\"2436\",\"threadID\":\"3200\",\"channel\":\"Microsoft-Windows-Sysmon/Operational\",\"computer\":\"DESKTOP-B8DA6QM\",\"severityValue\":\"INFORMATION\",\"message\":\"\\\"Process accessed:\\r\\nRuleName: -\\r\\nUtcTime: 2026-04-11 09:11:12.032\\r\\nSourceProcessGUID: {81af8987-102f-69da-f800-000000001300}\\r\\nSourceProcessId: 364\\r\\nSourceThreadId: 7048\\r\\nSourceImage: C:\\\\atomic_tests\\\\T1003.001\\\\procdump64.exe\\r\\nTargetProcessGUID: {81af8987-0c90-69da-0c00-000000001300}\\r\\nTargetProcessId: 652\\r\\nTargetImage: C:\\\\Windows\\\\system32\\\\lsass.exe\\r\\nGrantedAccess: 0x1FFFFF\\r\\nCallTrace: C:\\\\Windows\\\\SYSTEM32\\\\ntdll.dll+9dad4|C:\\\\Windows\\\\System32\\\\KERNELBASE.dll+28d3e|C:\\\\atomic_tests\\\\T1003.001\\\\procdump64.exe+324f8|C:\\\\Windows\\\\System32\\\\KERNEL32.DLL+17374|C:\\\\Windows\\\\SYSTEM32\\\\ntdll.dll+4cc91\\r\\nSourceUser: DESKTOP-B8DA6QM\\\\xiang\\r\\nTargetUser: NT AUTHORITY\\\\SYSTEM\\\"\"},\"eventdata\":{\"utcTime\":\"2026-04-11 09:11:12.032\",\"sourceProcessGUID\":\"{81af8987-102f-69da-f800-000000001300}\",\"sourceProcessId\":\"364\",\"sourceThreadId\":\"7048\",\"sourceImage\":\"C:\\\\\\\\atomic_tests\\\\\\\\T1003.001\\\\\\\\procdump64.exe\",\"targetProcessGUID\":\"{81af8987-0c90-69da-0c00-000000001300}\",\"targetProcessId\":\"652\",\"targetImage\":\"C:\\\\\\\\Windows\\\\\\\\system32\\\\\\\\lsass.exe\",\"grantedAccess\":\"0x1fffff\",\"callTrace\":\"C:\\\\\\\\Windows\\\\\\\\SYSTEM32\\\\\\\\ntdll.dll+9dad4|C:\\\\\\\\Windows\\\\\\\\System32\\\\\\\\KERNELBASE.dll+28d3e|C:\\\\\\\\atomic_tests\\\\\\\\T1003.001\\\\\\\\procdump64.exe+324f8|C:\\\\\\\\Windows\\\\\\\\System32\\\\\\\\KERNEL32.DLL+17374|C:\\\\\\\\Windows\\\\\\\\SYSTEM32\\\\\\\\ntdll.dll+4cc91\",\"sourceUser\":\"DESKTOP-B8DA6QM\\\\\\\\xiang\",\"targetUser\":\"NT AUTHORITY\\\\\\\\SYSTEM\"}}}", "location": "EventChannel", "timestamp": "2026-04-11T09:11:11.530+0000", "id": "1775898671.1035214", "agent": {"ip": "192.168.211.22", "name": "win10_test", "id": "004"}, "decoder": {"name": "windows_eventchannel"}, "rule": null}, "location": "EventChannel", "log_line": "{\"win\":{\"system\":{\"providerName\":\"Microsoft-Windows-Sysmon\",\"providerGuid\":\"{5770385f-c22a-43e0-bf4c-06f5698ffbd9}\",\"eventID\":\"10\",\"version\":\"3\",\"level\":\"4\",\"task\":\"10\",\"opcode\":\"0\",\"keywords\":\"0x8000000000000000\",\"systemTime\":\"2026-04-11T09:11:12.0352884Z\",\"eventRecordID\":\"20606\",\"processID\":\"2436\",\"threadID\":\"3200\",\"channel\":\"Microsoft-Windows-Sysmon/Operational\",\"computer\":\"DESKTOP-B8DA6QM\",\"severityValue\":\"INFORMATION\",\"message\":\"\\\"Process accessed:\\r\\nRuleName: -\\r\\nUtcTime: 2026-04-11 09:11:12.032\\r\\nSourceProcessGUID: {81af8987-102f-69da-f800-000000001300}\\r\\nSourceProcessId: 364\\r\\nSourceThreadId: 7048\\r\\nSourceImage: C:\\\\atomic_tests\\\\T1003.001\\\\procdump64.exe\\r\\nTargetProcessGUID: {81af8987-0c90-69da-0c00-000000001300}\\r\\nTargetProcessId: 652\\r\\nTargetImage: C:\\\\Windows\\\\system32\\\\lsass.exe\\r\\nGrantedAccess: 0x1FFFFF\\r\\nCallTrace: C:\\\\Windows\\\\SYSTEM32\\\\ntdll.dll+9dad4|C:\\\\Windows\\\\System32\\\\KERNELBASE.dll+28d3e|C:\\\\atomic_tests\\\\T1003.001\\\\procdump64.exe+324f8|C:\\\\Windows\\\\System32\\\\KERNEL32.DLL+17374|C:\\\\Windows\\\\SYSTEM32\\\\ntdll.dll+4cc91\\r\\nSourceUser: DESKTOP-B8DA6QM\\\\xiang\\r\\nTargetUser: NT AUTHORITY\\\\SYSTEM\\\"\"},\"eventdata\":{\"utcTime\":\"2026-04-11 09:11:12.032\",\"sourceProcessGUID\":\"{81af8987-102f-69da-f800-000000001300}\",\"sourceProcessId\":\"364\",\"sourceThreadId\":\"7048\",\"sourceImage\":\"C:\\\\\\\\atomic_tests\\\\\\\\T1003.001\\\\\\\\procdump64.exe\",\"targetProcessGUID\":\"{81af8987-0c90-69da-0c00-000000001300}\",\"targetProcessId\":\"652\",\"targetImage\":\"C:\\\\\\\\Windows\\\\\\\\system32\\\\\\\\lsass.exe\",\"grantedAccess\":\"0x1fffff\",\"callTrace\":\"C:\\\\\\\\Windows\\\\\\\\SYSTEM32\\\\\\\\ntdll.dll+9dad4|C:\\\\\\\\Windows\\\\\\\\System32\\\\\\\\KERNELBASE.dll+28d3e|C:\\\\\\\\atomic_tests\\\\\\\\T1003.001\\\\\\\\procdump64.exe+324f8|C:\\\\\\\\Windows\\\\\\\\System32\\\\\\\\KERNEL32.DLL+17374|C:\\\\\\\\Windows\\\\\\\\SYSTEM32\\\\\\\\ntdll.dll+4cc91\",\"sourceUser\":\"DESKTOP-B8DA6QM\\\\\\\\xiang\",\"targetUser\":\"NT AUTHORITY\\\\\\\\SYSTEM\"}}}"}
2026-04-11 18:49:44,076 [DEBUG] verification.logtest_response | {"attempted": 2, "response": {"title": "Bad Request", "detail": "'log_format' is a required property"}}
2026-04-11 18:49:44,076 [DEBUG] verification.logtest_request | {"attempted": 3, "sample_log": {"full_log": "{\"win\":{\"system\":{\"providerName\":\"Microsoft-Windows-Sysmon\",\"providerGuid\":\"{5770385f-c22a-43e0-bf4c-06f5698ffbd9}\",\"eventID\":\"10\",\"version\":\"3\",\"level\":\"4\",\"task\":\"10\",\"opcode\":\"0\",\"keywords\":\"0x8000000000000000\",\"systemTime\":\"2026-04-11T09:11:11.9617769Z\",\"eventRecordID\":\"20605\",\"processID\":\"2436\",\"threadID\":\"3200\",\"channel\":\"Microsoft-Windows-Sysmon/Operational\",\"computer\":\"DESKTOP-B8DA6QM\",\"severityValue\":\"INFORMATION\",\"message\":\"\\\"Process accessed:\\r\\nRuleName: -\\r\\nUtcTime: 2026-04-11 09:11:11.954\\r\\nSourceProcessGUID: {81af8987-102f-69da-f700-000000001300}\\r\\nSourceProcessId: 368\\r\\nSourceThreadId: 4736\\r\\nSourceImage: C:\\\\atomic_tests\\\\T1003.001\\\\procdump.exe\\r\\nTargetProcessGUID: {81af8987-0c90-69da-0c00-000000001300}\\r\\nTargetProcessId: 652\\r\\nTargetImage: C:\\\\Windows\\\\system32\\\\lsass.exe\\r\\nGrantedAccess: 0x1FFFFF\\r\\nCallTrace: C:\\\\Windows\\\\SYSTEM32\\\\ntdll.dll+9dad4|C:\\\\Windows\\\\System32\\\\wow64.dll+10a15|C:\\\\Windows\\\\System32\\\\wow64.dll+90da|C:\\\\Windows\\\\System32\\\\wow64cpu.dll+17c3|C:\\\\Windows\\\\System32\\\\wow64cpu.dll+11b9|C:\\\\Windows\\\\System32\\\\wow64.dll+3989|C:\\\\Windows\\\\System32\\\\wow64.dll+337d|C:\\\\Windows\\\\SYSTEM32\\\\ntdll.dll+760b9|C:\\\\Windows\\\\SYSTEM32\\\\ntdll.dll+75ca3|C:\\\\Windows\\\\SYSTEM32\\\\ntdll.dll+75c4e|C:\\\\Windows\\\\SYSTEM32\\\\ntdll.dll+7353c(wow64)|C:\\\\Windows\\\\System32\\\\KERNELBASE.dll+1110d8(wow64)|C:\\\\atomic_tests\\\\T1003.001\\\\procdump.exe+2d90e|C:\\\\Windows\\\\System32\\\\KERNEL32.DLL+1fcc9(wow64)|C:\\\\Windows\\\\SYSTEM32\\\\ntdll.dll+6839e(wow64)|C:\\\\Windows\\\\SYSTEM32\\\\ntdll.dll+6836e(wow64)\\r\\nSourceUser: DESKTOP-B8DA6QM\\\\xiang\\r\\nTargetUser: NT AUTHORITY\\\\SYSTEM\\\"\"},\"eventdata\":{\"utcTime\":\"2026-04-11 09:11:11.954\",\"sourceProcessGUID\":\"{81af8987-102f-69da-f700-000000001300}\",\"sourceProcessId\":\"368\",\"sourceThreadId\":\"4736\",\"sourceImage\":\"C:\\\\\\\\atomic_tests\\\\\\\\T1003.001\\\\\\\\procdump.exe\",\"targetProcessGUID\":\"{81af8987-0c90-69da-0c00-000000001300}\",\"targetProcessId\":\"652\",\"targetImage\":\"C:\\\\\\\\Windows\\\\\\\\system32\\\\\\\\lsass.exe\",\"grantedAccess\":\"0x1fffff\",\"callTrace\":\"C:\\\\\\\\Windows\\\\\\\\SYSTEM32\\\\\\\\ntdll.dll+9dad4|C:\\\\\\\\Windows\\\\\\\\System32\\\\\\\\wow64.dll+10a15|C:\\\\\\\\Windows\\\\\\\\System32\\\\\\\\wow64.dll+90da|C:\\\\\\\\Windows\\\\\\\\System32\\\\\\\\wow64cpu.dll+17c3|C:\\\\\\\\Windows\\\\\\\\System32\\\\\\\\wow64cpu.dll+11b9|C:\\\\\\\\Windows\\\\\\\\System32\\\\\\\\wow64.dll+3989|C:\\\\\\\\Windows\\\\\\\\System32\\\\\\\\wow64.dll+337d|C:\\\\\\\\Windows\\\\\\\\SYSTEM32\\\\\\\\ntdll.dll+760b9|C:\\\\\\\\Windows\\\\\\\\SYSTEM32\\\\\\\\ntdll.dll+75ca3|C:\\\\\\\\Windows\\\\\\\\SYSTEM32\\\\\\\\ntdll.dll+75c4e|C:\\\\\\\\Windows\\\\\\\\SYSTEM32\\\\\\\\ntdll.dll+7353c(wow64)|C:\\\\\\\\Windows\\\\\\\\System32\\\\\\\\KERNELBASE.dll+1110d8(wow64)|C:\\\\\\\\atomic_tests\\\\\\\\T1003.001\\\\\\\\procdump.exe+2d90e|C:\\\\\\\\Windows\\\\\\\\System32\\\\\\\\KERNEL32.DLL+1fcc9(wow64)|C:\\\\\\\\Windows\\\\\\\\SYSTEM32\\\\\\\\ntdll.dll+6839e(wow64)|C:\\\\\\\\Windows\\\\\\\\SYSTEM32\\\\\\\\ntdll.dll+6836e(wow64)\",\"sourceUser\":\"DESKTOP-B8DA6QM\\\\\\\\xiang\",\"targetUser\":\"NT AUTHORITY\\\\\\\\SYSTEM\"}}}", "location": "EventChannel", "timestamp": "2026-04-11T09:11:11.514+0000", "id": "1775898671.1035214", "agent": {"ip": "192.168.211.22", "name": "win10_test", "id": "004"}, "decoder": {"name": "windows_eventchannel"}, "rule": null}, "location": "EventChannel", "log_line": "{\"win\":{\"system\":{\"providerName\":\"Microsoft-Windows-Sysmon\",\"providerGuid\":\"{5770385f-c22a-43e0-bf4c-06f5698ffbd9}\",\"eventID\":\"10\",\"version\":\"3\",\"level\":\"4\",\"task\":\"10\",\"opcode\":\"0\",\"keywords\":\"0x8000000000000000\",\"systemTime\":\"2026-04-11T09:11:11.9617769Z\",\"eventRecordID\":\"20605\",\"processID\":\"2436\",\"threadID\":\"3200\",\"channel\":\"Microsoft-Windows-Sysmon/Operational\",\"computer\":\"DESKTOP-B8DA6QM\",\"severityValue\":\"INFORMATION\",\"message\":\"\\\"Process accessed:\\r\\nRuleName: -\\r\\nUtcTime: 2026-04-11 09:11:11.954\\r\\nSourceProcessGUID: {81af8987-102f-69da-f700-000000001300}\\r\\nSourceProcessId: 368\\r\\nSourceThreadId: 4736\\r\\nSourceImage: C:\\\\atomic_tests\\\\T1003.001\\\\procdump.exe\\r\\nTargetProcessGUID: {81af8987-0c90-69da-0c00-000000001300}\\r\\nTargetProcessId: 652\\r\\nTargetImage: C:\\\\Windows\\\\system32\\\\lsass.exe\\r\\nGrantedAccess: 0x1FFFFF\\r\\nCallTrace: C:\\\\Windows\\\\SYSTEM32\\\\ntdll.dll+9dad4|C:\\\\Windows\\\\System32\\\\wow64.dll+10a15|C:\\\\Windows\\\\System32\\\\wow64.dll+90da|C:\\\\Windows\\\\System32\\\\wow64cpu.dll+17c3|C:\\\\Windows\\\\System32\\\\wow64cpu.dll+11b9|C:\\\\Windows\\\\System32\\\\wow64.dll+3989|C:\\\\Windows\\\\System32\\\\wow64.dll+337d|C:\\\\Windows\\\\SYSTEM32\\\\ntdll.dll+760b9|C:\\\\Windows\\\\SYSTEM32\\\\ntdll.dll+75ca3|C:\\\\Windows\\\\SYSTEM32\\\\ntdll.dll+75c4e|C:\\\\Windows\\\\SYSTEM32\\\\ntdll.dll+7353c(wow64)|C:\\\\Windows\\\\System32\\\\KERNELBASE.dll+1110d8(wow64)|C:\\\\atomic_tests\\\\T1003.001\\\\procdump.exe+2d90e|C:\\\\Windows\\\\System32\\\\KERNEL32.DLL+1fcc9(wow64)|C:\\\\Windows\\\\SYSTEM32\\\\ntdll.dll+6839e(wow64)|C:\\\\Windows\\\\SYSTEM32\\\\ntdll.dll+6836e(wow64)\\r\\nSourceUser: DESKTOP-B8DA6QM\\\\xiang\\r\\nTargetUser: NT AUTHORITY\\\\SYSTEM\\\"\"},\"eventdata\":{\"utcTime\":\"2026-04-11 09:11:11.954\",\"sourceProcessGUID\":\"{81af8987-102f-69da-f700-000000001300}\",\"sourceProcessId\":\"368\",\"sourceThreadId\":\"4736\",\"sourceImage\":\"C:\\\\\\\\atomic_tests\\\\\\\\T1003.001\\\\\\\\procdump.exe\",\"targetProcessGUID\":\"{81af8987-0c90-69da-0c00-000000001300}\",\"targetProcessId\":\"652\",\"targetImage\":\"C:\\\\\\\\Windows\\\\\\\\system32\\\\\\\\lsass.exe\",\"grantedAccess\":\"0x1fffff\",\"callTrace\":\"C:\\\\\\\\Windows\\\\\\\\SYSTEM32\\\\\\\\ntdll.dll+9dad4|C:\\\\\\\\Windows\\\\\\\\System32\\\\\\\\wow64.dll+10a15|C:\\\\\\\\Windows\\\\\\\\System32\\\\\\\\wow64.dll+90da|C:\\\\\\\\Windows\\\\\\\\System32\\\\\\\\wow64cpu.dll+17c3|C:\\\\\\\\Windows\\\\\\\\System32\\\\\\\\wow64cpu.dll+11b9|C:\\\\\\\\Windows\\\\\\\\System32\\\\\\\\wow64.dll+3989|C:\\\\\\\\Windows\\\\\\\\System32\\\\\\\\wow64.dll+337d|C:\\\\\\\\Windows\\\\\\\\SYSTEM32\\\\\\\\ntdll.dll+760b9|C:\\\\\\\\Windows\\\\\\\\SYSTEM32\\\\\\\\ntdll.dll+75ca3|C:\\\\\\\\Windows\\\\\\\\SYSTEM32\\\\\\\\ntdll.dll+75c4e|C:\\\\\\\\Windows\\\\\\\\SYSTEM32\\\\\\\\ntdll.dll+7353c(wow64)|C:\\\\\\\\Windows\\\\\\\\System32\\\\\\\\KERNELBASE.dll+1110d8(wow64)|C:\\\\\\\\atomic_tests\\\\\\\\T1003.001\\\\\\\\procdump.exe+2d90e|C:\\\\\\\\Windows\\\\\\\\System32\\\\\\\\KERNEL32.DLL+1fcc9(wow64)|C:\\\\\\\\Windows\\\\\\\\SYSTEM32\\\\\\\\ntdll.dll+6839e(wow64)|C:\\\\\\\\Windows\\\\\\\\SYSTEM32\\\\\\\\ntdll.dll+6836e(wow64)\",\"sourceUser\":\"DESKTOP-B8DA6QM\\\\\\\\xiang\",\"targetUser\":\"NT AUTHORITY\\\\\\\\SYSTEM\"}}}"}
2026-04-11 18:49:44,149 [DEBUG] verification.logtest_response | {"attempted": 3, "response": {"title": "Bad Request", "detail": "'log_format' is a required property"}}
2026-04-11 19:41:29,756 [DEBUG] verification.upload_rule_content | {"filename": "test_rule_110001.xml", "rule_id": 110001, "expected_rule_ids": [110001, 110002], "verification_rule_content": "<group name=\"windows,sysmon,credential_access,\">\n  <rule id=\"110001\" level=\"15\">\n    <decoded_as>windows_eventchannel</decoded_as>\n    <field name=\"win.system.eventID\">^10$</field>\n    <field name=\"win.eventdata.sourceImage\">procdump</field>\n    <field name=\"win.eventdata.targetImage\">lsass\\.exe</field>\n    <field name=\"win.eventdata.grantedAccess\">0x1fffff</field>\n    <description>LSASS memory dump detected - Credential dumping activity via procdump accessing lsass.exe (T1003.001)</description>\n    <mitre>\n      <id>T1003.001</id>\n    </mitre>\n    <group>attack,credential_dump,</group>\n  </rule>\n  <rule id=\"110002\" level=\"15\">\n    <decoded_as>json</decoded_as>\n    <field name=\"win.system.eventID\">^10$</field>\n    <field name=\"win.eventdata.sourceImage\">procdump</field>\n    <field name=\"win.eventdata.targetImage\">lsass\\.exe</field>\n    <field name=\"win.eventdata.grantedAccess\">0x1fffff</field>\n    <description>LSASS memory dump detected - Credential dumping activity via procdump accessing lsass.exe (T1003.001)</description>\n    <mitre>\n      <id>T1003.001</id>\n    </mitre>\n    <group>attack,credential_dump,</group>\n  </rule>\n</group>"}
2026-04-11 19:41:45,851 [DEBUG] verification.selected_candidate_logs | {"selected_mode": "raw_logs_without_llm_selection", "candidate_count": 3, "candidate_raw_logs_count": 3}
2026-04-11 19:41:45,851 [DEBUG] verification.logtest_request | {"attempted": 1, "sample_log": {"full_log": "{\"win\":{\"system\":{\"providerName\":\"Microsoft-Windows-Sysmon\",\"providerGuid\":\"{5770385f-c22a-43e0-bf4c-06f5698ffbd9}\",\"eventID\":\"10\",\"version\":\"3\",\"level\":\"4\",\"task\":\"10\",\"opcode\":\"0\",\"keywords\":\"0x8000000000000000\",\"systemTime\":\"2026-04-11T09:11:12.0517206Z\",\"eventRecordID\":\"20607\",\"processID\":\"2436\",\"threadID\":\"3200\",\"channel\":\"Microsoft-Windows-Sysmon/Operational\",\"computer\":\"DESKTOP-B8DA6QM\",\"severityValue\":\"INFORMATION\",\"message\":\"\\\"Process accessed:\\r\\nRuleName: -\\r\\nUtcTime: 2026-04-11 09:11:12.048\\r\\nSourceProcessGUID: {81af8987-102f-69da-f800-000000001300}\\r\\nSourceProcessId: 364\\r\\nSourceThreadId: 6532\\r\\nSourceImage: C:\\\\atomic_tests\\\\T1003.001\\\\procdump64.exe\\r\\nTargetProcessGUID: {81af8987-0c90-69da-0c00-000000001300}\\r\\nTargetProcessId: 652\\r\\nTargetImage: C:\\\\Windows\\\\system32\\\\lsass.exe\\r\\nGrantedAccess: 0x1FFFFF\\r\\nCallTrace: C:\\\\Windows\\\\SYSTEM32\\\\ntdll.dll+9dad4|C:\\\\Windows\\\\SYSTEM32\\\\ntdll.dll+d79aa|C:\\\\Windows\\\\System32\\\\KERNEL32.DLL+1e20c|C:\\\\Windows\\\\System32\\\\KERNEL32.DLL+2921e|C:\\\\Windows\\\\SYSTEM32\\\\dbgcore.DLL+e681|C:\\\\Windows\\\\SYSTEM32\\\\dbgcore.DLL+1d3d5|C:\\\\Windows\\\\SYSTEM32\\\\dbgcore.DLL+16e45|C:\\\\Windows\\\\SYSTEM32\\\\dbgcore.DLL+63ee|C:\\\\Windows\\\\SYSTEM32\\\\dbgcore.DLL+6ebb|C:\\\\atomic_tests\\\\T1003.001\\\\procdump64.exe+15539|C:\\\\atomic_tests\\\\T1003.001\\\\procdump64.exe+14fba|C:\\\\atomic_tests\\\\T1003.001\\\\procdump64.exe+14cba|C:\\\\atomic_tests\\\\T1003.001\\\\procdump64.exe+14860|C:\\\\Windows\\\\System32\\\\KERNEL32.DLL+17374|C:\\\\Windows\\\\SYSTEM32\\\\ntdll.dll+4cc91\\r\\nSourceUser: DESKTOP-B8DA6QM\\\\xiang\\r\\nTargetUser: NT AUTHORITY\\\\SYSTEM\\\"\"},\"eventdata\":{\"utcTime\":\"2026-04-11 09:11:12.048\",\"sourceProcessGUID\":\"{81af8987-102f-69da-f800-000000001300}\",\"sourceProcessId\":\"364\",\"sourceThreadId\":\"6532\",\"sourceImage\":\"C:\\\\\\\\atomic_tests\\\\\\\\T1003.001\\\\\\\\procdump64.exe\",\"targetProcessGUID\":\"{81af8987-0c90-69da-0c00-000000001300}\",\"targetProcessId\":\"652\",\"targetImage\":\"C:\\\\\\\\Windows\\\\\\\\system32\\\\\\\\lsass.exe\",\"grantedAccess\":\"0x1fffff\",\"callTrace\":\"C:\\\\\\\\Windows\\\\\\\\SYSTEM32\\\\\\\\ntdll.dll+9dad4|C:\\\\\\\\Windows\\\\\\\\SYSTEM32\\\\\\\\ntdll.dll+d79aa|C:\\\\\\\\Windows\\\\\\\\System32\\\\\\\\KERNEL32.DLL+1e20c|C:\\\\\\\\Windows\\\\\\\\System32\\\\\\\\KERNEL32.DLL+2921e|C:\\\\\\\\Windows\\\\\\\\SYSTEM32\\\\\\\\dbgcore.DLL+e681|C:\\\\\\\\Windows\\\\\\\\SYSTEM32\\\\\\\\dbgcore.DLL+1d3d5|C:\\\\\\\\Windows\\\\\\\\SYSTEM32\\\\\\\\dbgcore.DLL+16e45|C:\\\\\\\\Windows\\\\\\\\SYSTEM32\\\\\\\\dbgcore.DLL+63ee|C:\\\\\\\\Windows\\\\\\\\SYSTEM32\\\\\\\\dbgcore.DLL+6ebb|C:\\\\\\\\atomic_tests\\\\\\\\T1003.001\\\\\\\\procdump64.exe+15539|C:\\\\\\\\atomic_tests\\\\\\\\T1003.001\\\\\\\\procdump64.exe+14fba|C:\\\\\\\\atomic_tests\\\\\\\\T1003.001\\\\\\\\procdump64.exe+14cba|C:\\\\\\\\atomic_tests\\\\\\\\T1003.001\\\\\\\\procdump64.exe+14860|C:\\\\\\\\Windows\\\\\\\\System32\\\\\\\\KERNEL32.DLL+17374|C:\\\\\\\\Windows\\\\\\\\SYSTEM32\\\\\\\\ntdll.dll+4cc91\",\"sourceUser\":\"DESKTOP-B8DA6QM\\\\\\\\xiang\",\"targetUser\":\"NT AUTHORITY\\\\\\\\SYSTEM\"}}}", "location": "EventChannel", "timestamp": "2026-04-11T09:11:11.544+0000", "id": "1775898671.1035214", "agent": {"ip": "192.168.211.22", "name": "win10_test", "id": "004"}, "decoder": {"name": "windows_eventchannel"}, "rule": null}, "location": "EventChannel", "log_line": "{\"win\":{\"system\":{\"providerName\":\"Microsoft-Windows-Sysmon\",\"providerGuid\":\"{5770385f-c22a-43e0-bf4c-06f5698ffbd9}\",\"eventID\":\"10\",\"version\":\"3\",\"level\":\"4\",\"task\":\"10\",\"opcode\":\"0\",\"keywords\":\"0x8000000000000000\",\"systemTime\":\"2026-04-11T09:11:12.0517206Z\",\"eventRecordID\":\"20607\",\"processID\":\"2436\",\"threadID\":\"3200\",\"channel\":\"Microsoft-Windows-Sysmon/Operational\",\"computer\":\"DESKTOP-B8DA6QM\",\"severityValue\":\"INFORMATION\",\"message\":\"\\\"Process accessed:\\r\\nRuleName: -\\r\\nUtcTime: 2026-04-11 09:11:12.048\\r\\nSourceProcessGUID: {81af8987-102f-69da-f800-000000001300}\\r\\nSourceProcessId: 364\\r\\nSourceThreadId: 6532\\r\\nSourceImage: C:\\\\atomic_tests\\\\T1003.001\\\\procdump64.exe\\r\\nTargetProcessGUID: {81af8987-0c90-69da-0c00-000000001300}\\r\\nTargetProcessId: 652\\r\\nTargetImage: C:\\\\Windows\\\\system32\\\\lsass.exe\\r\\nGrantedAccess: 0x1FFFFF\\r\\nCallTrace: C:\\\\Windows\\\\SYSTEM32\\\\ntdll.dll+9dad4|C:\\\\Windows\\\\SYSTEM32\\\\ntdll.dll+d79aa|C:\\\\Windows\\\\System32\\\\KERNEL32.DLL+1e20c|C:\\\\Windows\\\\System32\\\\KERNEL32.DLL+2921e|C:\\\\Windows\\\\SYSTEM32\\\\dbgcore.DLL+e681|C:\\\\Windows\\\\SYSTEM32\\\\dbgcore.DLL+1d3d5|C:\\\\Windows\\\\SYSTEM32\\\\dbgcore.DLL+16e45|C:\\\\Windows\\\\SYSTEM32\\\\dbgcore.DLL+63ee|C:\\\\Windows\\\\SYSTEM32\\\\dbgcore.DLL+6ebb|C:\\\\atomic_tests\\\\T1003.001\\\\procdump64.exe+15539|C:\\\\atomic_tests\\\\T1003.001\\\\procdump64.exe+14fba|C:\\\\atomic_tests\\\\T1003.001\\\\procdump64.exe+14cba|C:\\\\atomic_tests\\\\T1003.001\\\\procdump64.exe+14860|C:\\\\Windows\\\\System32\\\\KERNEL32.DLL+17374|C:\\\\Windows\\\\SYSTEM32\\\\ntdll.dll+4cc91\\r\\nSourceUser: DESKTOP-B8DA6QM\\\\xiang\\r\\nTargetUser: NT AUTHORITY\\\\SYSTEM\\\"\"},\"eventdata\":{\"utcTime\":\"2026-04-11 09:11:12.048\",\"sourceProcessGUID\":\"{81af8987-102f-69da-f800-000000001300}\",\"sourceProcessId\":\"364\",\"sourceThreadId\":\"6532\",\"sourceImage\":\"C:\\\\\\\\atomic_tests\\\\\\\\T1003.001\\\\\\\\procdump64.exe\",\"targetProcessGUID\":\"{81af8987-0c90-69da-0c00-000000001300}\",\"targetProcessId\":\"652\",\"targetImage\":\"C:\\\\\\\\Windows\\\\\\\\system32\\\\\\\\lsass.exe\",\"grantedAccess\":\"0x1fffff\",\"callTrace\":\"C:\\\\\\\\Windows\\\\\\\\SYSTEM32\\\\\\\\ntdll.dll+9dad4|C:\\\\\\\\Windows\\\\\\\\SYSTEM32\\\\\\\\ntdll.dll+d79aa|C:\\\\\\\\Windows\\\\\\\\System32\\\\\\\\KERNEL32.DLL+1e20c|C:\\\\\\\\Windows\\\\\\\\System32\\\\\\\\KERNEL32.DLL+2921e|C:\\\\\\\\Windows\\\\\\\\SYSTEM32\\\\\\\\dbgcore.DLL+e681|C:\\\\\\\\Windows\\\\\\\\SYSTEM32\\\\\\\\dbgcore.DLL+1d3d5|C:\\\\\\\\Windows\\\\\\\\SYSTEM32\\\\\\\\dbgcore.DLL+16e45|C:\\\\\\\\Windows\\\\\\\\SYSTEM32\\\\\\\\dbgcore.DLL+63ee|C:\\\\\\\\Windows\\\\\\\\SYSTEM32\\\\\\\\dbgcore.DLL+6ebb|C:\\\\\\\\atomic_tests\\\\\\\\T1003.001\\\\\\\\procdump64.exe+15539|C:\\\\\\\\atomic_tests\\\\\\\\T1003.001\\\\\\\\procdump64.exe+14fba|C:\\\\\\\\atomic_tests\\\\\\\\T1003.001\\\\\\\\procdump64.exe+14cba|C:\\\\\\\\atomic_tests\\\\\\\\T1003.001\\\\\\\\procdump64.exe+14860|C:\\\\\\\\Windows\\\\\\\\System32\\\\\\\\KERNEL32.DLL+17374|C:\\\\\\\\Windows\\\\\\\\SYSTEM32\\\\\\\\ntdll.dll+4cc91\",\"sourceUser\":\"DESKTOP-B8DA6QM\\\\\\\\xiang\",\"targetUser\":\"NT AUTHORITY\\\\\\\\SYSTEM\"}}}"}
2026-04-11 19:41:46,419 [DEBUG] verification.logtest_response | {"attempted": 1, "response": {"error": 0, "data": {"messages": ["INFO: (7202): Session initialized with token '5637b86b'"], "token": "5637b86b", "output": {"timestamp": "2026-04-11T11:41:44.996000Z", "rule": {"level": 15, "description": "LSASS memory dump detected - Credential dumping activity via procdump accessing lsass.exe (T1003.001)", "id": "110002", "mitre": {"id": ["T1003.001"], "tactic": ["Credential Access"], "technique": ["LSASS Memory"]}, "firedtimes": 1, "mail": true, "groups": ["windows", "sysmon", "credential_access", "attack", "credential_dump"]}, "agent": {"id": "000", "name": "kid"}, "manager": {"name": "kid"}, "id": "1775907704.0", "full_log": "{\"win\":{\"system\":{\"providerName\":\"Microsoft-Windows-Sysmon\",\"providerGuid\":\"{5770385f-c22a-43e0-bf4c-06f5698ffbd9}\",\"eventID\":\"10\",\"version\":\"3\",\"level\":\"4\",\"task\":\"10\",\"opcode\":\"0\",\"keywords\":\"0x8000000000000000\",\"systemTime\":\"2026-04-11T09:11:12.0517206Z\",\"eventRecordID\":\"20607\",\"processID\":\"2436\",\"threadID\":\"3200\",\"channel\":\"Microsoft-Windows-Sysmon/Operational\",\"computer\":\"DESKTOP-B8DA6QM\",\"severityValue\":\"INFORMATION\",\"message\":\"\\\"Process accessed:\\r\\nRuleName: -\\r\\nUtcTime: 2026-04-11 09:11:12.048\\r\\nSourceProcessGUID: {81af8987-102f-69da-f800-000000001300}\\r\\nSourceProcessId: 364\\r\\nSourceThreadId: 6532\\r\\nSourceImage: C:\\\\atomic_tests\\\\T1003.001\\\\procdump64.exe\\r\\nTargetProcessGUID: {81af8987-0c90-69da-0c00-000000001300}\\r\\nTargetProcessId: 652\\r\\nTargetImage: C:\\\\Windows\\\\system32\\\\lsass.exe\\r\\nGrantedAccess: 0x1FFFFF\\r\\nCallTrace: C:\\\\Windows\\\\SYSTEM32\\\\ntdll.dll+9dad4|C:\\\\Windows\\\\SYSTEM32\\\\ntdll.dll+d79aa|C:\\\\Windows\\\\System32\\\\KERNEL32.DLL+1e20c|C:\\\\Windows\\\\System32\\\\KERNEL32.DLL+2921e|C:\\\\Windows\\\\SYSTEM32\\\\dbgcore.DLL+e681|C:\\\\Windows\\\\SYSTEM32\\\\dbgcore.DLL+1d3d5|C:\\\\Windows\\\\SYSTEM32\\\\dbgcore.DLL+16e45|C:\\\\Windows\\\\SYSTEM32\\\\dbgcore.DLL+63ee|C:\\\\Windows\\\\SYSTEM32\\\\dbgcore.DLL+6ebb|C:\\\\atomic_tests\\\\T1003.001\\\\procdump64.exe+15539|C:\\\\atomic_tests\\\\T1003.001\\\\procdump64.exe+14fba|C:\\\\atomic_tests\\\\T1003.001\\\\procdump64.exe+14cba|C:\\\\atomic_tests\\\\T1003.001\\\\procdump64.exe+14860|C:\\\\Windows\\\\System32\\\\KERNEL32.DLL+17374|C:\\\\Windows\\\\SYSTEM32\\\\ntdll.dll+4cc91\\r\\nSourceUser: DESKTOP-B8DA6QM\\\\xiang\\r\\nTargetUser: NT AUTHORITY\\\\SYSTEM\\\"\"},\"eventdata\":{\"utcTime\":\"2026-04-11 09:11:12.048\",\"sourceProcessGUID\":\"{81af8987-102f-69da-f800-000000001300}\",\"sourceProcessId\":\"364\",\"sourceThreadId\":\"6532\",\"sourceImage\":\"C:\\\\\\\\atomic_tests\\\\\\\\T1003.001\\\\\\\\procdump64.exe\",\"targetProcessGUID\":\"{81af8987-0c90-69da-0c00-000000001300}\",\"targetProcessId\":\"652\",\"targetImage\":\"C:\\\\\\\\Windows\\\\\\\\system32\\\\\\\\lsass.exe\",\"grantedAccess\":\"0x1fffff\",\"callTrace\":\"C:\\\\\\\\Windows\\\\\\\\SYSTEM32\\\\\\\\ntdll.dll+9dad4|C:\\\\\\\\Windows\\\\\\\\SYSTEM32\\\\\\\\ntdll.dll+d79aa|C:\\\\\\\\Windows\\\\\\\\System32\\\\\\\\KERNEL32.DLL+1e20c|C:\\\\\\\\Windows\\\\\\\\System32\\\\\\\\KERNEL32.DLL+2921e|C:\\\\\\\\Windows\\\\\\\\SYSTEM32\\\\\\\\dbgcore.DLL+e681|C:\\\\\\\\Windows\\\\\\\\SYSTEM32\\\\\\\\dbgcore.DLL+1d3d5|C:\\\\\\\\Windows\\\\\\\\SYSTEM32\\\\\\\\dbgcore.DLL+16e45|C:\\\\\\\\Windows\\\\\\\\SYSTEM32\\\\\\\\dbgcore.DLL+63ee|C:\\\\\\\\Windows\\\\\\\\SYSTEM32\\\\\\\\dbgcore.DLL+6ebb|C:\\\\\\\\atomic_tests\\\\\\\\T1003.001\\\\\\\\procdump64.exe+15539|C:\\\\\\\\atomic_tests\\\\\\\\T1003.001\\\\\\\\procdump64.exe+14fba|C:\\\\\\\\atomic_tests\\\\\\\\T1003.001\\\\\\\\procdump64.exe+14cba|C:\\\\\\\\atomic_tests\\\\\\\\T1003.001\\\\\\\\procdump64.exe+14860|C:\\\\\\\\Windows\\\\\\\\System32\\\\\\\\KERNEL32.DLL+17374|C:\\\\\\\\Windows\\\\\\\\SYSTEM32\\\\\\\\ntdll.dll+4cc91\",\"sourceUser\":\"DESKTOP-B8DA6QM\\\\\\\\xiang\",\"targetUser\":\"NT AUTHORITY\\\\\\\\SYSTEM\"}}}", "decoder": {"name": "json"}, "data": {"win": {"system": {"providerName": "Microsoft-Windows-Sysmon", "providerGuid": "{5770385f-c22a-43e0-bf4c-06f5698ffbd9}", "eventID": "10", "version": "3", "level": "4", "task": "10", "opcode": "0", "keywords": "0x8000000000000000", "systemTime": "2026-04-11T09:11:12.0517206Z", "eventRecordID": "20607", "processID": "2436", "threadID": "3200", "channel": "Microsoft-Windows-Sysmon/Operational", "computer": "DESKTOP-B8DA6QM", "severityValue": "INFORMATION", "message": "\"Process accessed:\r\nRuleName: -\r\nUtcTime: 2026-04-11 09:11:12.048\r\nSourceProcessGUID: {81af8987-102f-69da-f800-000000001300}\r\nSourceProcessId: 364\r\nSourceThreadId: 6532\r\nSourceImage: C:\\atomic_tests\\T1003.001\\procdump64.exe\r\nTargetProcessGUID: {81af8987-0c90-69da-0c00-000000001300}\r\nTargetProcessId: 652\r\nTargetImage: C:\\Windows\\system32\\lsass.exe\r\nGrantedAccess: 0x1FFFFF\r\nCallTrace: C:\\Windows\\SYSTEM32\\ntdll.dll+9dad4|C:\\Windows\\SYSTEM32\\ntdll.dll+d79aa|C:\\Windows\\System32\\KERNEL32.DLL+1e20c|C:\\Windows\\System32\\KERNEL32.DLL+2921e|C:\\Windows\\SYSTEM32\\dbgcore.DLL+e681|C:\\Windows\\SYSTEM32\\dbgcore.DLL+1d3d5|C:\\Windows\\SYSTEM32\\dbgcore.DLL+16e45|C:\\Windows\\SYSTEM32\\dbgcore.DLL+63ee|C:\\Windows\\SYSTEM32\\dbgcore.DLL+6ebb|C:\\atomic_tests\\T1003.001\\procdump64.exe+15539|C:\\atomic_tests\\T1003.001\\procdump64.exe+14fba|C:\\atomic_tests\\T1003.001\\procdump64.exe+14cba|C:\\atomic_tests\\T1003.001\\procdump64.exe+14860|C:\\Windows\\System32\\KERNEL32.DLL+17374|C:\\Windows\\SYSTEM32\\ntdll.dll+4cc91\r\nSourceUser: DESKTOP-B8DA6QM\\xiang\r\nTargetUser: NT AUTHORITY\\SYSTEM\""}, "eventdata": {"utcTime": "2026-04-11 09:11:12.048", "sourceProcessGUID": "{81af8987-102f-69da-f800-000000001300}", "sourceProcessId": "364", "sourceThreadId": "6532", "sourceImage": "C:\\\\atomic_tests\\\\T1003.001\\\\procdump64.exe", "targetProcessGUID": "{81af8987-0c90-69da-0c00-000000001300}", "targetProcessId": "652", "targetImage": "C:\\\\Windows\\\\system32\\\\lsass.exe", "grantedAccess": "0x1fffff", "callTrace": "C:\\\\Windows\\\\SYSTEM32\\\\ntdll.dll+9dad4|C:\\\\Windows\\\\SYSTEM32\\\\ntdll.dll+d79aa|C:\\\\Windows\\\\System32\\\\KERNEL32.DLL+1e20c|C:\\\\Windows\\\\System32\\\\KERNEL32.DLL+2921e|C:\\\\Windows\\\\SYSTEM32\\\\dbgcore.DLL+e681|C:\\\\Windows\\\\SYSTEM32\\\\dbgcore.DLL+1d3d5|C:\\\\Windows\\\\SYSTEM32\\\\dbgcore.DLL+16e45|C:\\\\Windows\\\\SYSTEM32\\\\dbgcore.DLL+63ee|C:\\\\Windows\\\\SYSTEM32\\\\dbgcore.DLL+6ebb|C:\\\\atomic_tests\\\\T1003.001\\\\procdump64.exe+15539|C:\\\\atomic_tests\\\\T1003.001\\\\procdump64.exe+14fba|C:\\\\atomic_tests\\\\T1003.001\\\\procdump64.exe+14cba|C:\\\\atomic_tests\\\\T1003.001\\\\procdump64.exe+14860|C:\\\\Windows\\\\System32\\\\KERNEL32.DLL+17374|C:\\\\Windows\\\\SYSTEM32\\\\ntdll.dll+4cc91", "sourceUser": "DESKTOP-B8DA6QM\\\\xiang", "targetUser": "NT AUTHORITY\\\\SYSTEM"}}}, "location": "EventChannel"}, "alert": true, "codemsg": 0}}}
