2026-04-06 20:21:11,318 [DEBUG] verification.upload_rule_content | {"filename": "test_rule_110001.xml", "rule_id": 110001, "expected_rule_ids": [110001, 110002, 110003, 110004], "verification_rule_content": "<group name=\"windows,credential_dumping,attack,\">\n  <rule id=\"110001\" level=\"15\">\n    <decoded_as>windows_eventchannel</decoded_as>\n    <field name=\"win.system.eventID\">^10$</field>\n    <field name=\"win.system.channel\">Microsoft-Windows-Sysmon/Operational</field>\n    <field name=\"win.eventdata.targetImage\">lsass\\.exe$</field>\n    <description>LSASS memory dump attempt detected - Sysmon Event ID 10 shows process accessing LSASS memory on $(win.system.computer)</description>\n    <mitre>\n      <id>T1003</id>\n      <id>T1003.001</id>\n    </mitre>\n    <group>sysmon,lsass_dump,</group>\n  </rule>\n  <rule id=\"110003\" level=\"15\">\n    <decoded_as>json</decoded_as>\n    <field name=\"win.system.eventID\">^10$</field>\n    <field name=\"win.system.channel\">Microsoft-Windows-Sysmon/Operational</field>\n    <field name=\"win.eventdata.targetImage\">lsass\\.exe$</field>\n    <description>LSASS memory dump attempt detected - Sysmon Event ID 10 shows process accessing LSASS memory on $(win.system.computer)</description>\n    <mitre>\n      <id>T1003</id>\n      <id>T1003.001</id>\n    </mitre>\n    <group>sysmon,lsass_dump,</group>\n  </rule>\n  <rule id=\"110002\" level=\"15\">\n    <decoded_as>windows_eventchannel</decoded_as>\n    <field name=\"win.system.eventID\">^4688$</field>\n    <field name=\"win.system.channel\">Security</field>\n    <field name=\"win.eventdata.newProcessName\">(?i)(procdump\\.exe|taskmgr\\.exe|dumpert\\.exe|comsvcs\\.dll)$</field>\n    <description>Known credential dumping tool executed - $(win.eventdata.newProcessName) detected on $(win.system.computer)</description>\n    <mitre>\n      <id>T1003</id>\n      <id>T1003.001</id>\n    </mitre>\n    <group>process_execution,lsass_dump,</group>\n  </rule>\n  <rule id=\"110004\" level=\"15\">\n    <decoded_as>json</decoded_as>\n    <field name=\"win.system.eventID\">^4688$</field>\n    <field name=\"win.system.channel\">Security</field>\n    <field name=\"win.eventdata.newProcessName\">(?i)(procdump\\.exe|taskmgr\\.exe|dumpert\\.exe|comsvcs\\.dll)$</field>\n    <description>Known credential dumping tool executed - $(win.eventdata.newProcessName) detected on $(win.system.computer)</description>\n    <mitre>\n      <id>T1003</id>\n      <id>T1003.001</id>\n    </mitre>\n    <group>process_execution,lsass_dump,</group>\n  </rule>\n</group>"}
2026-04-06 20:24:07,954 [DEBUG] verification.upload_rule_content | {"filename": "test_rule_110001.xml", "rule_id": 110001, "expected_rule_ids": [110001, 110002], "verification_rule_content": "<group name=\"windows,credential_dumping,attack,\">\n  <rule id=\"110001\" level=\"12\">\n    <if_sid>601,602</if_sid>\n    <field name=\"win.system.eventID\">^10$</field>\n    <field name=\"win.eventdata.targetImage\">.*lsass\\.exe</field>\n    <field name=\"win.system.channel\">Microsoft-Windows-Sysmon/Operational</field>\n    <description>LSASS memory dump attempt detected - Possible credential dumping attack from $(win.eventdata.sourceImage) to lsass.exe with access $(win.eventdata.grantedAccess)</description>\n    <mitre>\n      <id>T1003</id>\n    </mitre>\n    <group>sysmon,lsass_dump,</group>\n  </rule>\n  <rule id=\"110002\" level=\"12\">\n    <if_sid>601</if_sid>\n    <field name=\"win.system.eventID\">^4688$</field>\n    <field name=\"win.system.channel\">^Security$</field>\n    <regex type=\"pcre2\">(?i)(procdump\\.exe|taskmgr\\.exe|dumpert\\.exe|comsvcs\\.dll)</regex>\n    <field name=\"win.eventdata.newProcessName\">.*</field>\n    <description>Known LSASS dumping tool execution detected - $(win.eventdata.newProcessName) executed by $(win.eventdata.subjectUserName)</description>\n    <mitre>\n      <id>T1003</id>\n    </mitre>\n    <group>process_execution,lsass_dump,</group>\n  </rule>\n</group>"}
2026-04-06 20:24:37,283 [DEBUG] verification.selected_candidate_logs | {"chosen_indices": [4, 3, 2, 1, 0], "candidate_logs": [{"timestamp": "2026-04-06T12:05:11.503+0000", "event_id": "10", "channel": "Microsoft-Windows-Sysmon/Operational", "source_image": "C:\\Program Files (x86)\\ossec-agent\\wazuh-agent.exe", "target_image": "C:\\Windows\\system32\\lsass.exe", "granted_access": "0x1410", "source_user": "NT AUTHORITY\\SYSTEM"}, {"timestamp": "2026-04-06T12:05:11.504+0000", "event_id": "10", "channel": "Microsoft-Windows-Sysmon/Operational", "source_image": "C:\\Program Files (x86)\\ossec-agent\\wazuh-agent.exe", "target_image": "C:\\Windows\\system32\\lsass.exe", "granted_access": "0x1000", "source_user": "NT AUTHORITY\\SYSTEM"}, {"timestamp": "2026-04-06T12:06:40.784+0000", "event_id": "10", "channel": "Microsoft-Windows-Sysmon/Operational", "source_image": "C:\\Windows\\system32\\svchost.exe", "target_image": "C:\\Windows\\system32\\lsass.exe", "granted_access": "0x1000", "source_user": "NT AUTHORITY\\SYSTEM"}, {"timestamp": "2026-04-06T12:10:05.435+0000", "event_id": "10", "channel": "Microsoft-Windows-Sysmon/Operational", "source_image": "C:\\Program Files (x86)\\Microsoft\\EdgeUpdate\\MicrosoftEdgeUpdate.exe", "target_image": "C:\\Windows\\system32\\lsass.exe", "granted_access": "0x1000", "source_user": "NT AUTHORITY\\SYSTEM"}, {"timestamp": "2026-04-06T12:13:13.886+0000", "event_id": "10", "channel": "Microsoft-Windows-Sysmon/Operational", "source_image": "C:\\Program Files (x86)\\Microsoft\\EdgeUpdate\\MicrosoftEdgeUpdate.exe", "target_image": "C:\\Windows\\system32\\lsass.exe", "granted_access": "0x1000", "source_user": "NT AUTHORITY\\SYSTEM"}], "candidate_raw_logs_count": 5}
2026-04-06 21:23:32,283 [DEBUG] verification.upload_rule_content | {"filename": "test_rule_110001.xml", "rule_id": 110001, "expected_rule_ids": [110001, 110002], "verification_rule_content": "<group name=\"windows,sysmon,credential_dumping,\">\n  <rule id=\"110001\" level=\"10\">\n    <decoded_as>windows_eventchannel</decoded_as>\n    <field name=\"win.system.eventID\">^10$</field>\n    <field name=\"win.system.channel\">Microsoft-Windows-Sysmon/Operational</field>\n    <field name=\"win.eventdata.targetImage\">lsass\\.exe</field>\n    <field name=\"win.eventdata.grantedAccess\">0x1000</field>\n    <mitre>\n      <id>T1003.001</id>\n    </mitre>\n    <description>Sysmon: LSASS memory access detected - potential credential dumping attempt (T1003.001)</description>\n  </rule>\n  <rule id=\"110002\" level=\"10\">\n    <decoded_as>json</decoded_as>\n    <field name=\"win.system.eventID\">^10$</field>\n    <field name=\"win.system.channel\">Microsoft-Windows-Sysmon/Operational</field>\n    <field name=\"win.eventdata.targetImage\">lsass\\.exe</field>\n    <field name=\"win.eventdata.grantedAccess\">0x1000</field>\n    <mitre>\n      <id>T1003.001</id>\n    </mitre>\n    <description>Sysmon: LSASS memory access detected - potential credential dumping attempt (T1003.001)</description>\n  </rule>\n</group>"}
2026-04-06 21:24:27,955 [DEBUG] verification.selected_candidate_logs | {"chosen_indices": [0, 1, 2, 3, 4, 6, 7, 8], "candidate_logs": [{"_index": "wazuh-archives-4.x-2026.04.06", "_id": "mcfyYp0BNKZv-1o_F95E", "_source": {"agent": {"ip": "192.168.211.22", "name": "win10_test", "id": "004"}, "manager": {"name": "kid"}, "decoder": {"name": "windows_eventchannel"}, "location": "EventChannel", "@timestamp": "2026-04-06T13:18:39.010Z", "timestamp": "2026-04-06T13:18:39.010+0000", "id": "1775481519.2993597", "data": {"win": {"eventdata": {"sourceThreadId": "3460", "grantedAccess": "0x1000", "targetProcessGUID": "{81af8987-68d6-69d3-0c00-000000001100}", "targetProcessId": "668", "utcTime": "2026-04-06 13:18:41.172", "sourceUser": "NT AUTHORITY\\\\SYSTEM", "sourceProcessId": "780", "sourceImage": "C:\\\\Windows\\\\system32\\\\svchost.exe", "targetImage": "C:\\\\Windows\\\\system32\\\\lsass.exe", "sourceProcessGUID": "{81af8987-68d7-69d3-0d00-000000001100}", "callTrace": "C:\\\\Windows\\\\SYSTEM32\\\\ntdll.dll+9dad4|C:\\\\Windows\\\\System32\\\\KERNELBASE.dll+6b226|c:\\\\windows\\\\system32\\\\lsm.dll+ed18|c:\\\\windows\\\\system32\\\\lsm.dll+e18b|c:\\\\windows\\\\system32\\\\lsm.dll+11f3e|C:\\\\Windows\\\\System32\\\\RPCRT4.dll+7d7d3|C:\\\\Windows\\\\System32\\\\RPCRT4.dll+ddeeb|C:\\\\Windows\\\\System32\\\\RPCRT4.dll+5de3c|C:\\\\Windows\\\\System32\\\\RPCRT4.dll+5a8a8|C:\\\\Windows\\\\System32\\\\RPCRT4.dll+35106|C:\\\\Windows\\\\System32\\\\RPCRT4.dll+34a58|C:\\\\Windows\\\\System32\\\\RPCRT4.dll+41c7f|C:\\\\Windows\\\\System32\\\\RPCRT4.dll+41088|C:\\\\Windows\\\\System32\\\\RPCRT4.dll+40671|C:\\\\Windows\\\\System32\\\\RPCRT4.dll+400de|C:\\\\Windows\\\\System32\\\\RPCRT4.dll+44732|C:\\\\Windows\\\\SYSTEM32\\\\ntdll.dll+20330|C:\\\\Windows\\\\SYSTEM32\\\\ntdll.dll+4d566|C:\\\\Windows\\\\System32\\\\KERNEL32.DLL+17374|C:\\\\Windows\\\\SYSTEM32\\\\ntdll.dll+4cc91", "targetUser": "NT AUTHORITY\\\\SYSTEM"}, "system": {"eventID": "10", "keywords": "0x8000000000000000", "providerGuid": "{5770385f-c22a-43e0-bf4c-06f5698ffbd9}", "level": "4", "channel": "Microsoft-Windows-Sysmon/Operational", "opcode": "0", "message": "\"Process accessed:\r\nRuleName: -\r\nUtcTime: 2026-04-06 13:18:41.172\r\nSourceProcessGUID: {81af8987-68d7-69d3-0d00-000000001100}\r\nSourceProcessId: 780\r\nSourceThreadId: 3460\r\nSourceImage: C:\\Windows\\system32\\svchost.exe\r\nTargetProcessGUID: {81af8987-68d6-69d3-0c00-000000001100}\r\nTargetProcessId: 668\r\nTargetImage: C:\\Windows\\system32\\lsass.exe\r\nGrantedAccess: 0x1000\r\nCallTrace: C:\\Windows\\SYSTEM32\\ntdll.dll+9dad4|C:\\Windows\\System32\\KERNELBASE.dll+6b226|c:\\windows\\system32\\lsm.dll+ed18|c:\\windows\\system32\\lsm.dll+e18b|c:\\windows\\system32\\lsm.dll+11f3e|C:\\Windows\\System32\\RPCRT4.dll+7d7d3|C:\\Windows\\System32\\RPCRT4.dll+ddeeb|C:\\Windows\\System32\\RPCRT4.dll+5de3c|C:\\Windows\\System32\\RPCRT4.dll+5a8a8|C:\\Windows\\System32\\RPCRT4.dll+35106|C:\\Windows\\System32\\RPCRT4.dll+34a58|C:\\Windows\\System32\\RPCRT4.dll+41c7f|C:\\Windows\\System32\\RPCRT4.dll+41088|C:\\Windows\\System32\\RPCRT4.dll+40671|C:\\Windows\\System32\\RPCRT4.dll+400de|C:\\Windows\\System32\\RPCRT4.dll+44732|C:\\Windows\\SYSTEM32\\ntdll.dll+20330|C:\\Windows\\SYSTEM32\\ntdll.dll+4d566|C:\\Windows\\System32\\KERNEL32.DLL+17374|C:\\Windows\\SYSTEM32\\ntdll.dll+4cc91\r\nSourceUser: NT AUTHORITY\\SYSTEM\r\nTargetUser: NT AUTHORITY\\SYSTEM\"", "version": "3", "systemTime": "2026-04-06T13:18:41.1768171Z", "eventRecordID": "19094", "threadID": "4004", "computer": "DESKTOP-B8DA6QM", "task": "10", "processID": "2724", "severityValue": "INFORMATION", "providerName": "Microsoft-Windows-Sysmon"}}}, "full_log": "{\"win\":{\"system\":{\"providerName\":\"Microsoft-Windows-Sysmon\",\"providerGuid\":\"{5770385f-c22a-43e0-bf4c-06f5698ffbd9}\",\"eventID\":\"10\",\"version\":\"3\",\"level\":\"4\",\"task\":\"10\",\"opcode\":\"0\",\"keywords\":\"0x8000000000000000\",\"systemTime\":\"2026-04-06T13:18:41.1768171Z\",\"eventRecordID\":\"19094\",\"processID\":\"2724\",\"threadID\":\"4004\",\"channel\":\"Microsoft-Windows-Sysmon/Operational\",\"computer\":\"DESKTOP-B8DA6QM\",\"severityValue\":\"INFORMATION\",\"message\":\"\\\"Process accessed:\\r\\nRuleName: -\\r\\nUtcTime: 2026-04-06 13:18:41.172\\r\\nSourceProcessGUID: {81af8987-68d7-69d3-0d00-000000001100}\\r\\nSourceProcessId: 780\\r\\nSourceThreadId: 3460\\r\\nSourceImage: C:\\\\Windows\\\\system32\\\\svchost.exe\\r\\nTargetProcessGUID: {81af8987-68d6-69d3-0c00-000000001100}\\r\\nTargetProcessId: 668\\r\\nTargetImage: C:\\\\Windows\\\\system32\\\\lsass.exe\\r\\nGrantedAccess: 0x1000\\r\\nCallTrace: C:\\\\Windows\\\\SYSTEM32\\\\ntdll.dll+9dad4|C:\\\\Windows\\\\System32\\\\KERNELBASE.dll+6b226|c:\\\\windows\\\\system32\\\\lsm.dll+ed18|c:\\\\windows\\\\system32\\\\lsm.dll+e18b|c:\\\\windows\\\\system32\\\\lsm.dll+11f3e|C:\\\\Windows\\\\System32\\\\RPCRT4.dll+7d7d3|C:\\\\Windows\\\\System32\\\\RPCRT4.dll+ddeeb|C:\\\\Windows\\\\System32\\\\RPCRT4.dll+5de3c|C:\\\\Windows\\\\System32\\\\RPCRT4.dll+5a8a8|C:\\\\Windows\\\\System32\\\\RPCRT4.dll+35106|C:\\\\Windows\\\\System32\\\\RPCRT4.dll+34a58|C:\\\\Windows\\\\System32\\\\RPCRT4.dll+41c7f|C:\\\\Windows\\\\System32\\\\RPCRT4.dll+41088|C:\\\\Windows\\\\System32\\\\RPCRT4.dll+40671|C:\\\\Windows\\\\System32\\\\RPCRT4.dll+400de|C:\\\\Windows\\\\System32\\\\RPCRT4.dll+44732|C:\\\\Windows\\\\SYSTEM32\\\\ntdll.dll+20330|C:\\\\Windows\\\\SYSTEM32\\\\ntdll.dll+4d566|C:\\\\Windows\\\\System32\\\\KERNEL32.DLL+17374|C:\\\\Windows\\\\SYSTEM32\\\\ntdll.dll+4cc91\\r\\nSourceUser: NT AUTHORITY\\\\SYSTEM\\r\\nTargetUser: NT AUTHORITY\\\\SYSTEM\\\"\"},\"eventdata\":{\"utcTime\":\"2026-04-06 13:18:41.172\",\"sourceProcessGUID\":\"{81af8987-68d7-69d3-0d00-000000001100}\",\"sourceProcessId\":\"780\",\"sourceThreadId\":\"3460\",\"sourceImage\":\"C:\\\\\\\\Windows\\\\\\\\system32\\\\\\\\svchost.exe\",\"targetProcessGUID\":\"{81af8987-68d6-69d3-0c00-000000001100}\",\"targetProcessId\":\"668\",\"targetImage\":\"C:\\\\\\\\Windows\\\\\\\\system32\\\\\\\\lsass.exe\",\"grantedAccess\":\"0x1000\",\"callTrace\":\"C:\\\\\\\\Windows\\\\\\\\SYSTEM32\\\\\\\\ntdll.dll+9dad4|C:\\\\\\\\Windows\\\\\\\\System32\\\\\\\\KERNELBASE.dll+6b226|c:\\\\\\\\windows\\\\\\\\system32\\\\\\\\lsm.dll+ed18|c:\\\\\\\\windows\\\\\\\\system32\\\\\\\\lsm.dll+e18b|c:\\\\\\\\windows\\\\\\\\system32\\\\\\\\lsm.dll+11f3e|C:\\\\\\\\Windows\\\\\\\\System32\\\\\\\\RPCRT4.dll+7d7d3|C:\\\\\\\\Windows\\\\\\\\System32\\\\\\\\RPCRT4.dll+ddeeb|C:\\\\\\\\Windows\\\\\\\\System32\\\\\\\\RPCRT4.dll+5de3c|C:\\\\\\\\Windows\\\\\\\\System32\\\\\\\\RPCRT4.dll+5a8a8|C:\\\\\\\\Windows\\\\\\\\System32\\\\\\\\RPCRT4.dll+35106|C:\\\\\\\\Windows\\\\\\\\System32\\\\\\\\RPCRT4.dll+34a58|C:\\\\\\\\Windows\\\\\\\\System32\\\\\\\\RPCRT4.dll+41c7f|C:\\\\\\\\Windows\\\\\\\\System32\\\\\\\\RPCRT4.dll+41088|C:\\\\\\\\Windows\\\\\\\\System32\\\\\\\\RPCRT4.dll+40671|C:\\\\\\\\Windows\\\\\\\\System32\\\\\\\\RPCRT4.dll+400de|C:\\\\\\\\Windows\\\\\\\\System32\\\\\\\\RPCRT4.dll+44732|C:\\\\\\\\Windows\\\\\\\\SYSTEM32\\\\\\\\ntdll.dll+20330|C:\\\\\\\\Windows\\\\\\\\SYSTEM32\\\\\\\\ntdll.dll+4d566|C:\\\\\\\\Windows\\\\\\\\System32\\\\\\\\KERNEL32.DLL+17374|C:\\\\\\\\Windows\\\\\\\\SYSTEM32\\\\\\\\ntdll.dll+4cc91\",\"sourceUser\":\"NT AUTHORITY\\\\\\\\SYSTEM\",\"targetUser\":\"NT AUTHORITY\\\\\\\\SYSTEM\"}}}"}}, {"_index": "wazuh-archives-4.x-2026.04.06", "_id": "mMfyYp0BNKZv-1o_F95E", "_source": {"agent": {"ip": "192.168.211.22", "name": "win10_test", "id": "004"}, "manager": {"name": "kid"}, "decoder": {"name": "windows_eventchannel"}, "location": "EventChannel", "@timestamp": "2026-04-06T13:18:38.998Z", "timestamp": "2026-04-06T13:18:38.998+0000", "id": "1775481518.2988433", "data": {"win": {"eventdata": {"sourceThreadId": "3460", "grantedAccess": "0x1000", "targetProcessGUID": "{81af8987-68d6-69d3-0c00-000000001100}", "targetProcessId": "668", "utcTime": "2026-04-06 13:18:41.172", "sourceUser": "NT AUTHORITY\\\\SYSTEM", "sourceProcessId": "780", "sourceImage": "C:\\\\Windows\\\\system32\\\\svchost.exe", "targetImage": "C:\\\\Windows\\\\system32\\\\lsass.exe", "sourceProcessGUID": "{81af8987-68d7-69d3-0d00-000000001100}", "callTrace": "C:\\\\Windows\\\\SYSTEM32\\\\ntdll.dll+9dad4|C:\\\\Windows\\\\System32\\\\KERNELBASE.dll+6b226|c:\\\\windows\\\\system32\\\\lsm.dll+ed18|c:\\\\windows\\\\system32\\\\lsm.dll+11e38|C:\\\\Windows\\\\System32\\\\RPCRT4.dll+7d7d3|C:\\\\Windows\\\\System32\\\\RPCRT4.dll+ddeeb|C:\\\\Windows\\\\System32\\\\RPCRT4.dll+5de3c|C:\\\\Windows\\\\System32\\\\RPCRT4.dll+5a8a8|C:\\\\Windows\\\\System32\\\\RPCRT4.dll+35106|C:\\\\Windows\\\\System32\\\\RPCRT4.dll+34a58|C:\\\\Windows\\\\System32\\\\RPCRT4.dll+41c7f|C:\\\\Windows\\\\System32\\\\RPCRT4.dll+41088|C:\\\\Windows\\\\System32\\\\RPCRT4.dll+40671|C:\\\\Windows\\\\System32\\\\RPCRT4.dll+400de|C:\\\\Windows\\\\System32\\\\RPCRT4.dll+44732|C:\\\\Windows\\\\SYSTEM32\\\\ntdll.dll+20330|C:\\\\Windows\\\\SYSTEM32\\\\ntdll.dll+4d566|C:\\\\Windows\\\\System32\\\\KERNEL32.DLL+17374|C:\\\\Windows\\\\SYSTEM32\\\\ntdll.dll+4cc91", "targetUser": "NT AUTHORITY\\\\SYSTEM"}, "system": {"eventID": "10", "keywords": "0x8000000000000000", "providerGuid": "{5770385f-c22a-43e0-bf4c-06f5698ffbd9}", "level": "4", "channel": "Microsoft-Windows-Sysmon/Operational", "opcode": "0", "message": "\"Process accessed:\r\nRuleName: -\r\nUtcTime: 2026-04-06 13:18:41.172\r\nSourceProcessGUID: {81af8987-68d7-69d3-0d00-000000001100}\r\nSourceProcessId: 780\r\nSourceThreadId: 3460\r\nSourceImage: C:\\Windows\\system32\\svchost.exe\r\nTargetProcessGUID: {81af8987-68d6-69d3-0c00-000000001100}\r\nTargetProcessId: 668\r\nTargetImage: C:\\Windows\\system32\\lsass.exe\r\nGrantedAccess: 0x1000\r\nCallTrace: C:\\Windows\\SYSTEM32\\ntdll.dll+9dad4|C:\\Windows\\System32\\KERNELBASE.dll+6b226|c:\\windows\\system32\\lsm.dll+ed18|c:\\windows\\system32\\lsm.dll+11e38|C:\\Windows\\System32\\RPCRT4.dll+7d7d3|C:\\Windows\\System32\\RPCRT4.dll+ddeeb|C:\\Windows\\System32\\RPCRT4.dll+5de3c|C:\\Windows\\System32\\RPCRT4.dll+5a8a8|C:\\Windows\\System32\\RPCRT4.dll+35106|C:\\Windows\\System32\\RPCRT4.dll+34a58|C:\\Windows\\System32\\RPCRT4.dll+41c7f|C:\\Windows\\System32\\RPCRT4.dll+41088|C:\\Windows\\System32\\RPCRT4.dll+40671|C:\\Windows\\System32\\RPCRT4.dll+400de|C:\\Windows\\System32\\RPCRT4.dll+44732|C:\\Windows\\SYSTEM32\\ntdll.dll+20330|C:\\Windows\\SYSTEM32\\ntdll.dll+4d566|C:\\Windows\\System32\\KERNEL32.DLL+17374|C:\\Windows\\SYSTEM32\\ntdll.dll+4cc91\r\nSourceUser: NT AUTHORITY\\SYSTEM\r\nTargetUser: NT AUTHORITY\\SYSTEM\"", "version": "3", "systemTime": "2026-04-06T13:18:41.1764862Z", "eventRecordID": "19093", "threadID": "4004", "computer": "DESKTOP-B8DA6QM", "task": "10", "processID": "2724", "severityValue": "INFORMATION", "providerName": "Microsoft-Windows-Sysmon"}}}, "full_log": "{\"win\":{\"system\":{\"providerName\":\"Microsoft-Windows-Sysmon\",\"providerGuid\":\"{5770385f-c22a-43e0-bf4c-06f5698ffbd9}\",\"eventID\":\"10\",\"version\":\"3\",\"level\":\"4\",\"task\":\"10\",\"opcode\":\"0\",\"keywords\":\"0x8000000000000000\",\"systemTime\":\"2026-04-06T13:18:41.1764862Z\",\"eventRecordID\":\"19093\",\"processID\":\"2724\",\"threadID\":\"4004\",\"channel\":\"Microsoft-Windows-Sysmon/Operational\",\"computer\":\"DESKTOP-B8DA6QM\",\"severityValue\":\"INFORMATION\",\"message\":\"\\\"Process accessed:\\r\\nRuleName: -\\r\\nUtcTime: 2026-04-06 13:18:41.172\\r\\nSourceProcessGUID: {81af8987-68d7-69d3-0d00-000000001100}\\r\\nSourceProcessId: 780\\r\\nSourceThreadId: 3460\\r\\nSourceImage: C:\\\\Windows\\\\system32\\\\svchost.exe\\r\\nTargetProcessGUID: {81af8987-68d6-69d3-0c00-000000001100}\\r\\nTargetProcessId: 668\\r\\nTargetImage: C:\\\\Windows\\\\system32\\\\lsass.exe\\r\\nGrantedAccess: 0x1000\\r\\nCallTrace: C:\\\\Windows\\\\SYSTEM32\\\\ntdll.dll+9dad4|C:\\\\Windows\\\\System32\\\\KERNELBASE.dll+6b226|c:\\\\windows\\\\system32\\\\lsm.dll+ed18|c:\\\\windows\\\\system32\\\\lsm.dll+11e38|C:\\\\Windows\\\\System32\\\\RPCRT4.dll+7d7d3|C:\\\\Windows\\\\System32\\\\RPCRT4.dll+ddeeb|C:\\\\Windows\\\\System32\\\\RPCRT4.dll+5de3c|C:\\\\Windows\\\\System32\\\\RPCRT4.dll+5a8a8|C:\\\\Windows\\\\System32\\\\RPCRT4.dll+35106|C:\\\\Windows\\\\System32\\\\RPCRT4.dll+34a58|C:\\\\Windows\\\\System32\\\\RPCRT4.dll+41c7f|C:\\\\Windows\\\\System32\\\\RPCRT4.dll+41088|C:\\\\Windows\\\\System32\\\\RPCRT4.dll+40671|C:\\\\Windows\\\\System32\\\\RPCRT4.dll+400de|C:\\\\Windows\\\\System32\\\\RPCRT4.dll+44732|C:\\\\Windows\\\\SYSTEM32\\\\ntdll.dll+20330|C:\\\\Windows\\\\SYSTEM32\\\\ntdll.dll+4d566|C:\\\\Windows\\\\System32\\\\KERNEL32.DLL+17374|C:\\\\Windows\\\\SYSTEM32\\\\ntdll.dll+4cc91\\r\\nSourceUser: NT AUTHORITY\\\\SYSTEM\\r\\nTargetUser: NT AUTHORITY\\\\SYSTEM\\\"\"},\"eventdata\":{\"utcTime\":\"2026-04-06 13:18:41.172\",\"sourceProcessGUID\":\"{81af8987-68d7-69d3-0d00-000000001100}\",\"sourceProcessId\":\"780\",\"sourceThreadId\":\"3460\",\"sourceImage\":\"C:\\\\\\\\Windows\\\\\\\\system32\\\\\\\\svchost.exe\",\"targetProcessGUID\":\"{81af8987-68d6-69d3-0c00-000000001100}\",\"targetProcessId\":\"668\",\"targetImage\":\"C:\\\\\\\\Windows\\\\\\\\system32\\\\\\\\lsass.exe\",\"grantedAccess\":\"0x1000\",\"callTrace\":\"C:\\\\\\\\Windows\\\\\\\\SYSTEM32\\\\\\\\ntdll.dll+9dad4|C:\\\\\\\\Windows\\\\\\\\System32\\\\\\\\KERNELBASE.dll+6b226|c:\\\\\\\\windows\\\\\\\\system32\\\\\\\\lsm.dll+ed18|c:\\\\\\\\windows\\\\\\\\system32\\\\\\\\lsm.dll+11e38|C:\\\\\\\\Windows\\\\\\\\System32\\\\\\\\RPCRT4.dll+7d7d3|C:\\\\\\\\Windows\\\\\\\\System32\\\\\\\\RPCRT4.dll+ddeeb|C:\\\\\\\\Windows\\\\\\\\System32\\\\\\\\RPCRT4.dll+5de3c|C:\\\\\\\\Windows\\\\\\\\System32\\\\\\\\RPCRT4.dll+5a8a8|C:\\\\\\\\Windows\\\\\\\\System32\\\\\\\\RPCRT4.dll+35106|C:\\\\\\\\Windows\\\\\\\\System32\\\\\\\\RPCRT4.dll+34a58|C:\\\\\\\\Windows\\\\\\\\System32\\\\\\\\RPCRT4.dll+41c7f|C:\\\\\\\\Windows\\\\\\\\System32\\\\\\\\RPCRT4.dll+41088|C:\\\\\\\\Windows\\\\\\\\System32\\\\\\\\RPCRT4.dll+40671|C:\\\\\\\\Windows\\\\\\\\System32\\\\\\\\RPCRT4.dll+400de|C:\\\\\\\\Windows\\\\\\\\System32\\\\\\\\RPCRT4.dll+44732|C:\\\\\\\\Windows\\\\\\\\SYSTEM32\\\\\\\\ntdll.dll+20330|C:\\\\\\\\Windows\\\\\\\\SYSTEM32\\\\\\\\ntdll.dll+4d566|C:\\\\\\\\Windows\\\\\\\\System32\\\\\\\\KERNEL32.DLL+17374|C:\\\\\\\\Windows\\\\\\\\SYSTEM32\\\\\\\\ntdll.dll+4cc91\",\"sourceUser\":\"NT AUTHORITY\\\\\\\\SYSTEM\",\"targetUser\":\"NT AUTHORITY\\\\\\\\SYSTEM\"}}}"}}, {"_index": "wazuh-archives-4.x-2026.04.06", "_id": "g8ftYp0BNKZv-1o_Dt4b", "_source": {"agent": {"ip": "192.168.211.22", "name": "win10_test", "id": "004"}, "manager": {"name": "kid"}, "decoder": {"name": "windows_eventchannel"}, "location": "EventChannel", "@timestamp": "2026-04-06T13:13:13.911Z", "timestamp": "2026-04-06T13:13:13.911+0000", "id": "1775481193.2988433", "data": {"win": {"eventdata": {"sourceThreadId": "7000", "grantedAccess": "0x1000", "targetProcessGUID": "{81af8987-68d6-69d3-0c00-000000001100}", "targetProcessId": "668", "utcTime": "2026-04-06 13:13:16.097", "sourceUser": "NT AUTHORITY\\\\SYSTEM", "sourceProcessId": "3484", "sourceImage": "C:\\\\Program Files (x86)\\\\Microsoft\\\\EdgeUpdate\\\\MicrosoftEdgeUpdate.exe", "targetImage": "C:\\\\Windows\\\\system32\\\\lsass.exe", "sourceProcessGUID": "{81af8987-b16c-69d3-6502-000000001100}", "callTrace": "C:\\\\Windows\\\\SYSTEM32\\\\ntdll.dll+9dad4|C:\\\\Windows\\\\System32\\\\wow64.dll+10a15|C:\\\\Windows\\\\System32\\\\wow64.dll+90da|C:\\\\Windows\\\\System32\\\\wow64cpu.dll+17c3|C:\\\\Windows\\\\System32\\\\wow64cpu.dll+11b9|C:\\\\Windows\\\\System32\\\\wow64.dll+3989|C:\\\\Windows\\\\System32\\\\wow64.dll+337d|C:\\\\Windows\\\\SYSTEM32\\\\ntdll.dll+d3761|C:\\\\Windows\\\\SYSTEM32\\\\ntdll.dll+75e1b|C:\\\\Windows\\\\SYSTEM32\\\\ntdll.dll+75ca3|C:\\\\Windows\\\\SYSTEM32\\\\ntdll.dll+75c4e|C:\\\\Windows\\\\SYSTEM32\\\\ntdll.dll+7353c(wow64)|C:\\\\Windows\\\\System32\\\\KERNELBASE.dll+1110d8(wow64)|C:\\\\Program Files (x86)\\\\Microsoft\\\\EdgeUpdate\\\\1.3.227.11\\\\msedgeupdate.dll+1827c(wow64)|C:\\\\Program Files (x86)\\\\Microsoft\\\\EdgeUpdate\\\\1.3.227.11\\\\msedgeupdate.dll+17fcc(wow64)|C:\\\\Program Files (x86)\\\\Microsoft\\\\EdgeUpdate\\\\1.3.227.11\\\\msedgeupdate.dll+28c11(wow64)|C:\\\\Program Files (x86)\\\\Microsoft\\\\EdgeUpdate\\\\1.3.227.11\\\\msedgeupdate.dll+10eb56(wow64)|C:\\\\Program Files (x86)\\\\Microsoft\\\\EdgeUpdate\\\\1.3.227.11\\\\msedgeupdate.dll+a54e4(wow64)|C:\\\\Program Files (x86)\\\\Microsoft\\\\EdgeUpdate\\\\1.3.227.11\\\\msedgeupdate.dll+42165(wow64)|C:\\\\Program Files (x86)\\\\Microsoft\\\\EdgeUpdate\\\\1.3.227.11\\\\msedgeupdate.dll+41390(wow64)|C:\\\\Program Files (x86)\\\\Microsoft\\\\EdgeUpdate\\\\1.3.227.11\\\\msedgeupdate.dll+40eba(wow64)|C:\\\\Program Files (x86)\\\\Microsoft\\\\EdgeUpdate\\\\1.3.227.11\\\\msedgeupdate.dll+409ee(wow64)|C:\\\\Program Files (x86)\\\\Microsoft\\\\EdgeUpdate\\\\1.3.227.11\\\\msedgeupdate.dll+744f(wow64)|C:\\\\Program Files (x86)\\\\Microsoft\\\\EdgeUpdate\\\\MicrosoftEdgeUpdate.exe+98a9", "targetUser": "NT AUTHORITY\\\\SYSTEM"}, "system": {"eventID": "10", "keywords": "0x8000000000000000", "providerGuid": "{5770385f-c22a-43e0-bf4c-06f5698ffbd9}", "level": "4", "channel": "Microsoft-Windows-Sysmon/Operational", "opcode": "0", "message": "\"Process accessed:\r\nRuleName: -\r\nUtcTime: 2026-04-06 13:13:16.097\r\nSourceProcessGUID: {81af8987-b16c-69d3-6502-000000001100}\r\nSourceProcessId: 3484\r\nSourceThreadId: 7000\r\nSourceImage: C:\\Program Files (x86)\\Microsoft\\EdgeUpdate\\MicrosoftEdgeUpdate.exe\r\nTargetProcessGUID: {81af8987-68d6-69d3-0c00-000000001100}\r\nTargetProcessId: 668\r\nTargetImage: C:\\Windows\\system32\\lsass.exe\r\nGrantedAccess: 0x1000\r\nCallTrace: C:\\Windows\\SYSTEM32\\ntdll.dll+9dad4|C:\\Windows\\System32\\wow64.dll+10a15|C:\\Windows\\System32\\wow64.dll+90da|C:\\Windows\\System32\\wow64cpu.dll+17c3|C:\\Windows\\System32\\wow64cpu.dll+11b9|C:\\Windows\\System32\\wow64.dll+3989|C:\\Windows\\System32\\wow64.dll+337d|C:\\Windows\\SYSTEM32\\ntdll.dll+d3761|C:\\Windows\\SYSTEM32\\ntdll.dll+75e1b|C:\\Windows\\SYSTEM32\\ntdll.dll+75ca3|C:\\Windows\\SYSTEM32\\ntdll.dll+75c4e|C:\\Windows\\SYSTEM32\\ntdll.dll+7353c(wow64)|C:\\Windows\\System32\\KERNELBASE.dll+1110d8(wow64)|C:\\Program Files (x86)\\Microsoft\\EdgeUpdate\\1.3.227.11\\msedgeupdate.dll+1827c(wow64)|C:\\Program Files (x86)\\Microsoft\\EdgeUpdate\\1.3.227.11\\msedgeupdate.dll+17fcc(wow64)|C:\\Program Files (x86)\\Microsoft\\EdgeUpdate\\1.3.227.11\\msedgeupdate.dll+28c11(wow64)|C:\\Program Files (x86)\\Microsoft\\EdgeUpdate\\1.3.227.11\\msedgeupdate.dll+10eb56(wow64)|C:\\Program Files (x86)\\Microsoft\\EdgeUpdate\\1.3.227.11\\msedgeupdate.dll+a54e4(wow64)|C:\\Program Files (x86)\\Microsoft\\EdgeUpdate\\1.3.227.11\\msedgeupdate.dll+42165(wow64)|C:\\Program Files (x86)\\Microsoft\\EdgeUpdate\\1.3.227.11\\msedgeupdate.dll+41390(wow64)|C:\\Program Files (x86)\\Microsoft\\EdgeUpdate\\1.3.227.11\\msedgeupdate.dll+40eba(wow64)|C:\\Program Files (x86)\\Microsoft\\EdgeUpdate\\1.3.227.11\\msedgeupdate.dll+409ee(wow64)|C:\\Program Files (x86)\\Microsoft\\EdgeUpdate\\1.3.227.11\\msedgeupdate.dll+744f(wow64)|C:\\Program Files (x86)\\Microsoft\\EdgeUpdate\\MicrosoftEdgeUpdate.exe+98a9\r\nSourceUser: NT AUTHORITY\\SYSTEM\r\nTargetUser: NT AUTHORITY\\SYSTEM\"", "version": "3", "systemTime": "2026-04-06T13:13:16.0986576Z", "eventRecordID": "19091", "threadID": "4004", "computer": "DESKTOP-B8DA6QM", "task": "10", "processID": "2724", "severityValue": "INFORMATION", "providerName": "Microsoft-Windows-Sysmon"}}}, "full_log": "{\"win\":{\"system\":{\"providerName\":\"Microsoft-Windows-Sysmon\",\"providerGuid\":\"{5770385f-c22a-43e0-bf4c-06f5698ffbd9}\",\"eventID\":\"10\",\"version\":\"3\",\"level\":\"4\",\"task\":\"10\",\"opcode\":\"0\",\"keywords\":\"0x8000000000000000\",\"systemTime\":\"2026-04-06T13:13:16.0986576Z\",\"eventRecordID\":\"19091\",\"processID\":\"2724\",\"threadID\":\"4004\",\"channel\":\"Microsoft-Windows-Sysmon/Operational\",\"computer\":\"DESKTOP-B8DA6QM\",\"severityValue\":\"INFORMATION\",\"message\":\"\\\"Process accessed:\\r\\nRuleName: -\\r\\nUtcTime: 2026-04-06 13:13:16.097\\r\\nSourceProcessGUID: {81af8987-b16c-69d3-6502-000000001100}\\r\\nSourceProcessId: 3484\\r\\nSourceThreadId: 7000\\r\\nSourceImage: C:\\\\Program Files (x86)\\\\Microsoft\\\\EdgeUpdate\\\\MicrosoftEdgeUpdate.exe\\r\\nTargetProcessGUID: {81af8987-68d6-69d3-0c00-000000001100}\\r\\nTargetProcessId: 668\\r\\nTargetImage: C:\\\\Windows\\\\system32\\\\lsass.exe\\r\\nGrantedAccess: 0x1000\\r\\nCallTrace: C:\\\\Windows\\\\SYSTEM32\\\\ntdll.dll+9dad4|C:\\\\Windows\\\\System32\\\\wow64.dll+10a15|C:\\\\Windows\\\\System32\\\\wow64.dll+90da|C:\\\\Windows\\\\System32\\\\wow64cpu.dll+17c3|C:\\\\Windows\\\\System32\\\\wow64cpu.dll+11b9|C:\\\\Windows\\\\System32\\\\wow64.dll+3989|C:\\\\Windows\\\\System32\\\\wow64.dll+337d|C:\\\\Windows\\\\SYSTEM32\\\\ntdll.dll+d3761|C:\\\\Windows\\\\SYSTEM32\\\\ntdll.dll+75e1b|C:\\\\Windows\\\\SYSTEM32\\\\ntdll.dll+75ca3|C:\\\\Windows\\\\SYSTEM32\\\\ntdll.dll+75c4e|C:\\\\Windows\\\\SYSTEM32\\\\ntdll.dll+7353c(wow64)|C:\\\\Windows\\\\System32\\\\KERNELBASE.dll+1110d8(wow64)|C:\\\\Program Files (x86)\\\\Microsoft\\\\EdgeUpdate\\\\1.3.227.11\\\\msedgeupdate.dll+1827c(wow64)|C:\\\\Program Files (x86)\\\\Microsoft\\\\EdgeUpdate\\\\1.3.227.11\\\\msedgeupdate.dll+17fcc(wow64)|C:\\\\Program Files (x86)\\\\Microsoft\\\\EdgeUpdate\\\\1.3.227.11\\\\msedgeupdate.dll+28c11(wow64)|C:\\\\Program Files (x86)\\\\Microsoft\\\\EdgeUpdate\\\\1.3.227.11\\\\msedgeupdate.dll+10eb56(wow64)|C:\\\\Program Files (x86)\\\\Microsoft\\\\EdgeUpdate\\\\1.3.227.11\\\\msedgeupdate.dll+a54e4(wow64)|C:\\\\Program Files (x86)\\\\Microsoft\\\\EdgeUpdate\\\\1.3.227.11\\\\msedgeupdate.dll+42165(wow64)|C:\\\\Program Files (x86)\\\\Microsoft\\\\EdgeUpdate\\\\1.3.227.11\\\\msedgeupdate.dll+41390(wow64)|C:\\\\Program Files (x86)\\\\Microsoft\\\\EdgeUpdate\\\\1.3.227.11\\\\msedgeupdate.dll+40eba(wow64)|C:\\\\Program Files (x86)\\\\Microsoft\\\\EdgeUpdate\\\\1.3.227.11\\\\msedgeupdate.dll+409ee(wow64)|C:\\\\Program Files (x86)\\\\Microsoft\\\\EdgeUpdate\\\\1.3.227.11\\\\msedgeupdate.dll+744f(wow64)|C:\\\\Program Files (x86)\\\\Microsoft\\\\EdgeUpdate\\\\MicrosoftEdgeUpdate.exe+98a9\\r\\nSourceUser: NT AUTHORITY\\\\SYSTEM\\r\\nTargetUser: NT AUTHORITY\\\\SYSTEM\\\"\"},\"eventdata\":{\"utcTime\":\"2026-04-06 13:13:16.097\",\"sourceProcessGUID\":\"{81af8987-b16c-69d3-6502-000000001100}\",\"sourceProcessId\":\"3484\",\"sourceThreadId\":\"7000\",\"sourceImage\":\"C:\\\\\\\\Program Files (x86)\\\\\\\\Microsoft\\\\\\\\EdgeUpdate\\\\\\\\MicrosoftEdgeUpdate.exe\",\"targetProcessGUID\":\"{81af8987-68d6-69d3-0c00-000000001100}\",\"targetProcessId\":\"668\",\"targetImage\":\"C:\\\\\\\\Windows\\\\\\\\system32\\\\\\\\lsass.exe\",\"grantedAccess\":\"0x1000\",\"callTrace\":\"C:\\\\\\\\Windows\\\\\\\\SYSTEM32\\\\\\\\ntdll.dll+9dad4|C:\\\\\\\\Windows\\\\\\\\System32\\\\\\\\wow64.dll+10a15|C:\\\\\\\\Windows\\\\\\\\System32\\\\\\\\wow64.dll+90da|C:\\\\\\\\Windows\\\\\\\\System32\\\\\\\\wow64cpu.dll+17c3|C:\\\\\\\\Windows\\\\\\\\System32\\\\\\\\wow64cpu.dll+11b9|C:\\\\\\\\Windows\\\\\\\\System32\\\\\\\\wow64.dll+3989|C:\\\\\\\\Windows\\\\\\\\System32\\\\\\\\wow64.dll+337d|C:\\\\\\\\Windows\\\\\\\\SYSTEM32\\\\\\\\ntdll.dll+d3761|C:\\\\\\\\Windows\\\\\\\\SYSTEM32\\\\\\\\ntdll.dll+75e1b|C:\\\\\\\\Windows\\\\\\\\SYSTEM32\\\\\\\\ntdll.dll+75ca3|C:\\\\\\\\Windows\\\\\\\\SYSTEM32\\\\\\\\ntdll.dll+75c4e|C:\\\\\\\\Windows\\\\\\\\SYSTEM32\\\\\\\\ntdll.dll+7353c(wow64)|C:\\\\\\\\Windows\\\\\\\\System32\\\\\\\\KERNELBASE.dll+1110d8(wow64)|C:\\\\\\\\Program Files (x86)\\\\\\\\Microsoft\\\\\\\\EdgeUpdate\\\\\\\\1.3.227.11\\\\\\\\msedgeupdate.dll+1827c(wow64)|C:\\\\\\\\Program Files (x86)\\\\\\\\Microsoft\\\\\\\\EdgeUpdate\\\\\\\\1.3.227.11\\\\\\\\msedgeupdate.dll+17fcc(wow64)|C:\\\\\\\\Program Files (x86)\\\\\\\\Microsoft\\\\\\\\EdgeUpdate\\\\\\\\1.3.227.11\\\\\\\\msedgeupdate.dll+28c11(wow64)|C:\\\\\\\\Program Files (x86)\\\\\\\\Microsoft\\\\\\\\EdgeUpdate\\\\\\\\1.3.227.11\\\\\\\\msedgeupdate.dll+10eb56(wow64)|C:\\\\\\\\Program Files (x86)\\\\\\\\Microsoft\\\\\\\\EdgeUpdate\\\\\\\\1.3.227.11\\\\\\\\msedgeupdate.dll+a54e4(wow64)|C:\\\\\\\\Program Files (x86)\\\\\\\\Microsoft\\\\\\\\EdgeUpdate\\\\\\\\1.3.227.11\\\\\\\\msedgeupdate.dll+42165(wow64)|C:\\\\\\\\Program Files (x86)\\\\\\\\Microsoft\\\\\\\\EdgeUpdate\\\\\\\\1.3.227.11\\\\\\\\msedgeupdate.dll+41390(wow64)|C:\\\\\\\\Program Files (x86)\\\\\\\\Microsoft\\\\\\\\EdgeUpdate\\\\\\\\1.3.227.11\\\\\\\\msedgeupdate.dll+40eba(wow64)|C:\\\\\\\\Program Files (x86)\\\\\\\\Microsoft\\\\\\\\EdgeUpdate\\\\\\\\1.3.227.11\\\\\\\\msedgeupdate.dll+409ee(wow64)|C:\\\\\\\\Program Files (x86)\\\\\\\\Microsoft\\\\\\\\EdgeUpdate\\\\\\\\1.3.227.11\\\\\\\\msedgeupdate.dll+744f(wow64)|C:\\\\\\\\Program Files (x86)\\\\\\\\Microsoft\\\\\\\\EdgeUpdate\\\\\\\\MicrosoftEdgeUpdate.exe+98a9\",\"sourceUser\":\"NT AUTHORITY\\\\\\\\SYSTEM\",\"targetUser\":\"NT AUTHORITY\\\\\\\\SYSTEM\"}}}"}}, {"_index": "wazuh-archives-4.x-2026.04.06", "_id": "ecfqYp0BNKZv-1o_Tt7u", "_source": {"agent": {"ip": "192.168.211.22", "name": "win10_test", "id": "004"}, "manager": {"name": "kid"}, "decoder": {"name": "windows_eventchannel"}, "location": "EventChannel", "@timestamp": "2026-04-06T13:10:05.463Z", "timestamp": "2026-04-06T13:10:05.463+0000", "id": "1775481005.2983418", "data": {"win": {"eventdata": {"sourceThreadId": "6744", "grantedAccess": "0x1000", "targetProcessGUID": "{81af8987-68d6-69d3-0c00-000000001100}", "targetProcessId": "668", "utcTime": "2026-04-06 13:10:07.644", "sourceUser": "NT AUTHORITY\\\\SYSTEM", "sourceProcessId": "6660", "sourceImage": "C:\\\\Program Files (x86)\\\\Microsoft\\\\EdgeUpdate\\\\MicrosoftEdgeUpdate.exe", "targetImage": "C:\\\\Windows\\\\system32\\\\lsass.exe", "sourceProcessGUID": "{81af8987-b0af-69d3-6402-000000001100}", "callTrace": "C:\\\\Windows\\\\SYSTEM32\\\\ntdll.dll+9dad4|C:\\\\Windows\\\\System32\\\\wow64.dll+10a15|C:\\\\Windows\\\\System32\\\\wow64.dll+90da|C:\\\\Windows\\\\System32\\\\wow64cpu.dll+17c3|C:\\\\Windows\\\\System32\\\\wow64cpu.dll+11b9|C:\\\\Windows\\\\System32\\\\wow64.dll+3989|C:\\\\Windows\\\\System32\\\\wow64.dll+337d|C:\\\\Windows\\\\SYSTEM32\\\\ntdll.dll+d3761|C:\\\\Windows\\\\SYSTEM32\\\\ntdll.dll+75e1b|C:\\\\Windows\\\\SYSTEM32\\\\ntdll.dll+75ca3|C:\\\\Windows\\\\SYSTEM32\\\\ntdll.dll+75c4e|C:\\\\Windows\\\\SYSTEM32\\\\ntdll.dll+7353c(wow64)|C:\\\\Windows\\\\System32\\\\KERNELBASE.dll+1110d8(wow64)|C:\\\\Program Files (x86)\\\\Microsoft\\\\EdgeUpdate\\\\1.3.227.11\\\\msedgeupdate.dll+1827c(wow64)|C:\\\\Program Files (x86)\\\\Microsoft\\\\EdgeUpdate\\\\1.3.227.11\\\\msedgeupdate.dll+17fcc(wow64)|C:\\\\Program Files (x86)\\\\Microsoft\\\\EdgeUpdate\\\\1.3.227.11\\\\msedgeupdate.dll+28c11(wow64)|C:\\\\Program Files (x86)\\\\Microsoft\\\\EdgeUpdate\\\\1.3.227.11\\\\msedgeupdate.dll+10eb56(wow64)|C:\\\\Program Files (x86)\\\\Microsoft\\\\EdgeUpdate\\\\1.3.227.11\\\\msedgeupdate.dll+a54e4(wow64)|C:\\\\Program Files (x86)\\\\Microsoft\\\\EdgeUpdate\\\\1.3.227.11\\\\msedgeupdate.dll+42165(wow64)|C:\\\\Program Files (x86)\\\\Microsoft\\\\EdgeUpdate\\\\1.3.227.11\\\\msedgeupdate.dll+41390(wow64)|C:\\\\Program Files (x86)\\\\Microsoft\\\\EdgeUpdate\\\\1.3.227.11\\\\msedgeupdate.dll+40eba(wow64)|C:\\\\Program Files (x86)\\\\Microsoft\\\\EdgeUpdate\\\\1.3.227.11\\\\msedgeupdate.dll+409ee(wow64)|C:\\\\Program Files (x86)\\\\Microsoft\\\\EdgeUpdate\\\\1.3.227.11\\\\msedgeupdate.dll+744f(wow64)|C:\\\\Program Files (x86)\\\\Microsoft\\\\EdgeUpdate\\\\MicrosoftEdgeUpdate.exe+98a9", "targetUser": "NT AUTHORITY\\\\SYSTEM"}, "system": {"eventID": "10", "keywords": "0x8000000000000000", "providerGuid": "{5770385f-c22a-43e0-bf4c-06f5698ffbd9}", "level": "4", "channel": "Microsoft-Windows-Sysmon/Operational", "opcode": "0", "message": "\"Process accessed:\r\nRuleName: -\r\nUtcTime: 2026-04-06 13:10:07.644\r\nSourceProcessGUID: {81af8987-b0af-69d3-6402-000000001100}\r\nSourceProcessId: 6660\r\nSourceThreadId: 6744\r\nSourceImage: C:\\Program Files (x86)\\Microsoft\\EdgeUpdate\\MicrosoftEdgeUpdate.exe\r\nTargetProcessGUID: {81af8987-68d6-69d3-0c00-000000001100}\r\nTargetProcessId: 668\r\nTargetImage: C:\\Windows\\system32\\lsass.exe\r\nGrantedAccess: 0x1000\r\nCallTrace: C:\\Windows\\SYSTEM32\\ntdll.dll+9dad4|C:\\Windows\\System32\\wow64.dll+10a15|C:\\Windows\\System32\\wow64.dll+90da|C:\\Windows\\System32\\wow64cpu.dll+17c3|C:\\Windows\\System32\\wow64cpu.dll+11b9|C:\\Windows\\System32\\wow64.dll+3989|C:\\Windows\\System32\\wow64.dll+337d|C:\\Windows\\SYSTEM32\\ntdll.dll+d3761|C:\\Windows\\SYSTEM32\\ntdll.dll+75e1b|C:\\Windows\\SYSTEM32\\ntdll.dll+75ca3|C:\\Windows\\SYSTEM32\\ntdll.dll+75c4e|C:\\Windows\\SYSTEM32\\ntdll.dll+7353c(wow64)|C:\\Windows\\System32\\KERNELBASE.dll+1110d8(wow64)|C:\\Program Files (x86)\\Microsoft\\EdgeUpdate\\1.3.227.11\\msedgeupdate.dll+1827c(wow64)|C:\\Program Files (x86)\\Microsoft\\EdgeUpdate\\1.3.227.11\\msedgeupdate.dll+17fcc(wow64)|C:\\Program Files (x86)\\Microsoft\\EdgeUpdate\\1.3.227.11\\msedgeupdate.dll+28c11(wow64)|C:\\Program Files (x86)\\Microsoft\\EdgeUpdate\\1.3.227.11\\msedgeupdate.dll+10eb56(wow64)|C:\\Program Files (x86)\\Microsoft\\EdgeUpdate\\1.3.227.11\\msedgeupdate.dll+a54e4(wow64)|C:\\Program Files (x86)\\Microsoft\\EdgeUpdate\\1.3.227.11\\msedgeupdate.dll+42165(wow64)|C:\\Program Files (x86)\\Microsoft\\EdgeUpdate\\1.3.227.11\\msedgeupdate.dll+41390(wow64)|C:\\Program Files (x86)\\Microsoft\\EdgeUpdate\\1.3.227.11\\msedgeupdate.dll+40eba(wow64)|C:\\Program Files (x86)\\Microsoft\\EdgeUpdate\\1.3.227.11\\msedgeupdate.dll+409ee(wow64)|C:\\Program Files (x86)\\Microsoft\\EdgeUpdate\\1.3.227.11\\msedgeupdate.dll+744f(wow64)|C:\\Program Files (x86)\\Microsoft\\EdgeUpdate\\MicrosoftEdgeUpdate.exe+98a9\r\nSourceUser: NT AUTHORITY\\SYSTEM\r\nTargetUser: NT AUTHORITY\\SYSTEM\"", "version": "3", "systemTime": "2026-04-06T13:10:07.6594573Z", "eventRecordID": "19089", "threadID": "4004", "computer": "DESKTOP-B8DA6QM", "task": "10", "processID": "2724", "severityValue": "INFORMATION", "providerName": "Microsoft-Windows-Sysmon"}}}, "full_log": "{\"win\":{\"system\":{\"providerName\":\"Microsoft-Windows-Sysmon\",\"providerGuid\":\"{5770385f-c22a-43e0-bf4c-06f5698ffbd9}\",\"eventID\":\"10\",\"version\":\"3\",\"level\":\"4\",\"task\":\"10\",\"opcode\":\"0\",\"keywords\":\"0x8000000000000000\",\"systemTime\":\"2026-04-06T13:10:07.6594573Z\",\"eventRecordID\":\"19089\",\"processID\":\"2724\",\"threadID\":\"4004\",\"channel\":\"Microsoft-Windows-Sysmon/Operational\",\"computer\":\"DESKTOP-B8DA6QM\",\"severityValue\":\"INFORMATION\",\"message\":\"\\\"Process accessed:\\r\\nRuleName: -\\r\\nUtcTime: 2026-04-06 13:10:07.644\\r\\nSourceProcessGUID: {81af8987-b0af-69d3-6402-000000001100}\\r\\nSourceProcessId: 6660\\r\\nSourceThreadId: 6744\\r\\nSourceImage: C:\\\\Program Files (x86)\\\\Microsoft\\\\EdgeUpdate\\\\MicrosoftEdgeUpdate.exe\\r\\nTargetProcessGUID: {81af8987-68d6-69d3-0c00-000000001100}\\r\\nTargetProcessId: 668\\r\\nTargetImage: C:\\\\Windows\\\\system32\\\\lsass.exe\\r\\nGrantedAccess: 0x1000\\r\\nCallTrace: C:\\\\Windows\\\\SYSTEM32\\\\ntdll.dll+9dad4|C:\\\\Windows\\\\System32\\\\wow64.dll+10a15|C:\\\\Windows\\\\System32\\\\wow64.dll+90da|C:\\\\Windows\\\\System32\\\\wow64cpu.dll+17c3|C:\\\\Windows\\\\System32\\\\wow64cpu.dll+11b9|C:\\\\Windows\\\\System32\\\\wow64.dll+3989|C:\\\\Windows\\\\System32\\\\wow64.dll+337d|C:\\\\Windows\\\\SYSTEM32\\\\ntdll.dll+d3761|C:\\\\Windows\\\\SYSTEM32\\\\ntdll.dll+75e1b|C:\\\\Windows\\\\SYSTEM32\\\\ntdll.dll+75ca3|C:\\\\Windows\\\\SYSTEM32\\\\ntdll.dll+75c4e|C:\\\\Windows\\\\SYSTEM32\\\\ntdll.dll+7353c(wow64)|C:\\\\Windows\\\\System32\\\\KERNELBASE.dll+1110d8(wow64)|C:\\\\Program Files (x86)\\\\Microsoft\\\\EdgeUpdate\\\\1.3.227.11\\\\msedgeupdate.dll+1827c(wow64)|C:\\\\Program Files (x86)\\\\Microsoft\\\\EdgeUpdate\\\\1.3.227.11\\\\msedgeupdate.dll+17fcc(wow64)|C:\\\\Program Files (x86)\\\\Microsoft\\\\EdgeUpdate\\\\1.3.227.11\\\\msedgeupdate.dll+28c11(wow64)|C:\\\\Program Files (x86)\\\\Microsoft\\\\EdgeUpdate\\\\1.3.227.11\\\\msedgeupdate.dll+10eb56(wow64)|C:\\\\Program Files (x86)\\\\Microsoft\\\\EdgeUpdate\\\\1.3.227.11\\\\msedgeupdate.dll+a54e4(wow64)|C:\\\\Program Files (x86)\\\\Microsoft\\\\EdgeUpdate\\\\1.3.227.11\\\\msedgeupdate.dll+42165(wow64)|C:\\\\Program Files (x86)\\\\Microsoft\\\\EdgeUpdate\\\\1.3.227.11\\\\msedgeupdate.dll+41390(wow64)|C:\\\\Program Files (x86)\\\\Microsoft\\\\EdgeUpdate\\\\1.3.227.11\\\\msedgeupdate.dll+40eba(wow64)|C:\\\\Program Files (x86)\\\\Microsoft\\\\EdgeUpdate\\\\1.3.227.11\\\\msedgeupdate.dll+409ee(wow64)|C:\\\\Program Files (x86)\\\\Microsoft\\\\EdgeUpdate\\\\1.3.227.11\\\\msedgeupdate.dll+744f(wow64)|C:\\\\Program Files (x86)\\\\Microsoft\\\\EdgeUpdate\\\\MicrosoftEdgeUpdate.exe+98a9\\r\\nSourceUser: NT AUTHORITY\\\\SYSTEM\\r\\nTargetUser: NT AUTHORITY\\\\SYSTEM\\\"\"},\"eventdata\":{\"utcTime\":\"2026-04-06 13:10:07.644\",\"sourceProcessGUID\":\"{81af8987-b0af-69d3-6402-000000001100}\",\"sourceProcessId\":\"6660\",\"sourceThreadId\":\"6744\",\"sourceImage\":\"C:\\\\\\\\Program Files (x86)\\\\\\\\Microsoft\\\\\\\\EdgeUpdate\\\\\\\\MicrosoftEdgeUpdate.exe\",\"targetProcessGUID\":\"{81af8987-68d6-69d3-0c00-000000001100}\",\"targetProcessId\":\"668\",\"targetImage\":\"C:\\\\\\\\Windows\\\\\\\\system32\\\\\\\\lsass.exe\",\"grantedAccess\":\"0x1000\",\"callTrace\":\"C:\\\\\\\\Windows\\\\\\\\SYSTEM32\\\\\\\\ntdll.dll+9dad4|C:\\\\\\\\Windows\\\\\\\\System32\\\\\\\\wow64.dll+10a15|C:\\\\\\\\Windows\\\\\\\\System32\\\\\\\\wow64.dll+90da|C:\\\\\\\\Windows\\\\\\\\System32\\\\\\\\wow64cpu.dll+17c3|C:\\\\\\\\Windows\\\\\\\\System32\\\\\\\\wow64cpu.dll+11b9|C:\\\\\\\\Windows\\\\\\\\System32\\\\\\\\wow64.dll+3989|C:\\\\\\\\Windows\\\\\\\\System32\\\\\\\\wow64.dll+337d|C:\\\\\\\\Windows\\\\\\\\SYSTEM32\\\\\\\\ntdll.dll+d3761|C:\\\\\\\\Windows\\\\\\\\SYSTEM32\\\\\\\\ntdll.dll+75e1b|C:\\\\\\\\Windows\\\\\\\\SYSTEM32\\\\\\\\ntdll.dll+75ca3|C:\\\\\\\\Windows\\\\\\\\SYSTEM32\\\\\\\\ntdll.dll+75c4e|C:\\\\\\\\Windows\\\\\\\\SYSTEM32\\\\\\\\ntdll.dll+7353c(wow64)|C:\\\\\\\\Windows\\\\\\\\System32\\\\\\\\KERNELBASE.dll+1110d8(wow64)|C:\\\\\\\\Program Files (x86)\\\\\\\\Microsoft\\\\\\\\EdgeUpdate\\\\\\\\1.3.227.11\\\\\\\\msedgeupdate.dll+1827c(wow64)|C:\\\\\\\\Program Files (x86)\\\\\\\\Microsoft\\\\\\\\EdgeUpdate\\\\\\\\1.3.227.11\\\\\\\\msedgeupdate.dll+17fcc(wow64)|C:\\\\\\\\Program Files (x86)\\\\\\\\Microsoft\\\\\\\\EdgeUpdate\\\\\\\\1.3.227.11\\\\\\\\msedgeupdate.dll+28c11(wow64)|C:\\\\\\\\Program Files (x86)\\\\\\\\Microsoft\\\\\\\\EdgeUpdate\\\\\\\\1.3.227.11\\\\\\\\msedgeupdate.dll+10eb56(wow64)|C:\\\\\\\\Program Files (x86)\\\\\\\\Microsoft\\\\\\\\EdgeUpdate\\\\\\\\1.3.227.11\\\\\\\\msedgeupdate.dll+a54e4(wow64)|C:\\\\\\\\Program Files (x86)\\\\\\\\Microsoft\\\\\\\\EdgeUpdate\\\\\\\\1.3.227.11\\\\\\\\msedgeupdate.dll+42165(wow64)|C:\\\\\\\\Program Files (x86)\\\\\\\\Microsoft\\\\\\\\EdgeUpdate\\\\\\\\1.3.227.11\\\\\\\\msedgeupdate.dll+41390(wow64)|C:\\\\\\\\Program Files (x86)\\\\\\\\Microsoft\\\\\\\\EdgeUpdate\\\\\\\\1.3.227.11\\\\\\\\msedgeupdate.dll+40eba(wow64)|C:\\\\\\\\Program Files (x86)\\\\\\\\Microsoft\\\\\\\\EdgeUpdate\\\\\\\\1.3.227.11\\\\\\\\msedgeupdate.dll+409ee(wow64)|C:\\\\\\\\Program Files (x86)\\\\\\\\Microsoft\\\\\\\\EdgeUpdate\\\\\\\\1.3.227.11\\\\\\\\msedgeupdate.dll+744f(wow64)|C:\\\\\\\\Program Files (x86)\\\\\\\\Microsoft\\\\\\\\EdgeUpdate\\\\\\\\MicrosoftEdgeUpdate.exe+98a9\",\"sourceUser\":\"NT AUTHORITY\\\\\\\\SYSTEM\",\"targetUser\":\"NT AUTHORITY\\\\\\\\SYSTEM\"}}}"}}, 